{"C:\\Users\\Administrator\\programming\\app\\gns-hermit-comm\\src\\app\\_layout.tsx": {"path":"C:\\Users\\Administrator\\programming\\app\\gns-hermit-comm\\src\\app\\_layout.tsx","statementMap":{"0":{"start":{"line":13,"column":2},"end":{"line":13,"column":22}},"1":{"start":{"line":13,"column":15},"end":{"line":13,"column":22}},"2":{"start":{"line":14,"column":2},"end":{"line":24,"column":3}},"3":{"start":{"line":15,"column":20},"end":{"line":15,"column":48}},"4":{"start":{"line":16,"column":4},"end":{"line":16,"column":66}},"5":{"start":{"line":16,"column":59},"end":{"line":16,"column":66}},"6":{"start":{"line":17,"column":19},"end":{"line":17,"column":54}},"7":{"start":{"line":18,"column":4},"end":{"line":21,"column":5}},"8":{"start":{"line":19,"column":6},"end":{"line":19,"column":39}},"9":{"start":{"line":20,"column":6},"end":{"line":20,"column":34}},"10":{"start":{"line":28,"column":29},"end":{"line":28,"column":38}},"11":{"start":{"line":31,"column":2},"end":{"line":33,"column":9}},"12":{"start":{"line":32,"column":4},"end":{"line":32,"column":26}},"13":{"start":{"line":36,"column":2},"end":{"line":43,"column":3}},"14":{"start":{"line":37,"column":4},"end":{"line":42,"column":6}},"15":{"start":{"line":46,"column":2},"end":{"line":56,"column":3}},"16":{"start":{"line":47,"column":4},"end":{"line":55,"column":6}},"17":{"start":{"line":58,"column":2},"end":{"line":86,"column":4}}},"fnMap":{"0":{"name":"checkAndApplyUpdate","decl":{"start":{"line":12,"column":15},"end":{"line":12,"column":34}},"loc":{"start":{"line":12,"column":37},"end":{"line":25,"column":1}},"line":12},"1":{"name":"RootLayout","decl":{"start":{"line":27,"column":24},"end":{"line":27,"column":34}},"loc":{"start":{"line":27,"column":37},"end":{"line":87,"column":1}},"line":27},"2":{"name":"(anonymous_2)","decl":{"start":{"line":31,"column":12},"end":{"line":31,"column":13}},"loc":{"start":{"line":31,"column":18},"end":{"line":33,"column":3}},"line":31}},"branchMap":{"0":{"loc":{"start":{"line":13,"column":2},"end":{"line":13,"column":22}},"type":"if","locations":[{"start":{"line":13,"column":2},"end":{"line":13,"column":22}},{"start":{},"end":{}}],"line":13},"1":{"loc":{"start":{"line":16,"column":4},"end":{"line":16,"column":66}},"type":"if","locations":[{"start":{"line":16,"column":4},"end":{"line":16,"column":66}},{"start":{},"end":{}}],"line":16},"2":{"loc":{"start":{"line":18,"column":4},"end":{"line":21,"column":5}},"type":"if","locations":[{"start":{"line":18,"column":4},"end":{"line":21,"column":5}},{"start":{},"end":{}}],"line":18},"3":{"loc":{"start":{"line":36,"column":2},"end":{"line":43,"column":3}},"type":"if","locations":[{"start":{"line":36,"column":2},"end":{"line":43,"column":3}},{"start":{},"end":{}}],"line":36},"4":{"loc":{"start":{"line":46,"column":2},"end":{"line":56,"column":3}},"type":"if","locations":[{"start":{"line":46,"column":2},"end":{"line":56,"column":3}},{"start":{},"end":{}}],"line":46}},"s":{"0":0,"1":0,"2":0,"3":0,"4":0,"5":0,"6":0,"7":0,"8":0,"9":0,"10":0,"11":0,"12":0,"13":0,"14":0,"15":0,"16":0,"17":0},"f":{"0":0,"1":0,"2":0},"b":{"0":[0,0],"1":[0,0],"2":[0,0],"3":[0,0],"4":[0,0]}}
,"C:\\Users\\Administrator\\programming\\app\\gns-hermit-comm\\src\\app\\(tabs)\\_layout.tsx": {"path":"C:\\Users\\Administrator\\programming\\app\\gns-hermit-comm\\src\\app\\(tabs)\\_layout.tsx","statementMap":{"0":{"start":{"line":8,"column":17},"end":{"line":8,"column":36}},"1":{"start":{"line":10,"column":4},"end":{"line":10,"column":84}},"2":{"start":{"line":11,"column":23},"end":{"line":11,"column":70}},"3":{"start":{"line":13,"column":2},"end":{"line":64,"column":4}},"4":{"start":{"line":38,"column":37},"end":{"line":38,"column":93}},"5":{"start":{"line":46,"column":37},"end":{"line":46,"column":95}},"6":{"start":{"line":60,"column":37},"end":{"line":60,"column":97}}},"fnMap":{"0":{"name":"TabLayout","decl":{"start":{"line":7,"column":24},"end":{"line":7,"column":33}},"loc":{"start":{"line":7,"column":36},"end":{"line":65,"column":1}},"line":7},"1":{"name":"(anonymous_1)","decl":{"start":{"line":38,"column":22},"end":{"line":38,"column":23}},"loc":{"start":{"line":38,"column":37},"end":{"line":38,"column":93}},"line":38},"2":{"name":"(anonymous_2)","decl":{"start":{"line":46,"column":22},"end":{"line":46,"column":23}},"loc":{"start":{"line":46,"column":37},"end":{"line":46,"column":95}},"line":46},"3":{"name":"(anonymous_3)","decl":{"start":{"line":60,"column":22},"end":{"line":60,"column":23}},"loc":{"start":{"line":60,"column":37},"end":{"line":60,"column":97}},"line":60}},"branchMap":{"0":{"loc":{"start":{"line":10,"column":4},"end":{"line":10,"column":84}},"type":"cond-expr","locations":[{"start":{"line":10,"column":28},"end":{"line":10,"column":55}},{"start":{"line":10,"column":58},"end":{"line":10,"column":84}}],"line":10},"1":{"loc":{"start":{"line":11,"column":23},"end":{"line":11,"column":70}},"type":"cond-expr","locations":[{"start":{"line":11,"column":47},"end":{"line":11,"column":49}},{"start":{"line":11,"column":52},"end":{"line":11,"column":70}}],"line":11}},"s":{"0":0,"1":0,"2":0,"3":0,"4":0,"5":0,"6":0},"f":{"0":0,"1":0,"2":0,"3":0},"b":{"0":[0,0],"1":[0,0]}}
,"C:\\Users\\Administrator\\programming\\app\\gns-hermit-comm\\src\\app\\(tabs)\\create.tsx": {"path":"C:\\Users\\Administrator\\programming\\app\\gns-hermit-comm\\src\\app\\(tabs)\\create.tsx","statementMap":{"0":{"start":{"line":29,"column":25},"end":{"line":36,"column":2}},"1":{"start":{"line":41,"column":19},"end":{"line":41,"column":20}},"2":{"start":{"line":42,"column":17},"end":{"line":42,"column":28}},"3":{"start":{"line":43,"column":22},"end":{"line":43,"column":38}},"4":{"start":{"line":44,"column":57},"end":{"line":44,"column":68}},"5":{"start":{"line":45,"column":19},"end":{"line":45,"column":28}},"6":{"start":{"line":46,"column":17},"end":{"line":46,"column":36}},"7":{"start":{"line":47,"column":21},"end":{"line":47,"column":42}},"8":{"start":{"line":48,"column":27},"end":{"line":48,"column":38}},"9":{"start":{"line":49,"column":34},"end":{"line":49,"column":49}},"10":{"start":{"line":56,"column":6},"end":{"line":63,"column":4}},"11":{"start":{"line":65,"column":2},"end":{"line":67,"column":30}},"12":{"start":{"line":66,"column":4},"end":{"line":66,"column":53}},"13":{"start":{"line":66,"column":21},"end":{"line":66,"column":53}},"14":{"start":{"line":69,"column":19},"end":{"line":108,"column":3}},"15":{"start":{"line":70,"column":4},"end":{"line":107,"column":5}},"16":{"start":{"line":71,"column":20},"end":{"line":71,"column":58}},"17":{"start":{"line":71,"column":40},"end":{"line":71,"column":57}},"18":{"start":{"line":72,"column":23},"end":{"line":72,"column":56}},"19":{"start":{"line":74,"column":24},"end":{"line":74,"column":49}},"20":{"start":{"line":76,"column":43},"end":{"line":82,"column":8}},"21":{"start":{"line":84,"column":6},"end":{"line":91,"column":9}},"22":{"start":{"line":93,"column":6},"end":{"line":95,"column":7}},"23":{"start":{"line":94,"column":8},"end":{"line":94,"column":36}},"24":{"start":{"line":97,"column":6},"end":{"line":97,"column":76}},"25":{"start":{"line":99,"column":6},"end":{"line":104,"column":9}},"26":{"start":{"line":102,"column":25},"end":{"line":102,"column":47}},"27":{"start":{"line":106,"column":6},"end":{"line":106,"column":43}},"28":{"start":{"line":110,"column":2},"end":{"line":239,"column":4}},"29":{"start":{"line":129,"column":28},"end":{"line":129,"column":66}},"30":{"start":{"line":129,"column":48},"end":{"line":129,"column":65}},"31":{"start":{"line":130,"column":14},"end":{"line":130,"column":51}},"32":{"start":{"line":130,"column":39},"end":{"line":130,"column":51}},"33":{"start":{"line":131,"column":14},"end":{"line":135,"column":16}},"34":{"start":{"line":144,"column":16},"end":{"line":151,"column":18}},"35":{"start":{"line":159,"column":16},"end":{"line":168,"column":18}},"36":{"start":{"line":176,"column":16},"end":{"line":183,"column":18}},"37":{"start":{"line":189,"column":30},"end":{"line":189,"column":68}},"38":{"start":{"line":189,"column":50},"end":{"line":189,"column":67}},"39":{"start":{"line":190,"column":33},"end":{"line":190,"column":66}},"40":{"start":{"line":192,"column":16},"end":{"line":198,"column":17}},"41":{"start":{"line":193,"column":18},"end":{"line":197,"column":20}},"42":{"start":{"line":200,"column":16},"end":{"line":206,"column":17}},"43":{"start":{"line":201,"column":18},"end":{"line":205,"column":20}},"44":{"start":{"line":208,"column":16},"end":{"line":221,"column":18}},"45":{"start":{"line":210,"column":35},"end":{"line":210,"column":63}},"46":{"start":{"line":210,"column":57},"end":{"line":210,"column":62}}},"fnMap":{"0":{"name":"CreateScreen","decl":{"start":{"line":40,"column":24},"end":{"line":40,"column":36}},"loc":{"start":{"line":40,"column":39},"end":{"line":240,"column":1}},"line":40},"1":{"name":"(anonymous_1)","decl":{"start":{"line":65,"column":12},"end":{"line":65,"column":13}},"loc":{"start":{"line":65,"column":18},"end":{"line":67,"column":3}},"line":65},"2":{"name":"(anonymous_2)","decl":{"start":{"line":69,"column":19},"end":{"line":69,"column":20}},"loc":{"start":{"line":69,"column":51},"end":{"line":108,"column":3}},"line":69},"3":{"name":"(anonymous_3)","decl":{"start":{"line":71,"column":33},"end":{"line":71,"column":34}},"loc":{"start":{"line":71,"column":40},"end":{"line":71,"column":57}},"line":71},"4":{"name":"(anonymous_4)","decl":{"start":{"line":102,"column":19},"end":{"line":102,"column":20}},"loc":{"start":{"line":102,"column":25},"end":{"line":102,"column":47}},"line":102},"5":{"name":"(anonymous_5)","decl":{"start":{"line":128,"column":14},"end":{"line":128,"column":15}},"loc":{"start":{"line":128,"column":20},"end":{"line":136,"column":13}},"line":128},"6":{"name":"(anonymous_6)","decl":{"start":{"line":129,"column":41},"end":{"line":129,"column":42}},"loc":{"start":{"line":129,"column":48},"end":{"line":129,"column":65}},"line":129},"7":{"name":"(anonymous_7)","decl":{"start":{"line":143,"column":22},"end":{"line":143,"column":23}},"loc":{"start":{"line":144,"column":16},"end":{"line":151,"column":18}},"line":144},"8":{"name":"(anonymous_8)","decl":{"start":{"line":158,"column":22},"end":{"line":158,"column":23}},"loc":{"start":{"line":159,"column":16},"end":{"line":168,"column":18}},"line":159},"9":{"name":"(anonymous_9)","decl":{"start":{"line":175,"column":22},"end":{"line":175,"column":23}},"loc":{"start":{"line":176,"column":16},"end":{"line":183,"column":18}},"line":176},"10":{"name":"(anonymous_10)","decl":{"start":{"line":188,"column":16},"end":{"line":188,"column":17}},"loc":{"start":{"line":188,"column":22},"end":{"line":222,"column":15}},"line":188},"11":{"name":"(anonymous_11)","decl":{"start":{"line":189,"column":43},"end":{"line":189,"column":44}},"loc":{"start":{"line":189,"column":50},"end":{"line":189,"column":67}},"line":189},"12":{"name":"(anonymous_12)","decl":{"start":{"line":210,"column":29},"end":{"line":210,"column":30}},"loc":{"start":{"line":210,"column":35},"end":{"line":210,"column":63}},"line":210},"13":{"name":"(anonymous_13)","decl":{"start":{"line":210,"column":47},"end":{"line":210,"column":48}},"loc":{"start":{"line":210,"column":57},"end":{"line":210,"column":62}},"line":210}},"branchMap":{"0":{"loc":{"start":{"line":61,"column":14},"end":{"line":61,"column":31}},"type":"binary-expr","locations":[{"start":{"line":61,"column":14},"end":{"line":61,"column":25}},{"start":{"line":61,"column":29},"end":{"line":61,"column":31}}],"line":61},"1":{"loc":{"start":{"line":66,"column":4},"end":{"line":66,"column":53}},"type":"if","locations":[{"start":{"line":66,"column":4},"end":{"line":66,"column":53}},{"start":{},"end":{}}],"line":66},"2":{"loc":{"start":{"line":72,"column":23},"end":{"line":72,"column":56}},"type":"binary-expr","locations":[{"start":{"line":72,"column":23},"end":{"line":72,"column":39}},{"start":{"line":72,"column":43},"end":{"line":72,"column":56}}],"line":72},"3":{"loc":{"start":{"line":74,"column":24},"end":{"line":74,"column":49}},"type":"binary-expr","locations":[{"start":{"line":74,"column":24},"end":{"line":74,"column":43}},{"start":{"line":74,"column":47},"end":{"line":74,"column":49}}],"line":74},"4":{"loc":{"start":{"line":79,"column":16},"end":{"line":79,"column":32}},"type":"binary-expr","locations":[{"start":{"line":79,"column":16},"end":{"line":79,"column":24}},{"start":{"line":79,"column":28},"end":{"line":79,"column":32}}],"line":79},"5":{"loc":{"start":{"line":93,"column":6},"end":{"line":95,"column":7}},"type":"if","locations":[{"start":{"line":93,"column":6},"end":{"line":95,"column":7}},{"start":{},"end":{}}],"line":93},"6":{"loc":{"start":{"line":93,"column":10},"end":{"line":93,"column":56}},"type":"binary-expr","locations":[{"start":{"line":93,"column":10},"end":{"line":93,"column":19}},{"start":{"line":93,"column":23},"end":{"line":93,"column":56}}],"line":93},"7":{"loc":{"start":{"line":93,"column":38},"end":{"line":93,"column":55}},"type":"binary-expr","locations":[{"start":{"line":93,"column":38},"end":{"line":93,"column":49}},{"start":{"line":93,"column":53},"end":{"line":93,"column":55}}],"line":93},"8":{"loc":{"start":{"line":115,"column":18},"end":{"line":115,"column":62}},"type":"cond-expr","locations":[{"start":{"line":115,"column":42},"end":{"line":115,"column":51}},{"start":{"line":115,"column":54},"end":{"line":115,"column":62}}],"line":115},"9":{"loc":{"start":{"line":116,"column":32},"end":{"line":116,"column":90}},"type":"cond-expr","locations":[{"start":{"line":116,"column":56},"end":{"line":116,"column":86}},{"start":{"line":116,"column":89},"end":{"line":116,"column":90}}],"line":116},"10":{"loc":{"start":{"line":116,"column":70},"end":{"line":116,"column":85}},"type":"cond-expr","locations":[{"start":{"line":116,"column":79},"end":{"line":116,"column":80}},{"start":{"line":116,"column":83},"end":{"line":116,"column":85}}],"line":116},"11":{"loc":{"start":{"line":122,"column":44},"end":{"line":122,"column":69}},"type":"cond-expr","locations":[{"start":{"line":122,"column":53},"end":{"line":122,"column":59}},{"start":{"line":122,"column":62},"end":{"line":122,"column":69}}],"line":122},"12":{"loc":{"start":{"line":130,"column":14},"end":{"line":130,"column":51}},"type":"if","locations":[{"start":{"line":130,"column":14},"end":{"line":130,"column":51}},{"start":{},"end":{}}],"line":130},"13":{"loc":{"start":{"line":190,"column":33},"end":{"line":190,"column":66}},"type":"binary-expr","locations":[{"start":{"line":190,"column":33},"end":{"line":190,"column":49}},{"start":{"line":190,"column":53},"end":{"line":190,"column":66}}],"line":190},"14":{"loc":{"start":{"line":192,"column":16},"end":{"line":198,"column":17}},"type":"if","locations":[{"start":{"line":192,"column":16},"end":{"line":198,"column":17}},{"start":{},"end":{}}],"line":192},"15":{"loc":{"start":{"line":200,"column":16},"end":{"line":206,"column":17}},"type":"if","locations":[{"start":{"line":200,"column":16},"end":{"line":206,"column":17}},{"start":{},"end":{}}],"line":200},"16":{"loc":{"start":{"line":214,"column":24},"end":{"line":214,"column":87}},"type":"cond-expr","locations":[{"start":{"line":214,"column":35},"end":{"line":214,"column":66}},{"start":{"line":214,"column":69},"end":{"line":214,"column":87}}],"line":214}},"s":{"0":0,"1":0,"2":0,"3":0,"4":0,"5":0,"6":0,"7":0,"8":0,"9":0,"10":0,"11":0,"12":0,"13":0,"14":0,"15":0,"16":0,"17":0,"18":0,"19":0,"20":0,"21":0,"22":0,"23":0,"24":0,"25":0,"26":0,"27":0,"28":0,"29":0,"30":0,"31":0,"32":0,"33":0,"34":0,"35":0,"36":0,"37":0,"38":0,"39":0,"40":0,"41":0,"42":0,"43":0,"44":0,"45":0,"46":0},"f":{"0":0,"1":0,"2":0,"3":0,"4":0,"5":0,"6":0,"7":0,"8":0,"9":0,"10":0,"11":0,"12":0,"13":0},"b":{"0":[0,0],"1":[0,0],"2":[0,0],"3":[0,0],"4":[0,0],"5":[0,0],"6":[0,0],"7":[0,0],"8":[0,0],"9":[0,0],"10":[0,0],"11":[0,0],"12":[0,0],"13":[0,0],"14":[0,0],"15":[0,0],"16":[0,0]}}
,"C:\\Users\\Administrator\\programming\\app\\gns-hermit-comm\\src\\app\\(tabs)\\groups.tsx": {"path":"C:\\Users\\Administrator\\programming\\app\\gns-hermit-comm\\src\\app\\(tabs)\\groups.tsx","statementMap":{},"fnMap":{},"branchMap":{},"s":{},"f":{},"b":{}}
,"C:\\Users\\Administrator\\programming\\app\\gns-hermit-comm\\src\\app\\(tabs)\\index.tsx": {"path":"C:\\Users\\Administrator\\programming\\app\\gns-hermit-comm\\src\\app\\(tabs)\\index.tsx","statementMap":{"0":{"start":{"line":23,"column":19},"end":{"line":23,"column":20}},"1":{"start":{"line":24,"column":17},"end":{"line":24,"column":28}},"2":{"start":{"line":25,"column":2},"end":{"line":25,"column":24}},"3":{"start":{"line":26,"column":49},"end":{"line":26,"column":61}},"4":{"start":{"line":27,"column":36},"end":{"line":27,"column":65}},"5":{"start":{"line":28,"column":28},"end":{"line":28,"column":48}},"6":{"start":{"line":29,"column":30},"end":{"line":29,"column":41}},"7":{"start":{"line":30,"column":32},"end":{"line":30,"column":46}},"8":{"start":{"line":31,"column":40},"end":{"line":31,"column":52}},"9":{"start":{"line":32,"column":40},"end":{"line":32,"column":52}},"10":{"start":{"line":33,"column":44},"end":{"line":33,"column":59}},"11":{"start":{"line":34,"column":23},"end":{"line":34,"column":45}},"12":{"start":{"line":35,"column":27},"end":{"line":35,"column":38}},"13":{"start":{"line":42,"column":6},"end":{"line":42,"column":40}},"14":{"start":{"line":44,"column":2},"end":{"line":50,"column":18}},"15":{"start":{"line":45,"column":4},"end":{"line":49,"column":5}},"16":{"start":{"line":46,"column":6},"end":{"line":46,"column":26}},"17":{"start":{"line":47,"column":6},"end":{"line":47,"column":34}},"18":{"start":{"line":48,"column":6},"end":{"line":48,"column":42}},"19":{"start":{"line":52,"column":2},"end":{"line":62,"column":5}},"20":{"start":{"line":54,"column":6},"end":{"line":54,"column":94}},"21":{"start":{"line":54,"column":26},"end":{"line":54,"column":91}},"22":{"start":{"line":54,"column":43},"end":{"line":54,"column":62}},"23":{"start":{"line":57,"column":6},"end":{"line":57,"column":68}},"24":{"start":{"line":57,"column":25},"end":{"line":57,"column":66}},"25":{"start":{"line":57,"column":47},"end":{"line":57,"column":65}},"26":{"start":{"line":60,"column":6},"end":{"line":60,"column":96}},"27":{"start":{"line":60,"column":25},"end":{"line":60,"column":94}},"28":{"start":{"line":60,"column":45},"end":{"line":60,"column":92}},"29":{"start":{"line":64,"column":25},"end":{"line":81,"column":57}},"30":{"start":{"line":65,"column":4},"end":{"line":65,"column":52}},"31":{"start":{"line":65,"column":45},"end":{"line":65,"column":52}},"32":{"start":{"line":67,"column":4},"end":{"line":80,"column":5}},"33":{"start":{"line":68,"column":21},"end":{"line":68,"column":84}},"34":{"start":{"line":69,"column":6},"end":{"line":71,"column":7}},"35":{"start":{"line":70,"column":8},"end":{"line":70,"column":26}},"36":{"start":{"line":72,"column":6},"end":{"line":76,"column":9}},"37":{"start":{"line":73,"column":28},"end":{"line":73,"column":58}},"38":{"start":{"line":73,"column":52},"end":{"line":73,"column":56}},"39":{"start":{"line":74,"column":25},"end":{"line":74,"column":69}},"40":{"start":{"line":74,"column":46},"end":{"line":74,"column":68}},"41":{"start":{"line":75,"column":8},"end":{"line":75,"column":67}},"42":{"start":{"line":77,"column":6},"end":{"line":77,"column":48}},"43":{"start":{"line":77,"column":26},"end":{"line":77,"column":46}},"44":{"start":{"line":83,"column":23},"end":{"line":101,"column":28}},"45":{"start":{"line":84,"column":14},"end":{"line":84,"column":32}},"46":{"start":{"line":85,"column":4},"end":{"line":89,"column":5}},"47":{"start":{"line":86,"column":6},"end":{"line":86,"column":25}},"48":{"start":{"line":87,"column":6},"end":{"line":87,"column":16}},"49":{"start":{"line":88,"column":6},"end":{"line":88,"column":13}},"50":{"start":{"line":90,"column":4},"end":{"line":90,"column":27}},"51":{"start":{"line":91,"column":4},"end":{"line":100,"column":5}},"52":{"start":{"line":92,"column":21},"end":{"line":92,"column":52}},"53":{"start":{"line":93,"column":6},"end":{"line":93,"column":24}},"54":{"start":{"line":94,"column":6},"end":{"line":94,"column":23}},"55":{"start":{"line":95,"column":6},"end":{"line":95,"column":24}},"56":{"start":{"line":99,"column":6},"end":{"line":99,"column":30}},"57":{"start":{"line":103,"column":28},"end":{"line":107,"column":15}},"58":{"start":{"line":104,"column":4},"end":{"line":104,"column":23}},"59":{"start":{"line":105,"column":4},"end":{"line":105,"column":23}},"60":{"start":{"line":106,"column":4},"end":{"line":106,"column":14}},"61":{"start":{"line":109,"column":24},"end":{"line":115,"column":43}},"62":{"start":{"line":110,"column":4},"end":{"line":113,"column":5}},"63":{"start":{"line":111,"column":6},"end":{"line":111,"column":21}},"64":{"start":{"line":112,"column":6},"end":{"line":112,"column":13}},"65":{"start":{"line":114,"column":4},"end":{"line":114,"column":20}},"66":{"start":{"line":118,"column":4},"end":{"line":125,"column":17}},"67":{"start":{"line":120,"column":23},"end":{"line":120,"column":81}},"68":{"start":{"line":127,"column":27},"end":{"line":127,"column":78}},"69":{"start":{"line":127,"column":47},"end":{"line":127,"column":64}},"70":{"start":{"line":129,"column":2},"end":{"line":180,"column":4}},"71":{"start":{"line":175,"column":25},"end":{"line":175,"column":84}}},"fnMap":{"0":{"name":"HomeScreen","decl":{"start":{"line":22,"column":24},"end":{"line":22,"column":34}},"loc":{"start":{"line":22,"column":37},"end":{"line":181,"column":1}},"line":22},"1":{"name":"(anonymous_1)","decl":{"start":{"line":44,"column":12},"end":{"line":44,"column":13}},"loc":{"start":{"line":44,"column":18},"end":{"line":50,"column":3}},"line":44},"2":{"name":"(anonymous_2)","decl":{"start":{"line":53,"column":26},"end":{"line":53,"column":27}},"loc":{"start":{"line":53,"column":45},"end":{"line":55,"column":5}},"line":53},"3":{"name":"(anonymous_3)","decl":{"start":{"line":54,"column":15},"end":{"line":54,"column":16}},"loc":{"start":{"line":54,"column":26},"end":{"line":54,"column":91}},"line":54},"4":{"name":"(anonymous_4)","decl":{"start":{"line":54,"column":36},"end":{"line":54,"column":37}},"loc":{"start":{"line":54,"column":43},"end":{"line":54,"column":62}},"line":54},"5":{"name":"(anonymous_5)","decl":{"start":{"line":56,"column":26},"end":{"line":56,"column":27}},"loc":{"start":{"line":56,"column":46},"end":{"line":58,"column":5}},"line":56},"6":{"name":"(anonymous_6)","decl":{"start":{"line":57,"column":15},"end":{"line":57,"column":16}},"loc":{"start":{"line":57,"column":25},"end":{"line":57,"column":66}},"line":57},"7":{"name":"(anonymous_7)","decl":{"start":{"line":57,"column":37},"end":{"line":57,"column":38}},"loc":{"start":{"line":57,"column":47},"end":{"line":57,"column":65}},"line":57},"8":{"name":"(anonymous_8)","decl":{"start":{"line":59,"column":26},"end":{"line":59,"column":27}},"loc":{"start":{"line":59,"column":49},"end":{"line":61,"column":5}},"line":59},"9":{"name":"(anonymous_9)","decl":{"start":{"line":60,"column":15},"end":{"line":60,"column":16}},"loc":{"start":{"line":60,"column":25},"end":{"line":60,"column":94}},"line":60},"10":{"name":"(anonymous_10)","decl":{"start":{"line":60,"column":34},"end":{"line":60,"column":35}},"loc":{"start":{"line":60,"column":45},"end":{"line":60,"column":92}},"line":60},"11":{"name":"(anonymous_11)","decl":{"start":{"line":64,"column":37},"end":{"line":64,"column":38}},"loc":{"start":{"line":64,"column":49},"end":{"line":81,"column":3}},"line":64},"12":{"name":"(anonymous_12)","decl":{"start":{"line":72,"column":15},"end":{"line":72,"column":16}},"loc":{"start":{"line":72,"column":25},"end":{"line":76,"column":7}},"line":72},"13":{"name":"(anonymous_13)","decl":{"start":{"line":73,"column":45},"end":{"line":73,"column":46}},"loc":{"start":{"line":73,"column":52},"end":{"line":73,"column":56}},"line":73},"14":{"name":"(anonymous_14)","decl":{"start":{"line":74,"column":39},"end":{"line":74,"column":40}},"loc":{"start":{"line":74,"column":46},"end":{"line":74,"column":68}},"line":74},"15":{"name":"(anonymous_15)","decl":{"start":{"line":77,"column":16},"end":{"line":77,"column":17}},"loc":{"start":{"line":77,"column":26},"end":{"line":77,"column":46}},"line":77},"16":{"name":"(anonymous_16)","decl":{"start":{"line":83,"column":35},"end":{"line":83,"column":36}},"loc":{"start":{"line":83,"column":47},"end":{"line":101,"column":3}},"line":83},"17":{"name":"(anonymous_17)","decl":{"start":{"line":103,"column":40},"end":{"line":103,"column":41}},"loc":{"start":{"line":103,"column":46},"end":{"line":107,"column":3}},"line":103},"18":{"name":"(anonymous_18)","decl":{"start":{"line":109,"column":36},"end":{"line":109,"column":37}},"loc":{"start":{"line":109,"column":48},"end":{"line":115,"column":3}},"line":109},"19":{"name":"(anonymous_19)","decl":{"start":{"line":120,"column":17},"end":{"line":120,"column":18}},"loc":{"start":{"line":120,"column":23},"end":{"line":120,"column":81}},"line":120},"20":{"name":"(anonymous_20)","decl":{"start":{"line":127,"column":40},"end":{"line":127,"column":41}},"loc":{"start":{"line":127,"column":47},"end":{"line":127,"column":64}},"line":127},"21":{"name":"(anonymous_21)","decl":{"start":{"line":175,"column":19},"end":{"line":175,"column":20}},"loc":{"start":{"line":175,"column":25},"end":{"line":175,"column":84}},"line":175}},"branchMap":{"0":{"loc":{"start":{"line":45,"column":4},"end":{"line":49,"column":5}},"type":"if","locations":[{"start":{"line":45,"column":4},"end":{"line":49,"column":5}},{"start":{},"end":{}}],"line":45},"1":{"loc":{"start":{"line":54,"column":26},"end":{"line":54,"column":91}},"type":"cond-expr","locations":[{"start":{"line":54,"column":66},"end":{"line":54,"column":70}},{"start":{"line":54,"column":73},"end":{"line":54,"column":91}}],"line":54},"2":{"loc":{"start":{"line":60,"column":45},"end":{"line":60,"column":92}},"type":"cond-expr","locations":[{"start":{"line":60,"column":74},"end":{"line":60,"column":85}},{"start":{"line":60,"column":88},"end":{"line":60,"column":92}}],"line":60},"3":{"loc":{"start":{"line":65,"column":4},"end":{"line":65,"column":52}},"type":"if","locations":[{"start":{"line":65,"column":4},"end":{"line":65,"column":52}},{"start":{},"end":{}}],"line":65},"4":{"loc":{"start":{"line":65,"column":8},"end":{"line":65,"column":43}},"type":"binary-expr","locations":[{"start":{"line":65,"column":8},"end":{"line":65,"column":16}},{"start":{"line":65,"column":20},"end":{"line":65,"column":27}},{"start":{"line":65,"column":31},"end":{"line":65,"column":43}}],"line":65},"5":{"loc":{"start":{"line":69,"column":6},"end":{"line":71,"column":7}},"type":"if","locations":[{"start":{"line":69,"column":6},"end":{"line":71,"column":7}},{"start":{},"end":{}}],"line":69},"6":{"loc":{"start":{"line":75,"column":15},"end":{"line":75,"column":66}},"type":"cond-expr","locations":[{"start":{"line":75,"column":37},"end":{"line":75,"column":59}},{"start":{"line":75,"column":62},"end":{"line":75,"column":66}}],"line":75},"7":{"loc":{"start":{"line":85,"column":4},"end":{"line":89,"column":5}},"type":"if","locations":[{"start":{"line":85,"column":4},"end":{"line":89,"column":5}},{"start":{},"end":{}}],"line":85},"8":{"loc":{"start":{"line":110,"column":4},"end":{"line":113,"column":5}},"type":"if","locations":[{"start":{"line":110,"column":4},"end":{"line":113,"column":5}},{"start":{},"end":{}}],"line":110},"9":{"loc":{"start":{"line":118,"column":4},"end":{"line":125,"column":17}},"type":"cond-expr","locations":[{"start":{"line":119,"column":6},"end":{"line":124,"column":18}},{"start":{"line":125,"column":8},"end":{"line":125,"column":17}}],"line":118},"10":{"loc":{"start":{"line":118,"column":4},"end":{"line":118,"column":39}},"type":"binary-expr","locations":[{"start":{"line":118,"column":4},"end":{"line":118,"column":19}},{"start":{"line":118,"column":23},"end":{"line":118,"column":39}}],"line":118},"11":{"loc":{"start":{"line":137,"column":11},"end":{"line":141,"column":11}},"type":"binary-expr","locations":[{"start":{"line":137,"column":11},"end":{"line":137,"column":27}},{"start":{"line":138,"column":12},"end":{"line":140,"column":19}}],"line":137},"12":{"loc":{"start":{"line":154,"column":21},"end":{"line":154,"column":47}},"type":"cond-expr","locations":[{"start":{"line":154,"column":36},"end":{"line":154,"column":40}},{"start":{"line":154,"column":43},"end":{"line":154,"column":47}}],"line":154},"13":{"loc":{"start":{"line":155,"column":23},"end":{"line":155,"column":70}},"type":"cond-expr","locations":[{"start":{"line":155,"column":38},"end":{"line":155,"column":55}},{"start":{"line":155,"column":58},"end":{"line":155,"column":70}}],"line":155},"14":{"loc":{"start":{"line":156,"column":23},"end":{"line":156,"column":53}},"type":"binary-expr","locations":[{"start":{"line":156,"column":23},"end":{"line":156,"column":36}},{"start":{"line":156,"column":40},"end":{"line":156,"column":53}}],"line":156},"15":{"loc":{"start":{"line":159,"column":34},"end":{"line":159,"column":63}},"type":"cond-expr","locations":[{"start":{"line":159,"column":49},"end":{"line":159,"column":56}},{"start":{"line":159,"column":59},"end":{"line":159,"column":63}}],"line":159},"16":{"loc":{"start":{"line":167,"column":19},"end":{"line":167,"column":57}},"type":"cond-expr","locations":[{"start":{"line":167,"column":34},"end":{"line":167,"column":47}},{"start":{"line":167,"column":50},"end":{"line":167,"column":57}}],"line":167},"17":{"loc":{"start":{"line":168,"column":17},"end":{"line":168,"column":39}},"type":"binary-expr","locations":[{"start":{"line":168,"column":17},"end":{"line":168,"column":31}},{"start":{"line":168,"column":35},"end":{"line":168,"column":39}}],"line":168},"18":{"loc":{"start":{"line":171,"column":19},"end":{"line":171,"column":43}},"type":"binary-expr","locations":[{"start":{"line":171,"column":19},"end":{"line":171,"column":32}},{"start":{"line":171,"column":36},"end":{"line":171,"column":43}}],"line":171}},"s":{"0":0,"1":0,"2":0,"3":0,"4":0,"5":0,"6":0,"7":0,"8":0,"9":0,"10":0,"11":0,"12":0,"13":0,"14":0,"15":0,"16":0,"17":0,"18":0,"19":0,"20":0,"21":0,"22":0,"23":0,"24":0,"25":0,"26":0,"27":0,"28":0,"29":0,"30":0,"31":0,"32":0,"33":0,"34":0,"35":0,"36":0,"37":0,"38":0,"39":0,"40":0,"41":0,"42":0,"43":0,"44":0,"45":0,"46":0,"47":0,"48":0,"49":0,"50":0,"51":0,"52":0,"53":0,"54":0,"55":0,"56":0,"57":0,"58":0,"59":0,"60":0,"61":0,"62":0,"63":0,"64":0,"65":0,"66":0,"67":0,"68":0,"69":0,"70":0,"71":0},"f":{"0":0,"1":0,"2":0,"3":0,"4":0,"5":0,"6":0,"7":0,"8":0,"9":0,"10":0,"11":0,"12":0,"13":0,"14":0,"15":0,"16":0,"17":0,"18":0,"19":0,"20":0,"21":0},"b":{"0":[0,0],"1":[0,0],"2":[0,0],"3":[0,0],"4":[0,0,0],"5":[0,0],"6":[0,0],"7":[0,0],"8":[0,0],"9":[0,0],"10":[0,0],"11":[0,0],"12":[0,0],"13":[0,0],"14":[0,0],"15":[0,0],"16":[0,0],"17":[0,0],"18":[0,0]}}
,"C:\\Users\\Administrator\\programming\\app\\gns-hermit-comm\\src\\app\\(tabs)\\settings.tsx": {"path":"C:\\Users\\Administrator\\programming\\app\\gns-hermit-comm\\src\\app\\(tabs)\\settings.tsx","statementMap":{},"fnMap":{},"branchMap":{},"s":{},"f":{},"b":{}}
,"C:\\Users\\Administrator\\programming\\app\\gns-hermit-comm\\src\\app\\admin\\_layout.tsx": {"path":"C:\\Users\\Administrator\\programming\\app\\gns-hermit-comm\\src\\app\\admin\\_layout.tsx","statementMap":{"0":{"start":{"line":9,"column":17},"end":{"line":9,"column":28}},"1":{"start":{"line":10,"column":19},"end":{"line":10,"column":32}},"2":{"start":{"line":11,"column":41},"end":{"line":11,"column":50}},"3":{"start":{"line":12,"column":49},"end":{"line":12,"column":61}},"4":{"start":{"line":14,"column":24},"end":{"line":14,"column":65}},"5":{"start":{"line":16,"column":2},"end":{"line":43,"column":74}},"6":{"start":{"line":17,"column":4},"end":{"line":17,"column":28}},"7":{"start":{"line":17,"column":21},"end":{"line":17,"column":28}},"8":{"start":{"line":19,"column":4},"end":{"line":25,"column":5}},"9":{"start":{"line":21,"column":6},"end":{"line":23,"column":7}},"10":{"start":{"line":22,"column":8},"end":{"line":22,"column":73}},"11":{"start":{"line":24,"column":6},"end":{"line":24,"column":13}},"12":{"start":{"line":28,"column":4},"end":{"line":31,"column":5}},"13":{"start":{"line":29,"column":6},"end":{"line":29,"column":77}},"14":{"start":{"line":30,"column":6},"end":{"line":30,"column":13}},"15":{"start":{"line":33,"column":4},"end":{"line":33,"column":31}},"16":{"start":{"line":33,"column":24},"end":{"line":33,"column":31}},"17":{"start":{"line":35,"column":4},"end":{"line":42,"column":5}},"18":{"start":{"line":37,"column":6},"end":{"line":41,"column":11}},"19":{"start":{"line":38,"column":8},"end":{"line":38,"column":29}},"20":{"start":{"line":39,"column":8},"end":{"line":39,"column":39}},"21":{"start":{"line":40,"column":8},"end":{"line":40,"column":34}},"22":{"start":{"line":46,"column":2},"end":{"line":53,"column":3}},"23":{"start":{"line":47,"column":4},"end":{"line":52,"column":6}},"24":{"start":{"line":56,"column":2},"end":{"line":63,"column":3}},"25":{"start":{"line":57,"column":4},"end":{"line":62,"column":6}},"26":{"start":{"line":66,"column":2},"end":{"line":68,"column":3}},"27":{"start":{"line":67,"column":4},"end":{"line":67,"column":16}},"28":{"start":{"line":71,"column":2},"end":{"line":78,"column":3}},"29":{"start":{"line":72,"column":4},"end":{"line":77,"column":6}},"30":{"start":{"line":81,"column":2},"end":{"line":87,"column":3}},"31":{"start":{"line":82,"column":4},"end":{"line":86,"column":6}},"32":{"start":{"line":89,"column":2},"end":{"line":94,"column":4}}},"fnMap":{"0":{"name":"AdminLayout","decl":{"start":{"line":8,"column":24},"end":{"line":8,"column":35}},"loc":{"start":{"line":8,"column":38},"end":{"line":95,"column":1}},"line":8},"1":{"name":"(anonymous_1)","decl":{"start":{"line":16,"column":12},"end":{"line":16,"column":13}},"loc":{"start":{"line":16,"column":18},"end":{"line":43,"column":3}},"line":16},"2":{"name":"(anonymous_2)","decl":{"start":{"line":37,"column":7},"end":{"line":37,"column":8}},"loc":{"start":{"line":37,"column":19},"end":{"line":41,"column":7}},"line":37}},"branchMap":{"0":{"loc":{"start":{"line":17,"column":4},"end":{"line":17,"column":28}},"type":"if","locations":[{"start":{"line":17,"column":4},"end":{"line":17,"column":28}},{"start":{},"end":{}}],"line":17},"1":{"loc":{"start":{"line":19,"column":4},"end":{"line":25,"column":5}},"type":"if","locations":[{"start":{"line":19,"column":4},"end":{"line":25,"column":5}},{"start":{},"end":{}}],"line":19},"2":{"loc":{"start":{"line":21,"column":6},"end":{"line":23,"column":7}},"type":"if","locations":[{"start":{"line":21,"column":6},"end":{"line":23,"column":7}},{"start":{},"end":{}}],"line":21},"3":{"loc":{"start":{"line":21,"column":10},"end":{"line":21,"column":53}},"type":"binary-expr","locations":[{"start":{"line":21,"column":10},"end":{"line":21,"column":14}},{"start":{"line":21,"column":18},"end":{"line":21,"column":34}},{"start":{"line":21,"column":38},"end":{"line":21,"column":53}}],"line":21},"4":{"loc":{"start":{"line":28,"column":4},"end":{"line":31,"column":5}},"type":"if","locations":[{"start":{"line":28,"column":4},"end":{"line":31,"column":5}},{"start":{},"end":{}}],"line":28},"5":{"loc":{"start":{"line":33,"column":4},"end":{"line":33,"column":31}},"type":"if","locations":[{"start":{"line":33,"column":4},"end":{"line":33,"column":31}},{"start":{},"end":{}}],"line":33},"6":{"loc":{"start":{"line":35,"column":4},"end":{"line":42,"column":5}},"type":"if","locations":[{"start":{"line":35,"column":4},"end":{"line":42,"column":5}},{"start":{},"end":{}}],"line":35},"7":{"loc":{"start":{"line":46,"column":2},"end":{"line":53,"column":3}},"type":"if","locations":[{"start":{"line":46,"column":2},"end":{"line":53,"column":3}},{"start":{},"end":{}}],"line":46},"8":{"loc":{"start":{"line":56,"column":2},"end":{"line":63,"column":3}},"type":"if","locations":[{"start":{"line":56,"column":2},"end":{"line":63,"column":3}},{"start":{},"end":{}}],"line":56},"9":{"loc":{"start":{"line":66,"column":2},"end":{"line":68,"column":3}},"type":"if","locations":[{"start":{"line":66,"column":2},"end":{"line":68,"column":3}},{"start":{},"end":{}}],"line":66},"10":{"loc":{"start":{"line":71,"column":2},"end":{"line":78,"column":3}},"type":"if","locations":[{"start":{"line":71,"column":2},"end":{"line":78,"column":3}},{"start":{},"end":{}}],"line":71},"11":{"loc":{"start":{"line":81,"column":2},"end":{"line":87,"column":3}},"type":"if","locations":[{"start":{"line":81,"column":2},"end":{"line":87,"column":3}},{"start":{},"end":{}}],"line":81}},"s":{"0":0,"1":0,"2":0,"3":0,"4":0,"5":0,"6":0,"7":0,"8":0,"9":0,"10":0,"11":0,"12":0,"13":0,"14":0,"15":0,"16":0,"17":0,"18":0,"19":0,"20":0,"21":0,"22":0,"23":0,"24":0,"25":0,"26":0,"27":0,"28":0,"29":0,"30":0,"31":0,"32":0},"f":{"0":0,"1":0,"2":0},"b":{"0":[0,0],"1":[0,0],"2":[0,0],"3":[0,0,0],"4":[0,0],"5":[0,0],"6":[0,0],"7":[0,0],"8":[0,0],"9":[0,0],"10":[0,0],"11":[0,0]}}
,"C:\\Users\\Administrator\\programming\\app\\gns-hermit-comm\\src\\app\\admin\\index.tsx": {"path":"C:\\Users\\Administrator\\programming\\app\\gns-hermit-comm\\src\\app\\admin\\index.tsx","statementMap":{"0":{"start":{"line":31,"column":33},"end":{"line":31,"column":70}},"1":{"start":{"line":34,"column":2},"end":{"line":37,"column":5}},"2":{"start":{"line":41,"column":2},"end":{"line":50,"column":3}},"3":{"start":{"line":42,"column":4},"end":{"line":45,"column":7}},"4":{"start":{"line":47,"column":4},"end":{"line":49,"column":5}},"5":{"start":{"line":48,"column":6},"end":{"line":48,"column":73}},"6":{"start":{"line":54,"column":17},"end":{"line":54,"column":28}},"7":{"start":{"line":55,"column":22},"end":{"line":55,"column":38}},"8":{"start":{"line":56,"column":26},"end":{"line":56,"column":38}},"9":{"start":{"line":57,"column":38},"end":{"line":57,"column":50}},"10":{"start":{"line":58,"column":40},"end":{"line":58,"column":52}},"11":{"start":{"line":60,"column":54},"end":{"line":60,"column":74}},"12":{"start":{"line":61,"column":25},"end":{"line":81,"column":4}},"13":{"start":{"line":62,"column":54},"end":{"line":62,"column":81}},"14":{"start":{"line":64,"column":6},"end":{"line":64,"column":76}},"15":{"start":{"line":65,"column":6},"end":{"line":65,"column":18}},"16":{"start":{"line":66,"column":6},"end":{"line":66,"column":24}},"17":{"start":{"line":67,"column":6},"end":{"line":67,"column":25}},"18":{"start":{"line":68,"column":6},"end":{"line":72,"column":8}},"19":{"start":{"line":71,"column":56},"end":{"line":71,"column":90}},"20":{"start":{"line":75,"column":22},"end":{"line":78,"column":7}},"21":{"start":{"line":79,"column":6},"end":{"line":79,"column":36}},"22":{"start":{"line":83,"column":23},"end":{"line":99,"column":53}},"23":{"start":{"line":84,"column":24},"end":{"line":84,"column":35}},"24":{"start":{"line":85,"column":24},"end":{"line":85,"column":41}},"25":{"start":{"line":86,"column":4},"end":{"line":89,"column":5}},"26":{"start":{"line":87,"column":6},"end":{"line":87,"column":43}},"27":{"start":{"line":88,"column":6},"end":{"line":88,"column":13}},"28":{"start":{"line":90,"column":4},"end":{"line":93,"column":5}},"29":{"start":{"line":91,"column":6},"end":{"line":91,"column":45}},"30":{"start":{"line":92,"column":6},"end":{"line":92,"column":13}},"31":{"start":{"line":94,"column":4},"end":{"line":98,"column":7}},"32":{"start":{"line":101,"column":21},"end":{"line":103,"column":14}},"33":{"start":{"line":102,"column":4},"end":{"line":102,"column":18}},"34":{"start":{"line":105,"column":23},"end":{"line":114,"column":14}},"35":{"start":{"line":106,"column":4},"end":{"line":113,"column":5}},"36":{"start":{"line":107,"column":6},"end":{"line":107,"column":27}},"37":{"start":{"line":108,"column":6},"end":{"line":108,"column":37}},"38":{"start":{"line":109,"column":6},"end":{"line":109,"column":32}},"39":{"start":{"line":111,"column":22},"end":{"line":111,"column":75}},"40":{"start":{"line":112,"column":6},"end":{"line":112,"column":38}},"41":{"start":{"line":116,"column":2},"end":{"line":123,"column":3}},"42":{"start":{"line":117,"column":4},"end":{"line":122,"column":6}},"43":{"start":{"line":125,"column":2},"end":{"line":132,"column":3}},"44":{"start":{"line":126,"column":4},"end":{"line":131,"column":6}},"45":{"start":{"line":134,"column":2},"end":{"line":233,"column":4}},"46":{"start":{"line":203,"column":16},"end":{"line":226,"column":23}},"47":{"start":{"line":219,"column":39},"end":{"line":219,"column":74}}},"fnMap":{"0":{"name":"useMyManagedGroups","decl":{"start":{"line":33,"column":9},"end":{"line":33,"column":27}},"loc":{"start":{"line":33,"column":30},"end":{"line":38,"column":1}},"line":33},"1":{"name":"shareInviteCode","decl":{"start":{"line":40,"column":15},"end":{"line":40,"column":30}},"loc":{"start":{"line":40,"column":51},"end":{"line":51,"column":1}},"line":40},"2":{"name":"AdminIndexScreen","decl":{"start":{"line":53,"column":24},"end":{"line":53,"column":40}},"loc":{"start":{"line":53,"column":43},"end":{"line":234,"column":1}},"line":53},"3":{"name":"(anonymous_3)","decl":{"start":{"line":62,"column":16},"end":{"line":62,"column":17}},"loc":{"start":{"line":62,"column":54},"end":{"line":62,"column":81}},"line":62},"4":{"name":"(anonymous_4)","decl":{"start":{"line":63,"column":15},"end":{"line":63,"column":16}},"loc":{"start":{"line":63,"column":27},"end":{"line":73,"column":5}},"line":63},"5":{"name":"(anonymous_5)","decl":{"start":{"line":71,"column":50},"end":{"line":71,"column":51}},"loc":{"start":{"line":71,"column":56},"end":{"line":71,"column":90}},"line":71},"6":{"name":"(anonymous_6)","decl":{"start":{"line":74,"column":13},"end":{"line":74,"column":14}},"loc":{"start":{"line":74,"column":29},"end":{"line":80,"column":5}},"line":74},"7":{"name":"(anonymous_7)","decl":{"start":{"line":83,"column":35},"end":{"line":83,"column":36}},"loc":{"start":{"line":83,"column":41},"end":{"line":99,"column":3}},"line":83},"8":{"name":"(anonymous_8)","decl":{"start":{"line":101,"column":33},"end":{"line":101,"column":34}},"loc":{"start":{"line":101,"column":39},"end":{"line":103,"column":3}},"line":101},"9":{"name":"(anonymous_9)","decl":{"start":{"line":105,"column":35},"end":{"line":105,"column":36}},"loc":{"start":{"line":105,"column":47},"end":{"line":114,"column":3}},"line":105},"10":{"name":"(anonymous_10)","decl":{"start":{"line":202,"column":33},"end":{"line":202,"column":34}},"loc":{"start":{"line":203,"column":16},"end":{"line":226,"column":23}},"line":203},"11":{"name":"(anonymous_11)","decl":{"start":{"line":219,"column":33},"end":{"line":219,"column":34}},"loc":{"start":{"line":219,"column":39},"end":{"line":219,"column":74}},"line":219}},"branchMap":{"0":{"loc":{"start":{"line":47,"column":4},"end":{"line":49,"column":5}},"type":"if","locations":[{"start":{"line":47,"column":4},"end":{"line":49,"column":5}},{"start":{},"end":{}}],"line":47},"1":{"loc":{"start":{"line":86,"column":4},"end":{"line":89,"column":5}},"type":"if","locations":[{"start":{"line":86,"column":4},"end":{"line":89,"column":5}},{"start":{},"end":{}}],"line":86},"2":{"loc":{"start":{"line":90,"column":4},"end":{"line":93,"column":5}},"type":"if","locations":[{"start":{"line":90,"column":4},"end":{"line":93,"column":5}},{"start":{},"end":{}}],"line":90},"3":{"loc":{"start":{"line":97,"column":19},"end":{"line":97,"column":50}},"type":"binary-expr","locations":[{"start":{"line":97,"column":19},"end":{"line":97,"column":37}},{"start":{"line":97,"column":41},"end":{"line":97,"column":50}}],"line":97},"4":{"loc":{"start":{"line":116,"column":2},"end":{"line":123,"column":3}},"type":"if","locations":[{"start":{"line":116,"column":2},"end":{"line":123,"column":3}},{"start":{},"end":{}}],"line":116},"5":{"loc":{"start":{"line":125,"column":2},"end":{"line":132,"column":3}},"type":"if","locations":[{"start":{"line":125,"column":2},"end":{"line":132,"column":3}},{"start":{},"end":{}}],"line":125},"6":{"loc":{"start":{"line":138,"column":18},"end":{"line":138,"column":63}},"type":"cond-expr","locations":[{"start":{"line":138,"column":42},"end":{"line":138,"column":51}},{"start":{"line":138,"column":54},"end":{"line":138,"column":63}}],"line":138},"7":{"loc":{"start":{"line":199,"column":13},"end":{"line":228,"column":13}},"type":"cond-expr","locations":[{"start":{"line":200,"column":14},"end":{"line":200,"column":77}},{"start":{"line":202,"column":14},"end":{"line":227,"column":16}}],"line":199},"8":{"loc":{"start":{"line":199,"column":14},"end":{"line":199,"column":26}},"type":"binary-expr","locations":[{"start":{"line":199,"column":14},"end":{"line":199,"column":20}},{"start":{"line":199,"column":24},"end":{"line":199,"column":26}}],"line":199},"9":{"loc":{"start":{"line":202,"column":15},"end":{"line":202,"column":27}},"type":"binary-expr","locations":[{"start":{"line":202,"column":15},"end":{"line":202,"column":21}},{"start":{"line":202,"column":25},"end":{"line":202,"column":27}}],"line":202},"10":{"loc":{"start":{"line":207,"column":19},"end":{"line":211,"column":19}},"type":"binary-expr","locations":[{"start":{"line":207,"column":19},"end":{"line":207,"column":36}},{"start":{"line":208,"column":20},"end":{"line":210,"column":27}}],"line":207},"11":{"loc":{"start":{"line":214,"column":30},"end":{"line":214,"column":54}},"type":"binary-expr","locations":[{"start":{"line":214,"column":30},"end":{"line":214,"column":47}},{"start":{"line":214,"column":51},"end":{"line":214,"column":54}}],"line":214},"12":{"loc":{"start":{"line":217,"column":21},"end":{"line":224,"column":28}},"type":"cond-expr","locations":[{"start":{"line":218,"column":22},"end":{"line":223,"column":34}},{"start":{"line":224,"column":24},"end":{"line":224,"column":28}}],"line":217}},"s":{"0":0,"1":0,"2":0,"3":0,"4":0,"5":0,"6":0,"7":0,"8":0,"9":0,"10":0,"11":0,"12":0,"13":0,"14":0,"15":0,"16":0,"17":0,"18":0,"19":0,"20":0,"21":0,"22":0,"23":0,"24":0,"25":0,"26":0,"27":0,"28":0,"29":0,"30":0,"31":0,"32":0,"33":0,"34":0,"35":0,"36":0,"37":0,"38":0,"39":0,"40":0,"41":0,"42":0,"43":0,"44":0,"45":0,"46":0,"47":0},"f":{"0":0,"1":0,"2":0,"3":0,"4":0,"5":0,"6":0,"7":0,"8":0,"9":0,"10":0,"11":0},"b":{"0":[0,0],"1":[0,0],"2":[0,0],"3":[0,0],"4":[0,0],"5":[0,0],"6":[0,0],"7":[0,0],"8":[0,0],"9":[0,0],"10":[0,0],"11":[0,0],"12":[0,0]}}
,"C:\\Users\\Administrator\\programming\\app\\gns-hermit-comm\\src\\app\\admin\\login.tsx": {"path":"C:\\Users\\Administrator\\programming\\app\\gns-hermit-comm\\src\\app\\admin\\login.tsx","statementMap":{"0":{"start":{"line":13,"column":2},"end":{"line":13,"column":57}},"1":{"start":{"line":17,"column":17},"end":{"line":17,"column":28}},"2":{"start":{"line":18,"column":19},"end":{"line":18,"column":28}},"3":{"start":{"line":19,"column":49},"end":{"line":19,"column":61}},"4":{"start":{"line":20,"column":28},"end":{"line":20,"column":40}},"5":{"start":{"line":21,"column":34},"end":{"line":21,"column":46}},"6":{"start":{"line":22,"column":28},"end":{"line":22,"column":57}},"7":{"start":{"line":23,"column":38},"end":{"line":23,"column":53}},"8":{"start":{"line":25,"column":23},"end":{"line":56,"column":31}},"9":{"start":{"line":26,"column":4},"end":{"line":26,"column":19}},"10":{"start":{"line":27,"column":25},"end":{"line":27,"column":37}},"11":{"start":{"line":28,"column":28},"end":{"line":28,"column":43}},"12":{"start":{"line":30,"column":4},"end":{"line":33,"column":5}},"13":{"start":{"line":31,"column":6},"end":{"line":31,"column":31}},"14":{"start":{"line":32,"column":6},"end":{"line":32,"column":13}},"15":{"start":{"line":34,"column":4},"end":{"line":37,"column":5}},"16":{"start":{"line":35,"column":6},"end":{"line":35,"column":36}},"17":{"start":{"line":36,"column":6},"end":{"line":36,"column":13}},"18":{"start":{"line":38,"column":4},"end":{"line":41,"column":5}},"19":{"start":{"line":39,"column":6},"end":{"line":39,"column":32}},"20":{"start":{"line":40,"column":6},"end":{"line":40,"column":13}},"21":{"start":{"line":43,"column":4},"end":{"line":43,"column":24}},"22":{"start":{"line":44,"column":4},"end":{"line":55,"column":5}},"23":{"start":{"line":45,"column":6},"end":{"line":45,"column":67}},"24":{"start":{"line":46,"column":6},"end":{"line":46,"column":71}},"25":{"start":{"line":49,"column":8},"end":{"line":51,"column":26}},"26":{"start":{"line":52,"column":6},"end":{"line":52,"column":24}},"27":{"start":{"line":54,"column":6},"end":{"line":54,"column":27}},"28":{"start":{"line":58,"column":23},"end":{"line":60,"column":14}},"29":{"start":{"line":59,"column":4},"end":{"line":59,"column":30}},"30":{"start":{"line":63,"column":2},"end":{"line":67,"column":46}},"31":{"start":{"line":64,"column":4},"end":{"line":66,"column":5}},"32":{"start":{"line":65,"column":6},"end":{"line":65,"column":71}},"33":{"start":{"line":69,"column":2},"end":{"line":71,"column":3}},"34":{"start":{"line":70,"column":4},"end":{"line":70,"column":16}},"35":{"start":{"line":73,"column":2},"end":{"line":131,"column":4}},"36":{"start":{"line":92,"column":14},"end":{"line":92,"column":29}},"37":{"start":{"line":93,"column":14},"end":{"line":93,"column":29}},"38":{"start":{"line":104,"column":14},"end":{"line":104,"column":32}},"39":{"start":{"line":105,"column":14},"end":{"line":105,"column":29}}},"fnMap":{"0":{"name":"isValidEmail","decl":{"start":{"line":12,"column":9},"end":{"line":12,"column":21}},"loc":{"start":{"line":12,"column":46},"end":{"line":14,"column":1}},"line":12},"1":{"name":"AdminLoginScreen","decl":{"start":{"line":16,"column":24},"end":{"line":16,"column":40}},"loc":{"start":{"line":16,"column":43},"end":{"line":132,"column":1}},"line":16},"2":{"name":"(anonymous_2)","decl":{"start":{"line":25,"column":35},"end":{"line":25,"column":36}},"loc":{"start":{"line":25,"column":47},"end":{"line":56,"column":3}},"line":25},"3":{"name":"(anonymous_3)","decl":{"start":{"line":58,"column":35},"end":{"line":58,"column":36}},"loc":{"start":{"line":58,"column":41},"end":{"line":60,"column":3}},"line":58},"4":{"name":"(anonymous_4)","decl":{"start":{"line":63,"column":12},"end":{"line":63,"column":13}},"loc":{"start":{"line":63,"column":18},"end":{"line":67,"column":3}},"line":63},"5":{"name":"(anonymous_5)","decl":{"start":{"line":91,"column":26},"end":{"line":91,"column":27}},"loc":{"start":{"line":91,"column":36},"end":{"line":94,"column":13}},"line":91},"6":{"name":"(anonymous_6)","decl":{"start":{"line":103,"column":26},"end":{"line":103,"column":27}},"loc":{"start":{"line":103,"column":36},"end":{"line":106,"column":13}},"line":103}},"branchMap":{"0":{"loc":{"start":{"line":30,"column":4},"end":{"line":33,"column":5}},"type":"if","locations":[{"start":{"line":30,"column":4},"end":{"line":33,"column":5}},{"start":{},"end":{}}],"line":30},"1":{"loc":{"start":{"line":34,"column":4},"end":{"line":37,"column":5}},"type":"if","locations":[{"start":{"line":34,"column":4},"end":{"line":37,"column":5}},{"start":{},"end":{}}],"line":34},"2":{"loc":{"start":{"line":38,"column":4},"end":{"line":41,"column":5}},"type":"if","locations":[{"start":{"line":38,"column":4},"end":{"line":41,"column":5}},{"start":{},"end":{}}],"line":38},"3":{"loc":{"start":{"line":49,"column":8},"end":{"line":51,"column":26}},"type":"cond-expr","locations":[{"start":{"line":50,"column":12},"end":{"line":50,"column":57}},{"start":{"line":51,"column":12},"end":{"line":51,"column":26}}],"line":49},"4":{"loc":{"start":{"line":49,"column":8},"end":{"line":49,"column":58}},"type":"binary-expr","locations":[{"start":{"line":49,"column":8},"end":{"line":49,"column":11}},{"start":{"line":49,"column":15},"end":{"line":49,"column":38}},{"start":{"line":49,"column":42},"end":{"line":49,"column":58}}],"line":49},"5":{"loc":{"start":{"line":64,"column":4},"end":{"line":66,"column":5}},"type":"if","locations":[{"start":{"line":64,"column":4},"end":{"line":66,"column":5}},{"start":{},"end":{}}],"line":64},"6":{"loc":{"start":{"line":64,"column":8},"end":{"line":64,"column":51}},"type":"binary-expr","locations":[{"start":{"line":64,"column":8},"end":{"line":64,"column":12}},{"start":{"line":64,"column":16},"end":{"line":64,"column":32}},{"start":{"line":64,"column":36},"end":{"line":64,"column":51}}],"line":64},"7":{"loc":{"start":{"line":69,"column":2},"end":{"line":71,"column":3}},"type":"if","locations":[{"start":{"line":69,"column":2},"end":{"line":71,"column":3}},{"start":{},"end":{}}],"line":69},"8":{"loc":{"start":{"line":69,"column":6},"end":{"line":69,"column":49}},"type":"binary-expr","locations":[{"start":{"line":69,"column":6},"end":{"line":69,"column":10}},{"start":{"line":69,"column":14},"end":{"line":69,"column":30}},{"start":{"line":69,"column":34},"end":{"line":69,"column":49}}],"line":69},"9":{"loc":{"start":{"line":77,"column":18},"end":{"line":77,"column":63}},"type":"cond-expr","locations":[{"start":{"line":77,"column":42},"end":{"line":77,"column":51}},{"start":{"line":77,"column":54},"end":{"line":77,"column":63}}],"line":77},"10":{"loc":{"start":{"line":112,"column":11},"end":{"line":116,"column":18}},"type":"cond-expr","locations":[{"start":{"line":113,"column":12},"end":{"line":115,"column":19}},{"start":{"line":116,"column":14},"end":{"line":116,"column":18}}],"line":112}},"s":{"0":0,"1":0,"2":0,"3":0,"4":0,"5":0,"6":0,"7":0,"8":0,"9":0,"10":0,"11":0,"12":0,"13":0,"14":0,"15":0,"16":0,"17":0,"18":0,"19":0,"20":0,"21":0,"22":0,"23":0,"24":0,"25":0,"26":0,"27":0,"28":0,"29":0,"30":0,"31":0,"32":0,"33":0,"34":0,"35":0,"36":0,"37":0,"38":0,"39":0},"f":{"0":0,"1":0,"2":0,"3":0,"4":0,"5":0,"6":0},"b":{"0":[0,0],"1":[0,0],"2":[0,0],"3":[0,0],"4":[0,0,0],"5":[0,0],"6":[0,0,0],"7":[0,0],"8":[0,0,0],"9":[0,0],"10":[0,0]}}
,"C:\\Users\\Administrator\\programming\\app\\gns-hermit-comm\\src\\app\\groups\\[groupId].tsx": {"path":"C:\\Users\\Administrator\\programming\\app\\gns-hermit-comm\\src\\app\\groups\\[groupId].tsx","statementMap":{"0":{"start":{"line":21,"column":17},"end":{"line":21,"column":28}},"1":{"start":{"line":22,"column":36},"end":{"line":22,"column":79}},"2":{"start":{"line":23,"column":18},"end":{"line":23,"column":69}},"3":{"start":{"line":23,"column":32},"end":{"line":23,"column":52}},"4":{"start":{"line":25,"column":36},"end":{"line":25,"column":65}},"5":{"start":{"line":26,"column":28},"end":{"line":26,"column":48}},"6":{"start":{"line":27,"column":30},"end":{"line":27,"column":41}},"7":{"start":{"line":28,"column":32},"end":{"line":28,"column":46}},"8":{"start":{"line":29,"column":54},"end":{"line":29,"column":65}},"9":{"start":{"line":30,"column":40},"end":{"line":30,"column":52}},"10":{"start":{"line":31,"column":40},"end":{"line":31,"column":52}},"11":{"start":{"line":32,"column":44},"end":{"line":32,"column":59}},"12":{"start":{"line":33,"column":23},"end":{"line":33,"column":45}},"13":{"start":{"line":39,"column":6},"end":{"line":39,"column":60}},"14":{"start":{"line":41,"column":16},"end":{"line":41,"column":94}},"15":{"start":{"line":42,"column":25},"end":{"line":42,"column":42}},"16":{"start":{"line":49,"column":6},"end":{"line":49,"column":86}},"17":{"start":{"line":51,"column":2},"end":{"line":57,"column":32}},"18":{"start":{"line":52,"column":4},"end":{"line":56,"column":5}},"19":{"start":{"line":53,"column":6},"end":{"line":53,"column":26}},"20":{"start":{"line":54,"column":6},"end":{"line":54,"column":34}},"21":{"start":{"line":55,"column":6},"end":{"line":55,"column":42}},"22":{"start":{"line":59,"column":2},"end":{"line":64,"column":27}},"23":{"start":{"line":60,"column":4},"end":{"line":60,"column":23}},"24":{"start":{"line":61,"column":4},"end":{"line":61,"column":23}},"25":{"start":{"line":62,"column":4},"end":{"line":62,"column":17}},"26":{"start":{"line":63,"column":4},"end":{"line":63,"column":21}},"27":{"start":{"line":66,"column":2},"end":{"line":82,"column":5}},"28":{"start":{"line":69,"column":8},"end":{"line":69,"column":49}},"29":{"start":{"line":69,"column":42},"end":{"line":69,"column":49}},"30":{"start":{"line":70,"column":8},"end":{"line":70,"column":74}},"31":{"start":{"line":70,"column":67},"end":{"line":70,"column":74}},"32":{"start":{"line":71,"column":8},"end":{"line":71,"column":33}},"33":{"start":{"line":71,"column":26},"end":{"line":71,"column":33}},"34":{"start":{"line":72,"column":8},"end":{"line":72,"column":96}},"35":{"start":{"line":72,"column":28},"end":{"line":72,"column":93}},"36":{"start":{"line":72,"column":45},"end":{"line":72,"column":64}},"37":{"start":{"line":77,"column":6},"end":{"line":77,"column":68}},"38":{"start":{"line":77,"column":25},"end":{"line":77,"column":66}},"39":{"start":{"line":77,"column":47},"end":{"line":77,"column":65}},"40":{"start":{"line":80,"column":6},"end":{"line":80,"column":96}},"41":{"start":{"line":80,"column":25},"end":{"line":80,"column":94}},"42":{"start":{"line":80,"column":45},"end":{"line":80,"column":92}},"43":{"start":{"line":84,"column":18},"end":{"line":84,"column":47}},"44":{"start":{"line":85,"column":16},"end":{"line":85,"column":41}},"45":{"start":{"line":87,"column":24},"end":{"line":102,"column":67}},"46":{"start":{"line":88,"column":4},"end":{"line":100,"column":5}},"47":{"start":{"line":89,"column":6},"end":{"line":89,"column":29}},"48":{"start":{"line":90,"column":6},"end":{"line":98,"column":7}},"49":{"start":{"line":91,"column":23},"end":{"line":91,"column":83}},"50":{"start":{"line":92,"column":8},"end":{"line":92,"column":25}},"51":{"start":{"line":93,"column":8},"end":{"line":93,"column":26}},"52":{"start":{"line":97,"column":8},"end":{"line":97,"column":32}},"53":{"start":{"line":99,"column":6},"end":{"line":99,"column":13}},"54":{"start":{"line":101,"column":4},"end":{"line":101,"column":20}},"55":{"start":{"line":104,"column":25},"end":{"line":125,"column":82}},"56":{"start":{"line":105,"column":4},"end":{"line":105,"column":83}},"57":{"start":{"line":105,"column":76},"end":{"line":105,"column":83}},"58":{"start":{"line":107,"column":4},"end":{"line":124,"column":5}},"59":{"start":{"line":108,"column":21},"end":{"line":112,"column":8}},"60":{"start":{"line":113,"column":6},"end":{"line":115,"column":7}},"61":{"start":{"line":114,"column":8},"end":{"line":114,"column":26}},"62":{"start":{"line":116,"column":6},"end":{"line":120,"column":9}},"63":{"start":{"line":117,"column":28},"end":{"line":117,"column":58}},"64":{"start":{"line":117,"column":52},"end":{"line":117,"column":56}},"65":{"start":{"line":118,"column":25},"end":{"line":118,"column":69}},"66":{"start":{"line":118,"column":46},"end":{"line":118,"column":68}},"67":{"start":{"line":119,"column":8},"end":{"line":119,"column":67}},"68":{"start":{"line":121,"column":6},"end":{"line":121,"column":48}},"69":{"start":{"line":121,"column":26},"end":{"line":121,"column":46}},"70":{"start":{"line":123,"column":6},"end":{"line":123,"column":24}},"71":{"start":{"line":127,"column":23},"end":{"line":146,"column":53}},"72":{"start":{"line":128,"column":14},"end":{"line":128,"column":32}},"73":{"start":{"line":129,"column":4},"end":{"line":133,"column":5}},"74":{"start":{"line":130,"column":6},"end":{"line":130,"column":25}},"75":{"start":{"line":131,"column":6},"end":{"line":131,"column":16}},"76":{"start":{"line":132,"column":6},"end":{"line":132,"column":13}},"77":{"start":{"line":134,"column":4},"end":{"line":134,"column":32}},"78":{"start":{"line":134,"column":25},"end":{"line":134,"column":32}},"79":{"start":{"line":135,"column":4},"end":{"line":135,"column":27}},"80":{"start":{"line":136,"column":4},"end":{"line":145,"column":5}},"81":{"start":{"line":137,"column":21},"end":{"line":137,"column":71}},"82":{"start":{"line":138,"column":6},"end":{"line":138,"column":24}},"83":{"start":{"line":139,"column":6},"end":{"line":139,"column":23}},"84":{"start":{"line":140,"column":6},"end":{"line":140,"column":24}},"85":{"start":{"line":144,"column":6},"end":{"line":144,"column":30}},"86":{"start":{"line":148,"column":28},"end":{"line":152,"column":15}},"87":{"start":{"line":149,"column":4},"end":{"line":149,"column":23}},"88":{"start":{"line":150,"column":4},"end":{"line":150,"column":23}},"89":{"start":{"line":151,"column":4},"end":{"line":151,"column":14}},"90":{"start":{"line":154,"column":27},"end":{"line":162,"column":39}},"91":{"start":{"line":155,"column":4},"end":{"line":161,"column":5}},"92":{"start":{"line":156,"column":6},"end":{"line":160,"column":8}},"93":{"start":{"line":164,"column":2},"end":{"line":171,"column":3}},"94":{"start":{"line":165,"column":4},"end":{"line":170,"column":6}},"95":{"start":{"line":168,"column":59},"end":{"line":168,"column":72}},"96":{"start":{"line":173,"column":2},"end":{"line":180,"column":3}},"97":{"start":{"line":174,"column":4},"end":{"line":179,"column":6}},"98":{"start":{"line":182,"column":2},"end":{"line":189,"column":3}},"99":{"start":{"line":183,"column":4},"end":{"line":188,"column":6}},"100":{"start":{"line":191,"column":28},"end":{"line":191,"column":55}},"101":{"start":{"line":193,"column":2},"end":{"line":277,"column":4}},"102":{"start":{"line":209,"column":16},"end":{"line":225,"column":28}},"103":{"start":{"line":211,"column":33},"end":{"line":211,"column":61}}},"fnMap":{"0":{"name":"GroupBoardScreen","decl":{"start":{"line":20,"column":24},"end":{"line":20,"column":40}},"loc":{"start":{"line":20,"column":43},"end":{"line":278,"column":1}},"line":20},"1":{"name":"(anonymous_1)","decl":{"start":{"line":23,"column":26},"end":{"line":23,"column":27}},"loc":{"start":{"line":23,"column":32},"end":{"line":23,"column":52}},"line":23},"2":{"name":"(anonymous_2)","decl":{"start":{"line":51,"column":12},"end":{"line":51,"column":13}},"loc":{"start":{"line":51,"column":18},"end":{"line":57,"column":3}},"line":51},"3":{"name":"(anonymous_3)","decl":{"start":{"line":59,"column":12},"end":{"line":59,"column":13}},"loc":{"start":{"line":59,"column":18},"end":{"line":64,"column":3}},"line":59},"4":{"name":"(anonymous_4)","decl":{"start":{"line":68,"column":6},"end":{"line":68,"column":7}},"loc":{"start":{"line":68,"column":25},"end":{"line":73,"column":7}},"line":68},"5":{"name":"(anonymous_5)","decl":{"start":{"line":72,"column":17},"end":{"line":72,"column":18}},"loc":{"start":{"line":72,"column":28},"end":{"line":72,"column":93}},"line":72},"6":{"name":"(anonymous_6)","decl":{"start":{"line":72,"column":38},"end":{"line":72,"column":39}},"loc":{"start":{"line":72,"column":45},"end":{"line":72,"column":64}},"line":72},"7":{"name":"(anonymous_7)","decl":{"start":{"line":76,"column":26},"end":{"line":76,"column":27}},"loc":{"start":{"line":76,"column":46},"end":{"line":78,"column":5}},"line":76},"8":{"name":"(anonymous_8)","decl":{"start":{"line":77,"column":15},"end":{"line":77,"column":16}},"loc":{"start":{"line":77,"column":25},"end":{"line":77,"column":66}},"line":77},"9":{"name":"(anonymous_9)","decl":{"start":{"line":77,"column":37},"end":{"line":77,"column":38}},"loc":{"start":{"line":77,"column":47},"end":{"line":77,"column":65}},"line":77},"10":{"name":"(anonymous_10)","decl":{"start":{"line":79,"column":26},"end":{"line":79,"column":27}},"loc":{"start":{"line":79,"column":49},"end":{"line":81,"column":5}},"line":79},"11":{"name":"(anonymous_11)","decl":{"start":{"line":80,"column":15},"end":{"line":80,"column":16}},"loc":{"start":{"line":80,"column":25},"end":{"line":80,"column":94}},"line":80},"12":{"name":"(anonymous_12)","decl":{"start":{"line":80,"column":34},"end":{"line":80,"column":35}},"loc":{"start":{"line":80,"column":45},"end":{"line":80,"column":92}},"line":80},"13":{"name":"(anonymous_13)","decl":{"start":{"line":87,"column":36},"end":{"line":87,"column":37}},"loc":{"start":{"line":87,"column":48},"end":{"line":102,"column":3}},"line":87},"14":{"name":"(anonymous_14)","decl":{"start":{"line":104,"column":37},"end":{"line":104,"column":38}},"loc":{"start":{"line":104,"column":49},"end":{"line":125,"column":3}},"line":104},"15":{"name":"(anonymous_15)","decl":{"start":{"line":116,"column":15},"end":{"line":116,"column":16}},"loc":{"start":{"line":116,"column":25},"end":{"line":120,"column":7}},"line":116},"16":{"name":"(anonymous_16)","decl":{"start":{"line":117,"column":45},"end":{"line":117,"column":46}},"loc":{"start":{"line":117,"column":52},"end":{"line":117,"column":56}},"line":117},"17":{"name":"(anonymous_17)","decl":{"start":{"line":118,"column":39},"end":{"line":118,"column":40}},"loc":{"start":{"line":118,"column":46},"end":{"line":118,"column":68}},"line":118},"18":{"name":"(anonymous_18)","decl":{"start":{"line":121,"column":16},"end":{"line":121,"column":17}},"loc":{"start":{"line":121,"column":26},"end":{"line":121,"column":46}},"line":121},"19":{"name":"(anonymous_19)","decl":{"start":{"line":127,"column":35},"end":{"line":127,"column":36}},"loc":{"start":{"line":127,"column":47},"end":{"line":146,"column":3}},"line":127},"20":{"name":"(anonymous_20)","decl":{"start":{"line":148,"column":40},"end":{"line":148,"column":41}},"loc":{"start":{"line":148,"column":46},"end":{"line":152,"column":3}},"line":148},"21":{"name":"(anonymous_21)","decl":{"start":{"line":154,"column":39},"end":{"line":154,"column":40}},"loc":{"start":{"line":154,"column":45},"end":{"line":162,"column":3}},"line":154},"22":{"name":"(anonymous_22)","decl":{"start":{"line":168,"column":53},"end":{"line":168,"column":54}},"loc":{"start":{"line":168,"column":59},"end":{"line":168,"column":72}},"line":168},"23":{"name":"(anonymous_23)","decl":{"start":{"line":208,"column":26},"end":{"line":208,"column":27}},"loc":{"start":{"line":209,"column":16},"end":{"line":225,"column":28}},"line":209},"24":{"name":"(anonymous_24)","decl":{"start":{"line":211,"column":27},"end":{"line":211,"column":28}},"loc":{"start":{"line":211,"column":33},"end":{"line":211,"column":61}},"line":211}},"branchMap":{"0":{"loc":{"start":{"line":39,"column":21},"end":{"line":39,"column":59}},"type":"cond-expr","locations":[{"start":{"line":39,"column":45},"end":{"line":39,"column":49}},{"start":{"line":39,"column":52},"end":{"line":39,"column":59}}],"line":39},"1":{"loc":{"start":{"line":41,"column":16},"end":{"line":41,"column":94}},"type":"cond-expr","locations":[{"start":{"line":41,"column":47},"end":{"line":41,"column":86}},{"start":{"line":41,"column":90},"end":{"line":41,"column":94}}],"line":41},"2":{"loc":{"start":{"line":41,"column":16},"end":{"line":41,"column":43}},"type":"binary-expr","locations":[{"start":{"line":41,"column":16},"end":{"line":41,"column":22}},{"start":{"line":41,"column":26},"end":{"line":41,"column":43}}],"line":41},"3":{"loc":{"start":{"line":41,"column":47},"end":{"line":41,"column":86}},"type":"binary-expr","locations":[{"start":{"line":41,"column":47},"end":{"line":41,"column":73}},{"start":{"line":41,"column":77},"end":{"line":41,"column":86}}],"line":41},"4":{"loc":{"start":{"line":42,"column":25},"end":{"line":42,"column":42}},"type":"binary-expr","locations":[{"start":{"line":42,"column":25},"end":{"line":42,"column":34}},{"start":{"line":42,"column":38},"end":{"line":42,"column":42}}],"line":42},"5":{"loc":{"start":{"line":49,"column":20},"end":{"line":49,"column":58}},"type":"cond-expr","locations":[{"start":{"line":49,"column":44},"end":{"line":49,"column":48}},{"start":{"line":49,"column":51},"end":{"line":49,"column":58}}],"line":49},"6":{"loc":{"start":{"line":52,"column":4},"end":{"line":56,"column":5}},"type":"if","locations":[{"start":{"line":52,"column":4},"end":{"line":56,"column":5}},{"start":{},"end":{}}],"line":52},"7":{"loc":{"start":{"line":52,"column":8},"end":{"line":52,"column":48}},"type":"binary-expr","locations":[{"start":{"line":52,"column":8},"end":{"line":52,"column":31}},{"start":{"line":52,"column":35},"end":{"line":52,"column":48}}],"line":52},"8":{"loc":{"start":{"line":69,"column":8},"end":{"line":69,"column":49}},"type":"if","locations":[{"start":{"line":69,"column":8},"end":{"line":69,"column":49}},{"start":{},"end":{}}],"line":69},"9":{"loc":{"start":{"line":70,"column":8},"end":{"line":70,"column":74}},"type":"if","locations":[{"start":{"line":70,"column":8},"end":{"line":70,"column":74}},{"start":{},"end":{}}],"line":70},"10":{"loc":{"start":{"line":70,"column":12},"end":{"line":70,"column":65}},"type":"binary-expr","locations":[{"start":{"line":70,"column":12},"end":{"line":70,"column":26}},{"start":{"line":70,"column":30},"end":{"line":70,"column":65}}],"line":70},"11":{"loc":{"start":{"line":71,"column":8},"end":{"line":71,"column":33}},"type":"if","locations":[{"start":{"line":71,"column":8},"end":{"line":71,"column":33}},{"start":{},"end":{}}],"line":71},"12":{"loc":{"start":{"line":72,"column":28},"end":{"line":72,"column":93}},"type":"cond-expr","locations":[{"start":{"line":72,"column":68},"end":{"line":72,"column":72}},{"start":{"line":72,"column":75},"end":{"line":72,"column":93}}],"line":72},"13":{"loc":{"start":{"line":80,"column":45},"end":{"line":80,"column":92}},"type":"cond-expr","locations":[{"start":{"line":80,"column":74},"end":{"line":80,"column":85}},{"start":{"line":80,"column":88},"end":{"line":80,"column":92}}],"line":80},"14":{"loc":{"start":{"line":84,"column":18},"end":{"line":84,"column":47}},"type":"binary-expr","locations":[{"start":{"line":84,"column":18},"end":{"line":84,"column":31}},{"start":{"line":84,"column":35},"end":{"line":84,"column":47}}],"line":84},"15":{"loc":{"start":{"line":85,"column":16},"end":{"line":85,"column":41}},"type":"binary-expr","locations":[{"start":{"line":85,"column":16},"end":{"line":85,"column":27}},{"start":{"line":85,"column":31},"end":{"line":85,"column":41}}],"line":85},"16":{"loc":{"start":{"line":88,"column":4},"end":{"line":100,"column":5}},"type":"if","locations":[{"start":{"line":88,"column":4},"end":{"line":100,"column":5}},{"start":{},"end":{}}],"line":88},"17":{"loc":{"start":{"line":88,"column":8},"end":{"line":88,"column":38}},"type":"binary-expr","locations":[{"start":{"line":88,"column":8},"end":{"line":88,"column":20}},{"start":{"line":88,"column":24},"end":{"line":88,"column":38}}],"line":88},"18":{"loc":{"start":{"line":105,"column":4},"end":{"line":105,"column":83}},"type":"if","locations":[{"start":{"line":105,"column":4},"end":{"line":105,"column":83}},{"start":{},"end":{}}],"line":105},"19":{"loc":{"start":{"line":105,"column":8},"end":{"line":105,"column":74}},"type":"binary-expr","locations":[{"start":{"line":105,"column":8},"end":{"line":105,"column":16}},{"start":{"line":105,"column":20},"end":{"line":105,"column":27}},{"start":{"line":105,"column":31},"end":{"line":105,"column":46}},{"start":{"line":105,"column":50},"end":{"line":105,"column":58}},{"start":{"line":105,"column":62},"end":{"line":105,"column":74}}],"line":105},"20":{"loc":{"start":{"line":113,"column":6},"end":{"line":115,"column":7}},"type":"if","locations":[{"start":{"line":113,"column":6},"end":{"line":115,"column":7}},{"start":{},"end":{}}],"line":113},"21":{"loc":{"start":{"line":119,"column":15},"end":{"line":119,"column":66}},"type":"cond-expr","locations":[{"start":{"line":119,"column":37},"end":{"line":119,"column":59}},{"start":{"line":119,"column":62},"end":{"line":119,"column":66}}],"line":119},"22":{"loc":{"start":{"line":129,"column":4},"end":{"line":133,"column":5}},"type":"if","locations":[{"start":{"line":129,"column":4},"end":{"line":133,"column":5}},{"start":{},"end":{}}],"line":129},"23":{"loc":{"start":{"line":134,"column":4},"end":{"line":134,"column":32}},"type":"if","locations":[{"start":{"line":134,"column":4},"end":{"line":134,"column":32}},{"start":{},"end":{}}],"line":134},"24":{"loc":{"start":{"line":155,"column":4},"end":{"line":161,"column":5}},"type":"if","locations":[{"start":{"line":155,"column":4},"end":{"line":161,"column":5}},{"start":{},"end":{}}],"line":155},"25":{"loc":{"start":{"line":164,"column":2},"end":{"line":171,"column":3}},"type":"if","locations":[{"start":{"line":164,"column":2},"end":{"line":171,"column":3}},{"start":{},"end":{}}],"line":164},"26":{"loc":{"start":{"line":164,"column":6},"end":{"line":164,"column":39}},"type":"binary-expr","locations":[{"start":{"line":164,"column":6},"end":{"line":164,"column":14}},{"start":{"line":164,"column":18},"end":{"line":164,"column":39}}],"line":164},"27":{"loc":{"start":{"line":173,"column":2},"end":{"line":180,"column":3}},"type":"if","locations":[{"start":{"line":173,"column":2},"end":{"line":180,"column":3}},{"start":{},"end":{}}],"line":173},"28":{"loc":{"start":{"line":173,"column":6},"end":{"line":173,"column":52}},"type":"binary-expr","locations":[{"start":{"line":173,"column":6},"end":{"line":173,"column":13}},{"start":{"line":173,"column":17},"end":{"line":173,"column":35}},{"start":{"line":173,"column":39},"end":{"line":173,"column":52}}],"line":173},"29":{"loc":{"start":{"line":182,"column":2},"end":{"line":189,"column":3}},"type":"if","locations":[{"start":{"line":182,"column":2},"end":{"line":189,"column":3}},{"start":{},"end":{}}],"line":182},"30":{"loc":{"start":{"line":182,"column":6},"end":{"line":182,"column":50}},"type":"binary-expr","locations":[{"start":{"line":182,"column":6},"end":{"line":182,"column":11}},{"start":{"line":182,"column":15},"end":{"line":182,"column":33}},{"start":{"line":182,"column":37},"end":{"line":182,"column":50}}],"line":182},"31":{"loc":{"start":{"line":191,"column":28},"end":{"line":191,"column":55}},"type":"binary-expr","locations":[{"start":{"line":191,"column":28},"end":{"line":191,"column":34}},{"start":{"line":191,"column":38},"end":{"line":191,"column":55}}],"line":191},"32":{"loc":{"start":{"line":198,"column":17},"end":{"line":198,"column":48}},"type":"binary-expr","locations":[{"start":{"line":198,"column":17},"end":{"line":198,"column":28}},{"start":{"line":198,"column":32},"end":{"line":198,"column":48}}],"line":198},"33":{"loc":{"start":{"line":199,"column":20},"end":{"line":199,"column":51}},"type":"binary-expr","locations":[{"start":{"line":199,"column":20},"end":{"line":199,"column":38}},{"start":{"line":199,"column":42},"end":{"line":199,"column":51}}],"line":199},"34":{"loc":{"start":{"line":202,"column":11},"end":{"line":228,"column":11}},"type":"binary-expr","locations":[{"start":{"line":202,"column":11},"end":{"line":202,"column":28}},{"start":{"line":203,"column":12},"end":{"line":227,"column":25}}],"line":202},"35":{"loc":{"start":{"line":213,"column":20},"end":{"line":215,"column":58}},"type":"cond-expr","locations":[{"start":{"line":214,"column":24},"end":{"line":214,"column":38}},{"start":{"line":215,"column":24},"end":{"line":215,"column":58}}],"line":213},"36":{"loc":{"start":{"line":221,"column":22},"end":{"line":221,"column":83}},"type":"cond-expr","locations":[{"start":{"line":221,"column":53},"end":{"line":221,"column":65}},{"start":{"line":221,"column":68},"end":{"line":221,"column":83}}],"line":221},"37":{"loc":{"start":{"line":242,"column":21},"end":{"line":242,"column":47}},"type":"cond-expr","locations":[{"start":{"line":242,"column":36},"end":{"line":242,"column":40}},{"start":{"line":242,"column":43},"end":{"line":242,"column":47}}],"line":242},"38":{"loc":{"start":{"line":243,"column":23},"end":{"line":243,"column":70}},"type":"cond-expr","locations":[{"start":{"line":243,"column":38},"end":{"line":243,"column":55}},{"start":{"line":243,"column":58},"end":{"line":243,"column":70}}],"line":243},"39":{"loc":{"start":{"line":244,"column":23},"end":{"line":244,"column":53}},"type":"binary-expr","locations":[{"start":{"line":244,"column":23},"end":{"line":244,"column":36}},{"start":{"line":244,"column":40},"end":{"line":244,"column":53}}],"line":244},"40":{"loc":{"start":{"line":247,"column":34},"end":{"line":247,"column":63}},"type":"cond-expr","locations":[{"start":{"line":247,"column":49},"end":{"line":247,"column":56}},{"start":{"line":247,"column":59},"end":{"line":247,"column":63}}],"line":247},"41":{"loc":{"start":{"line":254,"column":9},"end":{"line":270,"column":9}},"type":"cond-expr","locations":[{"start":{"line":255,"column":10},"end":{"line":260,"column":17}},{"start":{"line":262,"column":10},"end":{"line":269,"column":12}}],"line":254},"42":{"loc":{"start":{"line":254,"column":9},"end":{"line":254,"column":37}},"type":"binary-expr","locations":[{"start":{"line":254,"column":9},"end":{"line":254,"column":15}},{"start":{"line":254,"column":19},"end":{"line":254,"column":27}},{"start":{"line":254,"column":31},"end":{"line":254,"column":37}}],"line":254},"43":{"loc":{"start":{"line":264,"column":21},"end":{"line":264,"column":59}},"type":"cond-expr","locations":[{"start":{"line":264,"column":36},"end":{"line":264,"column":49}},{"start":{"line":264,"column":52},"end":{"line":264,"column":59}}],"line":264},"44":{"loc":{"start":{"line":265,"column":19},"end":{"line":265,"column":52}},"type":"cond-expr","locations":[{"start":{"line":265,"column":27},"end":{"line":265,"column":45}},{"start":{"line":265,"column":48},"end":{"line":265,"column":52}}],"line":265},"45":{"loc":{"start":{"line":268,"column":21},"end":{"line":268,"column":45}},"type":"binary-expr","locations":[{"start":{"line":268,"column":21},"end":{"line":268,"column":34}},{"start":{"line":268,"column":38},"end":{"line":268,"column":45}}],"line":268},"46":{"loc":{"start":{"line":272,"column":9},"end":{"line":274,"column":9}},"type":"binary-expr","locations":[{"start":{"line":272,"column":9},"end":{"line":272,"column":14}},{"start":{"line":273,"column":10},"end":{"line":273,"column":92}}],"line":272}},"s":{"0":0,"1":0,"2":0,"3":0,"4":0,"5":0,"6":0,"7":0,"8":0,"9":0,"10":0,"11":0,"12":0,"13":0,"14":0,"15":0,"16":0,"17":0,"18":0,"19":0,"20":0,"21":0,"22":0,"23":0,"24":0,"25":0,"26":0,"27":0,"28":0,"29":0,"30":0,"31":0,"32":0,"33":0,"34":0,"35":0,"36":0,"37":0,"38":0,"39":0,"40":0,"41":0,"42":0,"43":0,"44":0,"45":0,"46":0,"47":0,"48":0,"49":0,"50":0,"51":0,"52":0,"53":0,"54":0,"55":0,"56":0,"57":0,"58":0,"59":0,"60":0,"61":0,"62":0,"63":0,"64":0,"65":0,"66":0,"67":0,"68":0,"69":0,"70":0,"71":0,"72":0,"73":0,"74":0,"75":0,"76":0,"77":0,"78":0,"79":0,"80":0,"81":0,"82":0,"83":0,"84":0,"85":0,"86":0,"87":0,"88":0,"89":0,"90":0,"91":0,"92":0,"93":0,"94":0,"95":0,"96":0,"97":0,"98":0,"99":0,"100":0,"101":0,"102":0,"103":0},"f":{"0":0,"1":0,"2":0,"3":0,"4":0,"5":0,"6":0,"7":0,"8":0,"9":0,"10":0,"11":0,"12":0,"13":0,"14":0,"15":0,"16":0,"17":0,"18":0,"19":0,"20":0,"21":0,"22":0,"23":0,"24":0},"b":{"0":[0,0],"1":[0,0],"2":[0,0],"3":[0,0],"4":[0,0],"5":[0,0],"6":[0,0],"7":[0,0],"8":[0,0],"9":[0,0],"10":[0,0],"11":[0,0],"12":[0,0],"13":[0,0],"14":[0,0],"15":[0,0],"16":[0,0],"17":[0,0],"18":[0,0],"19":[0,0,0,0,0],"20":[0,0],"21":[0,0],"22":[0,0],"23":[0,0],"24":[0,0],"25":[0,0],"26":[0,0],"27":[0,0],"28":[0,0,0],"29":[0,0],"30":[0,0,0],"31":[0,0],"32":[0,0],"33":[0,0],"34":[0,0],"35":[0,0],"36":[0,0],"37":[0,0],"38":[0,0],"39":[0,0],"40":[0,0],"41":[0,0],"42":[0,0,0],"43":[0,0],"44":[0,0],"45":[0,0],"46":[0,0]}}
[...]
,"C:\\Users\\Administrator\\programming\\app\\gns-hermit-comm\\src\\shared\\lib\\supabase.ts": {"path":"C:\\Users\\Administrator\\programming\\app\\gns-hermit-comm\\src\\shared\\lib\\supabase.ts","statementMap":{"0":{"start":{"line":5,"column":2},"end":{"line":5,"column":82}},"1":{"start":{"line":8,"column":2},"end":{"line":8,"column":91}},"2":{"start":{"line":10,"column":0},"end":{"line":15,"column":1}},"3":{"start":{"line":11,"column":2},"end":{"line":14,"column":4}},"4":{"start":{"line":17,"column":24},"end":{"line":28,"column":2}}},"fnMap":{},"branchMap":{"0":{"loc":{"start":{"line":5,"column":2},"end":{"line":5,"column":82}},"type":"binary-expr","locations":[{"start":{"line":5,"column":2},"end":{"line":5,"column":38}},{"start":{"line":5,"column":42},"end":{"line":5,"column":82}}],"line":5},"1":{"loc":{"start":{"line":8,"column":2},"end":{"line":8,"column":91}},"type":"binary-expr","locations":[{"start":{"line":8,"column":2},"end":{"line":8,"column":43}},{"start":{"line":8,"column":47},"end":{"line":8,"column":91}}],"line":8},"2":{"loc":{"start":{"line":10,"column":0},"end":{"line":15,"column":1}},"type":"if","locations":[{"start":{"line":10,"column":0},"end":{"line":15,"column":1}},{"start":{},"end":{}}],"line":10},"3":{"loc":{"start":{"line":10,"column":4},"end":{"line":10,"column":36}},"type":"binary-expr","locations":[{"start":{"line":10,"column":4},"end":{"line":10,"column":16}},{"start":{"line":10,"column":20},"end":{"line":10,"column":36}}],"line":10}},"s":{"0":1,"1":1,"2":1,"3":0,"4":1},"f":{},"b":{"0":[1,1],"1":[1,1],"2":[0,1],"3":[1,1]},"_coverageSchema":"1a1c01bbd47fc00a2c39e90264f33305004495a9","hash":"263e8938aa789a4625bb5f4045318d0a81de9921"}
,"C:\\Users\\Administrator\\programming\\app\\gns-hermit-comm\\src\\shared\\utils\\format.ts": {"path":"C:\\Users\\Administrator\\programming\\app\\gns-hermit-comm\\src\\shared\\utils\\format.ts","statementMap":{"0":{"start":{"line":11,"column":15},"end":{"line":11,"column":35}},"1":{"start":{"line":12,"column":14},"end":{"line":12,"column":24}},"2":{"start":{"line":13,"column":19},"end":{"line":13,"column":49}},"3":{"start":{"line":14,"column":20},"end":{"line":14,"column":48}},"4":{"start":{"line":15,"column":19},"end":{"line":15,"column":46}},"5":{"start":{"line":17,"column":2},"end":{"line":17,"column":34}},"6":{"start":{"line":17,"column":20},"end":{"line":17,"column":34}},"7":{"start":{"line":18,"column":2},"end":{"line":18,"column":45}},"8":{"start":{"line":18,"column":21},"end":{"line":18,"column":45}},"9":{"start":{"line":19,"column":2},"end":{"line":19,"column":48}},"10":{"start":{"line":19,"column":22},"end":{"line":19,"column":48}},"11":{"start":{"line":20,"column":2},"end":{"line":20,"column":44}},"12":{"start":{"line":20,"column":20},"end":{"line":20,"column":44}},"13":{"start":{"line":22,"column":2},"end":{"line":24,"column":3}},"14":{"start":{"line":23,"column":4},"end":{"line":23,"column":33}},"15":{"start":{"line":25,"column":2},"end":{"line":25,"column":36}},"16":{"start":{"line":29,"column":2},"end":{"line":29,"column":44}},"17":{"start":{"line":29,"column":32},"end":{"line":29,"column":44}},"18":{"start":{"line":30,"column":2},"end":{"line":30,"column":42}},"19":{"start":{"line":34,"column":2},"end":{"line":34,"column":44}},"20":{"start":{"line":34,"column":20},"end":{"line":34,"column":44}},"21":{"start":{"line":35,"column":2},"end":{"line":35,"column":60}},"22":{"start":{"line":35,"column":21},"end":{"line":35,"column":60}},"23":{"start":{"line":36,"column":2},"end":{"line":36,"column":40}}},"fnMap":{"0":{"name":"formatDate","decl":{"start":{"line":10,"column":16},"end":{"line":10,"column":26}},"loc":{"start":{"line":10,"column":55},"end":{"line":26,"column":1}},"line":10},"1":{"name":"truncateText","decl":{"start":{"line":28,"column":16},"end":{"line":28,"column":28}},"loc":{"start":{"line":28,"column":70},"end":{"line":31,"column":1}},"line":28},"2":{"name":"formatReactionCount","decl":{"start":{"line":33,"column":16},"end":{"line":33,"column":35}},"loc":{"start":{"line":33,"column":59},"end":{"line":37,"column":1}},"line":33}},"branchMap":{"0":{"loc":{"start":{"line":17,"column":2},"end":{"line":17,"column":34}},"type":"if","locations":[{"start":{"line":17,"column":2},"end":{"line":17,"column":34}},{"start":{},"end":{}}],"line":17},"1":{"loc":{"start":{"line":18,"column":2},"end":{"line":18,"column":45}},"type":"if","locations":[{"start":{"line":18,"column":2},"end":{"line":18,"column":45}},{"start":{},"end":{}}],"line":18},"2":{"loc":{"start":{"line":19,"column":2},"end":{"line":19,"column":48}},"type":"if","locations":[{"start":{"line":19,"column":2},"end":{"line":19,"column":48}},{"start":{},"end":{}}],"line":19},"3":{"loc":{"start":{"line":20,"column":2},"end":{"line":20,"column":44}},"type":"if","locations":[{"start":{"line":20,"column":2},"end":{"line":20,"column":44}},{"start":{},"end":{}}],"line":20},"4":{"loc":{"start":{"line":22,"column":2},"end":{"line":24,"column":3}},"type":"if","locations":[{"start":{"line":22,"column":2},"end":{"line":24,"column":3}},{"start":{},"end":{}}],"line":22},"5":{"loc":{"start":{"line":29,"column":2},"end":{"line":29,"column":44}},"type":"if","locations":[{"start":{"line":29,"column":2},"end":{"line":29,"column":44}},{"start":{},"end":{}}],"line":29},"6":{"loc":{"start":{"line":34,"column":2},"end":{"line":34,"column":44}},"type":"if","locations":[{"start":{"line":34,"column":2},"end":{"line":34,"column":44}},{"start":{},"end":{}}],"line":34},"7":{"loc":{"start":{"line":35,"column":2},"end":{"line":35,"column":60}},"type":"if","locations":[{"start":{"line":35,"column":2},"end":{"line":35,"column":60}},{"start":{},"end":{}}],"line":35}},"s":{"0":7,"1":7,"2":7,"3":7,"4":7,"5":7,"6":1,"7":6,"8":1,"9":5,"10":1,"11":4,"12":1,"13":3,"14":1,"15":2,"16":4,"17":2,"18":2,"19":6,"20":2,"21":4,"22":2,"23":2},"f":{"0":7,"1":4,"2":6},"b":{"0":[1,6],"1":[1,5],"2":[1,4],"3":[1,3],"4":[1,2],"5":[2,2],"6":[2,4],"7":[2,2]},"_coverageSchema":"1a1c01bbd47fc00a2c39e90264f33305004495a9","hash":"3904c4c943624f2438703afb95caf1bb9ae813e8"}
,"C:\\Users\\Administrator\\programming\\app\\gns-hermit-comm\\src\\shared\\utils\\html.ts": {"path":"C:\\Users\\Administrator\\programming\\app\\gns-hermit-comm\\src\\shared\\utils\\html.ts","statementMap":{"0":{"start":{"line":7,"column":2},"end":{"line":7,"column":51}},"1":{"start":{"line":7,"column":41},"end":{"line":7,"column":51}},"2":{"start":{"line":8,"column":2},"end":{"line":11,"column":12}},"3":{"start":{"line":16,"column":16},"end":{"line":16,"column":63}},"4":{"start":{"line":17,"column":2},"end":{"line":17,"column":43}},"5":{"start":{"line":17,"column":30},"end":{"line":17,"column":43}},"6":{"start":{"line":18,"column":2},"end":{"line":18,"column":45}},"7":{"start":{"line":23,"column":2},"end":{"line":23,"column":60}},"8":{"start":{"line":23,"column":47},"end":{"line":23,"column":60}},"9":{"start":{"line":24,"column":2},"end":{"line":24,"column":46}}},"fnMap":{"0":{"name":"stripHtml","decl":{"start":{"line":6,"column":16},"end":{"line":6,"column":25}},"loc":{"start":{"line":6,"column":48},"end":{"line":12,"column":1}},"line":6},"1":{"name":"getExcerpt","decl":{"start":{"line":15,"column":16},"end":{"line":15,"column":26}},"loc":{"start":{"line":15,"column":65},"end":{"line":19,"column":1}},"line":15},"2":{"name":"isLikelyHtml","decl":{"start":{"line":22,"column":16},"end":{"line":22,"column":28}},"loc":{"start":{"line":22,"column":55},"end":{"line":25,"column":1}},"line":22}},"branchMap":{"0":{"loc":{"start":{"line":7,"column":2},"end":{"line":7,"column":51}},"type":"if","locations":[{"start":{"line":7,"column":2},"end":{"line":7,"column":51}},{"start":{},"end":{}}],"line":7},"1":{"loc":{"start":{"line":7,"column":6},"end":{"line":7,"column":39}},"type":"binary-expr","locations":[{"start":{"line":7,"column":6},"end":{"line":7,"column":11}},{"start":{"line":7,"column":15},"end":{"line":7,"column":39}}],"line":7},"2":{"loc":{"start":{"line":16,"column":16},"end":{"line":16,"column":63}},"type":"cond-expr","locations":[{"start":{"line":16,"column":43},"end":{"line":16,"column":58}},{"start":{"line":16,"column":61},"end":{"line":16,"column":63}}],"line":16},"3":{"loc":{"start":{"line":17,"column":2},"end":{"line":17,"column":43}},"type":"if","locations":[{"start":{"line":17,"column":2},"end":{"line":17,"column":43}},{"start":{},"end":{}}],"line":17},"4":{"loc":{"start":{"line":23,"column":2},"end":{"line":23,"column":60}},"type":"if","locations":[{"start":{"line":23,"column":2},"end":{"line":23,"column":60}},{"start":{},"end":{}}],"line":23},"5":{"loc":{"start":{"line":23,"column":6},"end":{"line":23,"column":45}},"type":"binary-expr","locations":[{"start":{"line":23,"column":6},"end":{"line":23,"column":14}},{"start":{"line":23,"column":18},"end":{"line":23,"column":45}}],"line":23}},"s":{"0":18,"1":1,"2":17,"3":6,"4":6,"5":3,"6":3,"7":6,"8":1,"9":5},"f":{"0":18,"1":6,"2":6},"b":{"0":[1,17],"1":[18,17],"2":[6,0],"3":[3,3],"4":[1,5],"5":[6,5]},"_coverageSchema":"1a1c01bbd47fc00a2c39e90264f33305004495a9","hash":"dc6404e4cea7b19cf6e94a0522fa5355ea6152dd"}
,"C:\\Users\\Administrator\\programming\\app\\gns-hermit-comm\\src\\shared\\utils\\logger.ts": {"path":"C:\\Users\\Administrator\\programming\\app\\gns-hermit-comm\\src\\shared\\utils\\logger.ts","statementMap":{"0":{"start":{"line":7,"column":15},"end":{"line":7,"column":22}},"1":{"start":{"line":9,"column":22},"end":{"line":22,"column":1}},"2":{"start":{"line":11,"column":4},"end":{"line":11,"column":37}},"3":{"start":{"line":11,"column":16},"end":{"line":11,"column":37}},"4":{"start":{"line":14,"column":4},"end":{"line":14,"column":39}},"5":{"start":{"line":14,"column":16},"end":{"line":14,"column":39}},"6":{"start":{"line":17,"column":4},"end":{"line":17,"column":38}},"7":{"start":{"line":17,"column":16},"end":{"line":17,"column":38}},"8":{"start":{"line":20,"column":4},"end":{"line":20,"column":38}},"9":{"start":{"line":20,"column":16},"end":{"line":20,"column":38}}},"fnMap":{"0":{"name":"(anonymous_0)","decl":{"start":{"line":10,"column":7},"end":{"line":10,"column":8}},"loc":{"start":{"line":10,"column":31},"end":{"line":12,"column":3}},"line":10},"1":{"name":"(anonymous_1)","decl":{"start":{"line":13,"column":9},"end":{"line":13,"column":10}},"loc":{"start":{"line":13,"column":33},"end":{"line":15,"column":3}},"line":13},"2":{"name":"(anonymous_2)","decl":{"start":{"line":16,"column":8},"end":{"line":16,"column":9}},"loc":{"start":{"line":16,"column":32},"end":{"line":18,"column":3}},"line":16},"3":{"name":"(anonymous_3)","decl":{"start":{"line":19,"column":8},"end":{"line":19,"column":9}},"loc":{"start":{"line":19,"column":32},"end":{"line":21,"column":3}},"line":19}},"branchMap":{"0":{"loc":{"start":{"line":11,"column":4},"end":{"line":11,"column":37}},"type":"if","locations":[{"start":{"line":11,"column":4},"end":{"line":11,"column":37}},{"start":{},"end":{}}],"line":11},"1":{"loc":{"start":{"line":14,"column":4},"end":{"line":14,"column":39}},"type":"if","locations":[{"start":{"line":14,"column":4},"end":{"line":14,"column":39}},{"start":{},"end":{}}],"line":14},"2":{"loc":{"start":{"line":17,"column":4},"end":{"line":17,"column":38}},"type":"if","locations":[{"start":{"line":17,"column":4},"end":{"line":17,"column":38}},{"start":{},"end":{}}],"line":17},"3":{"loc":{"start":{"line":20,"column":4},"end":{"line":20,"column":38}},"type":"if","locations":[{"start":{"line":20,"column":4},"end":{"line":20,"column":38}},{"start":{},"end":{}}],"line":20}},"s":{"0":2,"1":2,"2":0,"3":0,"4":1,"5":1,"6":0,"7":0,"8":0,"9":0},"f":{"0":0,"1":1,"2":0,"3":0},"b":{"0":[0,0],"1":[1,0],"2":[0,0],"3":[0,0]},"_coverageSchema":"1a1c01bbd47fc00a2c39e90264f33305004495a9","hash":"76d69c452cd83a037173de3d7a64cf0478bf01da"}
,"C:\\Users\\Administrator\\programming\\app\\gns-hermit-comm\\src\\shared\\utils\\validate.ts": {"path":"C:\\Users\\Administrator\\programming\\app\\gns-hermit-comm\\src\\shared\\utils\\validate.ts","statementMap":{"0":{"start":{"line":11,"column":2},"end":{"line":13,"column":3}},"1":{"start":{"line":12,"column":4},"end":{"line":12,"column":52}},"2":{"start":{"line":14,"column":2},"end":{"line":16,"column":3}},"3":{"start":{"line":15,"column":4},"end":{"line":15,"column":61}},"4":{"start":{"line":17,"column":2},"end":{"line":17,"column":27}},"5":{"start":{"line":21,"column":2},"end":{"line":23,"column":3}},"6":{"start":{"line":22,"column":4},"end":{"line":22,"column":52}},"7":{"start":{"line":24,"column":16},"end":{"line":24,"column":41}},"8":{"start":{"line":25,"column":2},"end":{"line":27,"column":3}},"9":{"start":{"line":26,"column":4},"end":{"line":26,"column":52}},"10":{"start":{"line":28,"column":2},"end":{"line":30,"column":3}},"11":{"start":{"line":29,"column":4},"end":{"line":29,"column":62}},"12":{"start":{"line":31,"column":2},"end":{"line":31,"column":27}},"13":{"start":{"line":35,"column":2},"end":{"line":37,"column":3}},"14":{"start":{"line":36,"column":4},"end":{"line":36,"column":56}},"15":{"start":{"line":38,"column":2},"end":{"line":40,"column":3}},"16":{"start":{"line":39,"column":4},"end":{"line":39,"column":64}},"17":{"start":{"line":41,"column":2},"end":{"line":41,"column":27}},"18":{"start":{"line":45,"column":2},"end":{"line":47,"column":3}},"19":{"start":{"line":46,"column":4},"end":{"line":46,"column":52}},"20":{"start":{"line":48,"column":2},"end":{"line":50,"column":3}},"21":{"start":{"line":49,"column":4},"end":{"line":49,"column":62}},"22":{"start":{"line":51,"column":2},"end":{"line":51,"column":27}}},"fnMap":{"0":{"name":"validatePostTitle","decl":{"start":{"line":10,"column":16},"end":{"line":10,"column":33}},"loc":{"start":{"line":10,"column":67},"end":{"line":18,"column":1}},"line":10},"1":{"name":"validatePostContent","decl":{"start":{"line":20,"column":16},"end":{"line":20,"column":35}},"loc":{"start":{"line":20,"column":71},"end":{"line":32,"column":1}},"line":20},"2":{"name":"validateAuthor","decl":{"start":{"line":34,"column":16},"end":{"line":34,"column":30}},"loc":{"start":{"line":34,"column":65},"end":{"line":42,"column":1}},"line":34},"3":{"name":"validateCommentContent","decl":{"start":{"line":44,"column":16},"end":{"line":44,"column":38}},"loc":{"start":{"line":44,"column":74},"end":{"line":52,"column":1}},"line":44}},"branchMap":{"0":{"loc":{"start":{"line":11,"column":2},"end":{"line":13,"column":3}},"type":"if","locations":[{"start":{"line":11,"column":2},"end":{"line":13,"column":3}},{"start":{},"end":{}}],"line":11},"1":{"loc":{"start":{"line":14,"column":2},"end":{"line":16,"column":3}},"type":"if","locations":[{"start":{"line":14,"column":2},"end":{"line":16,"column":3}},{"start":{},"end":{}}],"line":14},"2":{"loc":{"start":{"line":21,"column":2},"end":{"line":23,"column":3}},"type":"if","locations":[{"start":{"line":21,"column":2},"end":{"line":23,"column":3}},{"start":{},"end":{}}],"line":21},"3":{"loc":{"start":{"line":25,"column":2},"end":{"line":27,"column":3}},"type":"if","locations":[{"start":{"line":25,"column":2},"end":{"line":27,"column":3}},{"start":{},"end":{}}],"line":25},"4":{"loc":{"start":{"line":28,"column":2},"end":{"line":30,"column":3}},"type":"if","locations":[{"start":{"line":28,"column":2},"end":{"line":30,"column":3}},{"start":{},"end":{}}],"line":28},"5":{"loc":{"start":{"line":35,"column":2},"end":{"line":37,"column":3}},"type":"if","locations":[{"start":{"line":35,"column":2},"end":{"line":37,"column":3}},{"start":{},"end":{}}],"line":35},"6":{"loc":{"start":{"line":38,"column":2},"end":{"line":40,"column":3}},"type":"if","locations":[{"start":{"line":38,"column":2},"end":{"line":40,"column":3}},{"start":{},"end":{}}],"line":38},"7":{"loc":{"start":{"line":45,"column":2},"end":{"line":47,"column":3}},"type":"if","locations":[{"start":{"line":45,"column":2},"end":{"line":47,"column":3}},{"start":{},"end":{}}],"line":45},"8":{"loc":{"start":{"line":48,"column":2},"end":{"line":50,"column":3}},"type":"if","locations":[{"start":{"line":48,"column":2},"end":{"line":50,"column":3}},{"start":{},"end":{}}],"line":48}},"s":{"0":5,"1":2,"2":3,"3":1,"4":2,"5":8,"6":1,"7":7,"8":7,"9":3,"10":4,"11":1,"12":3,"13":3,"14":1,"15":2,"16":1,"17":1,"18":3,"19":1,"20":2,"21":1,"22":1},"f":{"0":5,"1":8,"2":3,"3":3},"b":{"0":[2,3],"1":[1,2],"2":[1,7],"3":[3,4],"4":[1,3],"5":[1,2],"6":[1,1],"7":[1,2],"8":[1,1]},"_coverageSchema":"1a1c01bbd47fc00a2c39e90264f33305004495a9","hash":"4df658baf340d4022a2c7bfb84c71ebc8876bbaf"}
,"C:\\Users\\Administrator\\programming\\app\\gns-hermit-comm\\src\\types\\index.ts": {"path":"C:\\Users\\Administrator\\programming\\app\\gns-hermit-comm\\src\\types\\index.ts","statementMap":{"0":{"start":{"line":99,"column":2},"end":{"line":99,"column":60}},"1":{"start":{"line":99,"column":47},"end":{"line":99,"column":60}},"2":{"start":{"line":100,"column":15},"end":{"line":100,"column":35}},"3":{"start":{"line":101,"column":2},"end":{"line":110,"column":4}},"4":{"start":{"line":114,"column":2},"end":{"line":114,"column":60}},"5":{"start":{"line":114,"column":47},"end":{"line":114,"column":60}},"6":{"start":{"line":115,"column":18},"end":{"line":115,"column":41}},"7":{"start":{"line":116,"column":2},"end":{"line":125,"column":4}}},"fnMap":{"0":{"name":"isPost","decl":{"start":{"line":98,"column":16},"end":{"line":98,"column":22}},"loc":{"start":{"line":98,"column":50},"end":{"line":111,"column":1}},"line":98},"1":{"name":"isComment","decl":{"start":{"line":113,"column":16},"end":{"line":113,"column":25}},"loc":{"start":{"line":113,"column":56},"end":{"line":126,"column":1}},"line":113}},"branchMap":{"0":{"loc":{"start":{"line":99,"column":2},"end":{"line":99,"column":60}},"type":"if","locations":[{"start":{"line":99,"column":2},"end":{"line":99,"column":60}},{"start":{},"end":{}}],"line":99},"1":{"loc":{"start":{"line":99,"column":6},"end":{"line":99,"column":45}},"type":"binary-expr","locations":[{"start":{"line":99,"column":6},"end":{"line":99,"column":29}},{"start":{"line":99,"column":33},"end":{"line":99,"column":45}}],"line":99},"2":{"loc":{"start":{"line":102,"column":4},"end":{"line":109,"column":41}},"type":"binary-expr","locations":[{"start":{"line":102,"column":4},"end":{"line":102,"column":31}},{"start":{"line":103,"column":4},"end":{"line":103,"column":34}},{"start":{"line":104,"column":4},"end":{"line":104,"column":36}},{"start":{"line":105,"column":4},"end":{"line":105,"column":35}},{"start":{"line":106,"column":4},"end":{"line":106,"column":38}},{"start":{"line":107,"column":4},"end":{"line":107,"column":39}},{"start":{"line":108,"column":4},"end":{"line":108,"column":42}},{"start":{"line":109,"column":4},"end":{"line":109,"column":41}}],"line":102},"3":{"loc":{"start":{"line":114,"column":2},"end":{"line":114,"column":60}},"type":"if","locations":[{"start":{"line":114,"column":2},"end":{"line":114,"column":60}},{"start":{},"end":{}}],"line":114},"4":{"loc":{"start":{"line":114,"column":6},"end":{"line":114,"column":45}},"type":"binary-expr","locations":[{"start":{"line":114,"column":6},"end":{"line":114,"column":29}},{"start":{"line":114,"column":33},"end":{"line":114,"column":45}}],"line":114},"5":{"loc":{"start":{"line":117,"column":4},"end":{"line":124,"column":44}},"type":"binary-expr","locations":[{"start":{"line":117,"column":4},"end":{"line":117,"column":34}},{"start":{"line":118,"column":4},"end":{"line":118,"column":39}},{"start":{"line":119,"column":4},"end":{"line":119,"column":39}},{"start":{"line":120,"column":4},"end":{"line":120,"column":38}},{"start":{"line":121,"column":4},"end":{"line":121,"column":41}},{"start":{"line":122,"column":4},"end":{"line":122,"column":42}},{"start":{"line":123,"column":4},"end":{"line":123,"column":45}},{"start":{"line":124,"column":4},"end":{"line":124,"column":44}}],"line":117}},"s":{"0":6,"1":1,"2":5,"3":5,"4":4,"5":1,"6":3,"7":3},"f":{"0":6,"1":4},"b":{"0":[1,5],"1":[6,6],"2":[5,3,2,2,2,1,1,1],"3":[1,3],"4":[4,4],"5":[3,3,2,1,1,1,1,1]},"_coverageSchema":"1a1c01bbd47fc00a2c39e90264f33305004495a9","hash":"872c3d64a277e11060e025750544897e2afeea9e"}
}
