{"/home/user/hermit-comm_v1/src/app/_layout.tsx": {"path":"/home/user/hermit-comm_v1/src/app/_layout.tsx","statementMap":{"0":{"start":{"line":16,"column":19},"end":{"line":16,"column":53}},"1":{"start":{"line":17,"column":15},"end":{"line":17,"column":72}},"2":{"start":{"line":18,"column":19},"end":{"line":18,"column":48}},"3":{"start":{"line":20,"column":0},"end":{"line":54,"column":1}},"4":{"start":{"line":21,"column":2},"end":{"line":53,"column":5}},"5":{"start":{"line":28,"column":22},"end":{"line":28,"column":35}},"6":{"start":{"line":29,"column":6},"end":{"line":34,"column":7}},"7":{"start":{"line":30,"column":8},"end":{"line":33,"column":10}},"8":{"start":{"line":35,"column":6},"end":{"line":50,"column":7}},"9":{"start":{"line":36,"column":46},"end":{"line":36,"column":48}},"10":{"start":{"line":37,"column":8},"end":{"line":48,"column":9}},"11":{"start":{"line":38,"column":10},"end":{"line":47,"column":11}},"12":{"start":{"line":44,"column":12},"end":{"line":44,"column":35}},"13":{"start":{"line":46,"column":12},"end":{"line":46,"column":24}},"14":{"start":{"line":49,"column":8},"end":{"line":49,"column":27}},"15":{"start":{"line":51,"column":6},"end":{"line":51,"column":19}},"16":{"start":{"line":57,"column":2},"end":{"line":57,"column":22}},"17":{"start":{"line":57,"column":15},"end":{"line":57,"column":22}},"18":{"start":{"line":58,"column":2},"end":{"line":68,"column":3}},"19":{"start":{"line":59,"column":20},"end":{"line":59,"column":48}},"20":{"start":{"line":60,"column":4},"end":{"line":60,"column":66}},"21":{"start":{"line":60,"column":59},"end":{"line":60,"column":66}},"22":{"start":{"line":61,"column":19},"end":{"line":61,"column":54}},"23":{"start":{"line":62,"column":4},"end":{"line":65,"column":5}},"24":{"start":{"line":63,"column":6},"end":{"line":63,"column":39}},"25":{"start":{"line":64,"column":6},"end":{"line":64,"column":34}},"26":{"start":{"line":72,"column":29},"end":{"line":72,"column":38}},"27":{"start":{"line":75,"column":2},"end":{"line":77,"column":9}},"28":{"start":{"line":76,"column":4},"end":{"line":76,"column":26}},"29":{"start":{"line":80,"column":2},"end":{"line":92,"column":9}},"30":{"start":{"line":81,"column":25},"end":{"line":87,"column":6}},"31":{"start":{"line":82,"column":6},"end":{"line":86,"column":7}},"32":{"start":{"line":83,"column":8},"end":{"line":83,"column":41}},"33":{"start":{"line":85,"column":8},"end":{"line":85,"column":40}},"34":{"start":{"line":88,"column":4},"end":{"line":91,"column":6}},"35":{"start":{"line":89,"column":6},"end":{"line":89,"column":28}},"36":{"start":{"line":90,"column":6},"end":{"line":90,"column":38}},"37":{"start":{"line":95,"column":2},"end":{"line":102,"column":3}},"38":{"start":{"line":96,"column":4},"end":{"line":101,"column":6}},"39":{"start":{"line":105,"column":2},"end":{"line":115,"column":3}},"40":{"start":{"line":106,"column":4},"end":{"line":114,"column":6}},"41":{"start":{"line":117,"column":2},"end":{"line":146,"column":4}}},"fnMap":{"0":{"name":"(anonymous_0)","decl":{"start":{"line":26,"column":4},"end":{"line":26,"column":5}},"loc":{"start":{"line":26,"column":28},"end":{"line":52,"column":5}},"line":26},"1":{"name":"checkAndApplyUpdate","decl":{"start":{"line":56,"column":15},"end":{"line":56,"column":34}},"loc":{"start":{"line":56,"column":37},"end":{"line":69,"column":1}},"line":56},"2":{"name":"RootLayout","decl":{"start":{"line":71,"column":24},"end":{"line":71,"column":34}},"loc":{"start":{"line":71,"column":37},"end":{"line":147,"column":1}},"line":71},"3":{"name":"(anonymous_3)","decl":{"start":{"line":75,"column":12},"end":{"line":75,"column":13}},"loc":{"start":{"line":75,"column":18},"end":{"line":77,"column":3}},"line":75},"4":{"name":"(anonymous_4)","decl":{"start":{"line":80,"column":12},"end":{"line":80,"column":13}},"loc":{"start":{"line":80,"column":18},"end":{"line":92,"column":3}},"line":80},"5":{"name":"(anonymous_5)","decl":{"start":{"line":81,"column":61},"end":{"line":81,"column":62}},"loc":{"start":{"line":81,"column":72},"end":{"line":87,"column":5}},"line":81},"6":{"name":"(anonymous_6)","decl":{"start":{"line":88,"column":11},"end":{"line":88,"column":12}},"loc":{"start":{"line":88,"column":17},"end":{"line":91,"column":5}},"line":88}},"branchMap":{"0":{"loc":{"start":{"line":20,"column":0},"end":{"line":54,"column":1}},"type":"if","locations":[{"start":{"line":20,"column":0},"end":{"line":54,"column":1}},{"start":{},"end":{}}],"line":20},"1":{"loc":{"start":{"line":20,"column":4},"end":{"line":20,"column":26}},"type":"binary-expr","locations":[{"start":{"line":20,"column":4},"end":{"line":20,"column":12}},{"start":{"line":20,"column":16},"end":{"line":20,"column":26}}],"line":20},"2":{"loc":{"start":{"line":24,"column":17},"end":{"line":24,"column":40}},"type":"binary-expr","locations":[{"start":{"line":24,"column":17},"end":{"line":24,"column":23}},{"start":{"line":24,"column":27},"end":{"line":24,"column":40}}],"line":24},"3":{"loc":{"start":{"line":25,"column":13},"end":{"line":25,"column":69}},"type":"cond-expr","locations":[{"start":{"line":25,"column":26},"end":{"line":25,"column":57}},{"start":{"line":25,"column":60},"end":{"line":25,"column":69}}],"line":25},"4":{"loc":{"start":{"line":29,"column":6},"end":{"line":34,"column":7}},"type":"if","locations":[{"start":{"line":29,"column":6},"end":{"line":34,"column":7}},{"start":{},"end":{}}],"line":29},"5":{"loc":{"start":{"line":35,"column":6},"end":{"line":50,"column":7}},"type":"if","locations":[{"start":{"line":35,"column":6},"end":{"line":50,"column":7}},{"start":{},"end":{}}],"line":35},"6":{"loc":{"start":{"line":35,"column":10},"end":{"line":35,"column":56}},"type":"binary-expr","locations":[{"start":{"line":35,"column":10},"end":{"line":35,"column":21}},{"start":{"line":35,"column":25},"end":{"line":35,"column":56}}],"line":35},"7":{"loc":{"start":{"line":38,"column":10},"end":{"line":47,"column":11}},"type":"if","locations":[{"start":{"line":38,"column":10},"end":{"line":47,"column":11}},{"start":{"line":45,"column":17},"end":{"line":47,"column":11}}],"line":38},"8":{"loc":{"start":{"line":39,"column":12},"end":{"line":42,"column":32}},"type":"binary-expr","locations":[{"start":{"line":39,"column":12},"end":{"line":39,"column":45}},{"start":{"line":40,"column":12},"end":{"line":40,"column":48}},{"start":{"line":41,"column":12},"end":{"line":41,"column":26}},{"start":{"line":42,"column":12},"end":{"line":42,"column":32}}],"line":39},"9":{"loc":{"start":{"line":57,"column":2},"end":{"line":57,"column":22}},"type":"if","locations":[{"start":{"line":57,"column":2},"end":{"line":57,"column":22}},{"start":{},"end":{}}],"line":57},"10":{"loc":{"start":{"line":60,"column":4},"end":{"line":60,"column":66}},"type":"if","locations":[{"start":{"line":60,"column":4},"end":{"line":60,"column":66}},{"start":{},"end":{}}],"line":60},"11":{"loc":{"start":{"line":62,"column":4},"end":{"line":65,"column":5}},"type":"if","locations":[{"start":{"line":62,"column":4},"end":{"line":65,"column":5}},{"start":{},"end":{}}],"line":62},"12":{"loc":{"start":{"line":82,"column":6},"end":{"line":86,"column":7}},"type":"if","locations":[{"start":{"line":82,"column":6},"end":{"line":86,"column":7}},{"start":{"line":84,"column":13},"end":{"line":86,"column":7}}],"line":82},"13":{"loc":{"start":{"line":95,"column":2},"end":{"line":102,"column":3}},"type":"if","locations":[{"start":{"line":95,"column":2},"end":{"line":102,"column":3}},{"start":{},"end":{}}],"line":95},"14":{"loc":{"start":{"line":105,"column":2},"end":{"line":115,"column":3}},"type":"if","locations":[{"start":{"line":105,"column":2},"end":{"line":115,"column":3}},{"start":{},"end":{}}],"line":105}},"s":{"0":0,"1":0,"2":0,"3":0,"4":0,"5":0,"6":0,"7":0,"8":0,"9":0,"10":0,"11":0,"12":0,"13":0,"14":0,"15":0,"16":0,"17":0,"18":0,"19":0,"20":0,"21":0,"22":0,"23":0,"24":0,"25":0,"26":0,"27":0,"28":0,"29":0,"30":0,"31":0,"32":0,"33":0,"34":0,"35":0,"36":0,"37":0,"38":0,"39":0,"40":0,"41":0},"f":{"0":0,"1":0,"2":0,"3":0,"4":0,"5":0,"6":0},"b":{"0":[0,0],"1":[0,0],"2":[0,0],"3":[0,0],"4":[0,0],"5":[0,0],"6":[0,0],"7":[0,0],"8":[0,0,0,0],"9":[0,0],"10":[0,0],"11":[0,0],"12":[0,0],"13":[0,0],"14":[0,0]}}
,"/home/user/hermit-comm_v1/src/app/search.tsx": {"path":"/home/user/hermit-comm_v1/src/app/search.tsx","statementMap":{"0":{"start":{"line":13,"column":28},"end":{"line":13,"column":43}},"1":{"start":{"line":14,"column":19},"end":{"line":14,"column":20}},"2":{"start":{"line":15,"column":20},"end":{"line":15,"column":23}},"3":{"start":{"line":18,"column":2},"end":{"line":25,"column":3}},"4":{"start":{"line":19,"column":16},"end":{"line":19,"column":59}},"5":{"start":{"line":20,"column":4},"end":{"line":20,"column":24}},"6":{"start":{"line":20,"column":14},"end":{"line":20,"column":24}},"7":{"start":{"line":21,"column":19},"end":{"line":21,"column":45}},"8":{"start":{"line":22,"column":4},"end":{"line":22,"column":68}},"9":{"start":{"line":24,"column":4},"end":{"line":24,"column":14}},"10":{"start":{"line":29,"column":2},"end":{"line":29,"column":28}},"11":{"start":{"line":29,"column":21},"end":{"line":29,"column":28}},"12":{"start":{"line":30,"column":17},"end":{"line":30,"column":63}},"13":{"start":{"line":30,"column":51},"end":{"line":30,"column":62}},"14":{"start":{"line":31,"column":2},"end":{"line":31,"column":31}},"15":{"start":{"line":32,"column":2},"end":{"line":32,"column":85}},"16":{"start":{"line":36,"column":17},"end":{"line":36,"column":28}},"17":{"start":{"line":37,"column":17},"end":{"line":37,"column":55}},"18":{"start":{"line":38,"column":19},"end":{"line":38,"column":33}},"19":{"start":{"line":39,"column":28},"end":{"line":39,"column":46}},"20":{"start":{"line":40,"column":46},"end":{"line":40,"column":64}},"21":{"start":{"line":41,"column":28},"end":{"line":41,"column":48}},"22":{"start":{"line":42,"column":32},"end":{"line":42,"column":47}},"23":{"start":{"line":43,"column":28},"end":{"line":43,"column":57}},"24":{"start":{"line":44,"column":46},"end":{"line":44,"column":68}},"25":{"start":{"line":46,"column":2},"end":{"line":48,"column":9}},"26":{"start":{"line":47,"column":4},"end":{"line":47,"column":43}},"27":{"start":{"line":50,"column":2},"end":{"line":54,"column":17}},"28":{"start":{"line":51,"column":4},"end":{"line":51,"column":26}},"29":{"start":{"line":51,"column":19},"end":{"line":51,"column":26}},"30":{"start":{"line":52,"column":4},"end":{"line":52,"column":23}},"31":{"start":{"line":53,"column":4},"end":{"line":53,"column":32}},"32":{"start":{"line":56,"column":2},"end":{"line":61,"column":14}},"33":{"start":{"line":57,"column":18},"end":{"line":59,"column":19}},"34":{"start":{"line":58,"column":6},"end":{"line":58,"column":31}},"35":{"start":{"line":60,"column":4},"end":{"line":60,"column":37}},"36":{"start":{"line":60,"column":17},"end":{"line":60,"column":36}},"37":{"start":{"line":63,"column":17},"end":{"line":83,"column":8}},"38":{"start":{"line":64,"column":20},"end":{"line":64,"column":28}},"39":{"start":{"line":65,"column":4},"end":{"line":69,"column":5}},"40":{"start":{"line":66,"column":6},"end":{"line":66,"column":19}},"41":{"start":{"line":67,"column":6},"end":{"line":67,"column":21}},"42":{"start":{"line":68,"column":6},"end":{"line":68,"column":13}},"43":{"start":{"line":70,"column":4},"end":{"line":70,"column":21}},"44":{"start":{"line":71,"column":4},"end":{"line":71,"column":19}},"45":{"start":{"line":72,"column":4},"end":{"line":82,"column":5}},"46":{"start":{"line":73,"column":21},"end":{"line":73,"column":58}},"47":{"start":{"line":74,"column":6},"end":{"line":74,"column":23}},"48":{"start":{"line":75,"column":6},"end":{"line":75,"column":31}},"49":{"start":{"line":76,"column":6},"end":{"line":76,"column":45}},"50":{"start":{"line":78,"column":6},"end":{"line":78,"column":67}},"51":{"start":{"line":79,"column":6},"end":{"line":79,"column":19}},"52":{"start":{"line":81,"column":6},"end":{"line":81,"column":24}},"53":{"start":{"line":85,"column":2},"end":{"line":87,"column":31}},"54":{"start":{"line":86,"column":4},"end":{"line":86,"column":27}},"55":{"start":{"line":89,"column":24},"end":{"line":91,"column":30}},"56":{"start":{"line":90,"column":4},"end":{"line":90,"column":27}},"57":{"start":{"line":93,"column":28},"end":{"line":96,"column":8}},"58":{"start":{"line":94,"column":4},"end":{"line":94,"column":16}},"59":{"start":{"line":95,"column":4},"end":{"line":95,"column":25}},"60":{"start":{"line":98,"column":18},"end":{"line":98,"column":84}},"61":{"start":{"line":99,"column":21},"end":{"line":99,"column":72}},"62":{"start":{"line":101,"column":20},"end":{"line":101,"column":86}},"63":{"start":{"line":101,"column":35},"end":{"line":101,"column":66}},"64":{"start":{"line":103,"column":2},"end":{"line":164,"column":4}},"65":{"start":{"line":109,"column":27},"end":{"line":109,"column":40}},"66":{"start":{"line":134,"column":16},"end":{"line":141,"column":28}},"67":{"start":{"line":136,"column":33},"end":{"line":136,"column":53}}},"fnMap":{"0":{"name":"getRecentSearches","decl":{"start":{"line":17,"column":9},"end":{"line":17,"column":26}},"loc":{"start":{"line":17,"column":39},"end":{"line":26,"column":1}},"line":17},"1":{"name":"addRecentSearch","decl":{"start":{"line":28,"column":9},"end":{"line":28,"column":24}},"loc":{"start":{"line":28,"column":46},"end":{"line":33,"column":1}},"line":28},"2":{"name":"(anonymous_2)","decl":{"start":{"line":30,"column":44},"end":{"line":30,"column":45}},"loc":{"start":{"line":30,"column":51},"end":{"line":30,"column":62}},"line":30},"3":{"name":"SearchScreen","decl":{"start":{"line":35,"column":24},"end":{"line":35,"column":36}},"loc":{"start":{"line":35,"column":39},"end":{"line":165,"column":1}},"line":35},"4":{"name":"(anonymous_4)","decl":{"start":{"line":46,"column":12},"end":{"line":46,"column":13}},"loc":{"start":{"line":46,"column":18},"end":{"line":48,"column":3}},"line":46},"5":{"name":"(anonymous_5)","decl":{"start":{"line":50,"column":12},"end":{"line":50,"column":13}},"loc":{"start":{"line":50,"column":18},"end":{"line":54,"column":3}},"line":50},"6":{"name":"(anonymous_6)","decl":{"start":{"line":56,"column":12},"end":{"line":56,"column":13}},"loc":{"start":{"line":56,"column":18},"end":{"line":61,"column":3}},"line":56},"7":{"name":"(anonymous_7)","decl":{"start":{"line":57,"column":29},"end":{"line":57,"column":30}},"loc":{"start":{"line":57,"column":35},"end":{"line":59,"column":5}},"line":57},"8":{"name":"(anonymous_8)","decl":{"start":{"line":60,"column":11},"end":{"line":60,"column":12}},"loc":{"start":{"line":60,"column":17},"end":{"line":60,"column":36}},"line":60},"9":{"name":"(anonymous_9)","decl":{"start":{"line":63,"column":29},"end":{"line":63,"column":30}},"loc":{"start":{"line":63,"column":50},"end":{"line":83,"column":3}},"line":63},"10":{"name":"(anonymous_10)","decl":{"start":{"line":85,"column":12},"end":{"line":85,"column":13}},"loc":{"start":{"line":85,"column":18},"end":{"line":87,"column":3}},"line":85},"11":{"name":"(anonymous_11)","decl":{"start":{"line":89,"column":36},"end":{"line":89,"column":37}},"loc":{"start":{"line":89,"column":42},"end":{"line":91,"column":3}},"line":89},"12":{"name":"(anonymous_12)","decl":{"start":{"line":93,"column":40},"end":{"line":93,"column":41}},"loc":{"start":{"line":93,"column":55},"end":{"line":96,"column":3}},"line":93},"13":{"name":"(anonymous_13)","decl":{"start":{"line":101,"column":28},"end":{"line":101,"column":29}},"loc":{"start":{"line":101,"column":35},"end":{"line":101,"column":66}},"line":101},"14":{"name":"(anonymous_14)","decl":{"start":{"line":109,"column":21},"end":{"line":109,"column":22}},"loc":{"start":{"line":109,"column":27},"end":{"line":109,"column":40}},"line":109},"15":{"name":"(anonymous_15)","decl":{"start":{"line":133,"column":34},"end":{"line":133,"column":35}},"loc":{"start":{"line":134,"column":16},"end":{"line":141,"column":28}},"line":134},"16":{"name":"(anonymous_16)","decl":{"start":{"line":136,"column":27},"end":{"line":136,"column":28}},"loc":{"start":{"line":136,"column":33},"end":{"line":136,"column":53}},"line":136}},"branchMap":{"0":{"loc":{"start":{"line":20,"column":4},"end":{"line":20,"column":24}},"type":"if","locations":[{"start":{"line":20,"column":4},"end":{"line":20,"column":24}},{"start":{},"end":{}}],"line":20},"1":{"loc":{"start":{"line":22,"column":11},"end":{"line":22,"column":67}},"type":"cond-expr","locations":[{"start":{"line":22,"column":35},"end":{"line":22,"column":62}},{"start":{"line":22,"column":65},"end":{"line":22,"column":67}}],"line":22},"2":{"loc":{"start":{"line":29,"column":2},"end":{"line":29,"column":28}},"type":"if","locations":[{"start":{"line":29,"column":2},"end":{"line":29,"column":28}},{"start":{},"end":{}}],"line":29},"3":{"loc":{"start":{"line":38,"column":19},"end":{"line":38,"column":33}},"type":"binary-expr","locations":[{"start":{"line":38,"column":19},"end":{"line":38,"column":27}},{"start":{"line":38,"column":31},"end":{"line":38,"column":33}}],"line":38},"4":{"loc":{"start":{"line":51,"column":4},"end":{"line":51,"column":26}},"type":"if","locations":[{"start":{"line":51,"column":4},"end":{"line":51,"column":26}},{"start":{},"end":{}}],"line":51},"5":{"loc":{"start":{"line":65,"column":4},"end":{"line":69,"column":5}},"type":"if","locations":[{"start":{"line":65,"column":4},"end":{"line":69,"column":5}},{"start":{},"end":{}}],"line":65},"6":{"loc":{"start":{"line":78,"column":15},"end":{"line":78,"column":65}},"type":"cond-expr","locations":[{"start":{"line":78,"column":38},"end":{"line":78,"column":49}},{"start":{"line":78,"column":52},"end":{"line":78,"column":65}}],"line":78},"7":{"loc":{"start":{"line":98,"column":18},"end":{"line":98,"column":84}},"type":"binary-expr","locations":[{"start":{"line":98,"column":18},"end":{"line":98,"column":26}},{"start":{"line":98,"column":30},"end":{"line":98,"column":48}},{"start":{"line":98,"column":52},"end":{"line":98,"column":84}}],"line":98},"8":{"loc":{"start":{"line":99,"column":21},"end":{"line":99,"column":72}},"type":"binary-expr","locations":[{"start":{"line":99,"column":21},"end":{"line":99,"column":43}},{"start":{"line":99,"column":47},"end":{"line":99,"column":72}}],"line":99},"9":{"loc":{"start":{"line":101,"column":35},"end":{"line":101,"column":66}},"type":"cond-expr","locations":[{"start":{"line":101,"column":54},"end":{"line":101,"column":59}},{"start":{"line":101,"column":62},"end":{"line":101,"column":66}}],"line":101},"10":{"loc":{"start":{"line":101,"column":35},"end":{"line":101,"column":51}},"type":"binary-expr","locations":[{"start":{"line":101,"column":35},"end":{"line":101,"column":42}},{"start":{"line":101,"column":46},"end":{"line":101,"column":51}}],"line":101},"11":{"loc":{"start":{"line":129,"column":9},"end":{"line":145,"column":9}},"type":"binary-expr","locations":[{"start":{"line":129,"column":9},"end":{"line":129,"column":19}},{"start":{"line":130,"column":10},"end":{"line":144,"column":17}}],"line":129},"12":{"loc":{"start":{"line":147,"column":9},"end":{"line":161,"column":9}},"type":"cond-expr","locations":[{"start":{"line":148,"column":10},"end":{"line":152,"column":12}},{"start":{"line":154,"column":10},"end":{"line":160,"column":12}}],"line":147}},"s":{"0":0,"1":0,"2":0,"3":0,"4":0,"5":0,"6":0,"7":0,"8":0,"9":0,"10":0,"11":0,"12":0,"13":0,"14":0,"15":0,"16":0,"17":0,"18":0,"19":0,"20":0,"21":0,"22":0,"23":0,"24":0,"25":0,"26":0,"27":0,"28":0,"29":0,"30":0,"31":0,"32":0,"33":0,"34":0,"35":0,"36":0,"37":0,"38":0,"39":0,"40":0,"41":0,"42":0,"43":0,"44":0,"45":0,"46":0,"47":0,"48":0,"49":0,"50":0,"51":0,"52":0,"53":0,"54":0,"55":0,"56":0,"57":0,"58":0,"59":0,"60":0,"61":0,"62":0,"63":0,"64":0,"65":0,"66":0,"67":0},"f":{"0":0,"1":0,"2":0,"3":0,"4":0,"5":0,"6":0,"7":0,"8":0,"9":0,"10":0,"11":0,"12":0,"13":0,"14":0,"15":0,"16":0},"b":{"0":[0,0],"1":[0,0],"2":[0,0],"3":[0,0],"4":[0,0],"5":[0,0],"6":[0,0],"7":[0,0,0],"8":[0,0],"9":[0,0],"10":[0,0],"11":[0,0],"12":[0,0]}}
,"/home/user/hermit-comm_v1/src/app/(tabs)/_layout.tsx": {"path":"/home/user/hermit-comm_v1/src/app/(tabs)/_layout.tsx","statementMap":{"0":{"start":{"line":8,"column":17},"end":{"line":8,"column":36}},"1":{"start":{"line":10,"column":4},"end":{"line":10,"column":84}},"2":{"start":{"line":11,"column":23},"end":{"line":11,"column":70}},"3":{"start":{"line":13,"column":2},"end":{"line":64,"column":4}},"4":{"start":{"line":38,"column":37},"end":{"line":38,"column":93}},"5":{"start":{"line":46,"column":37},"end":{"line":46,"column":95}},"6":{"start":{"line":60,"column":37},"end":{"line":60,"column":97}}},"fnMap":{"0":{"name":"TabLayout","decl":{"start":{"line":7,"column":24},"end":{"line":7,"column":33}},"loc":{"start":{"line":7,"column":36},"end":{"line":65,"column":1}},"line":7},"1":{"name":"(anonymous_1)","decl":{"start":{"line":38,"column":22},"end":{"line":38,"column":23}},"loc":{"start":{"line":38,"column":37},"end":{"line":38,"column":93}},"line":38},"2":{"name":"(anonymous_2)","decl":{"start":{"line":46,"column":22},"end":{"line":46,"column":23}},"loc":{"start":{"line":46,"column":37},"end":{"line":46,"column":95}},"line":46},"3":{"name":"(anonymous_3)","decl":{"start":{"line":60,"column":22},"end":{"line":60,"column":23}},"loc":{"start":{"line":60,"column":37},"end":{"line":60,"column":97}},"line":60}},"branchMap":{"0":{"loc":{"start":{"line":10,"column":4},"end":{"line":10,"column":84}},"type":"cond-expr","locations":[{"start":{"line":10,"column":28},"end":{"line":10,"column":55}},{"start":{"line":10,"column":58},"end":{"line":10,"column":84}}],"line":10},"1":{"loc":{"start":{"line":11,"column":23},"end":{"line":11,"column":70}},"type":"cond-expr","locations":[{"start":{"line":11,"column":47},"end":{"line":11,"column":49}},{"start":{"line":11,"column":52},"end":{"line":11,"column":70}}],"line":11}},"s":{"0":0,"1":0,"2":0,"3":0,"4":0,"5":0,"6":0},"f":{"0":0,"1":0,"2":0,"3":0},"b":{"0":[0,0],"1":[0,0]}}
,"/home/user/hermit-comm_v1/src/app/(tabs)/create.tsx": {"path":"/home/user/hermit-comm_v1/src/app/(tabs)/create.tsx","statementMap":{"0":{"start":{"line":35,"column":19},"end":{"line":35,"column":20}},"1":{"start":{"line":36,"column":17},"end":{"line":36,"column":28}},"2":{"start":{"line":37,"column":22},"end":{"line":37,"column":38}},"3":{"start":{"line":38,"column":57},"end":{"line":38,"column":68}},"4":{"start":{"line":39,"column":19},"end":{"line":39,"column":28}},"5":{"start":{"line":40,"column":17},"end":{"line":40,"column":36}},"6":{"start":{"line":41,"column":21},"end":{"line":41,"column":42}},"7":{"start":{"line":42,"column":27},"end":{"line":42,"column":38}},"8":{"start":{"line":43,"column":34},"end":{"line":43,"column":49}},"9":{"start":{"line":44,"column":34},"end":{"line":44,"column":63}},"10":{"start":{"line":52,"column":6},"end":{"line":59,"column":4}},"11":{"start":{"line":61,"column":18},"end":{"line":61,"column":25}},"12":{"start":{"line":62,"column":36},"end":{"line":66,"column":4}},"13":{"start":{"line":68,"column":2},"end":{"line":70,"column":30}},"14":{"start":{"line":69,"column":4},"end":{"line":69,"column":53}},"15":{"start":{"line":69,"column":21},"end":{"line":69,"column":53}},"16":{"start":{"line":72,"column":26},"end":{"line":72,"column":45}},"17":{"start":{"line":73,"column":2},"end":{"line":89,"column":40}},"18":{"start":{"line":74,"column":4},"end":{"line":74,"column":40}},"19":{"start":{"line":74,"column":33},"end":{"line":74,"column":40}},"20":{"start":{"line":75,"column":4},"end":{"line":75,"column":35}},"21":{"start":{"line":76,"column":18},"end":{"line":76,"column":29}},"22":{"start":{"line":77,"column":4},"end":{"line":77,"column":23}},"23":{"start":{"line":77,"column":16},"end":{"line":77,"column":23}},"24":{"start":{"line":78,"column":4},"end":{"line":88,"column":7}},"25":{"start":{"line":79,"column":52},"end":{"line":79,"column":64}},"26":{"start":{"line":83,"column":10},"end":{"line":83,"column":41}},"27":{"start":{"line":84,"column":10},"end":{"line":84,"column":45}},"28":{"start":{"line":85,"column":10},"end":{"line":85,"column":43}},"29":{"start":{"line":91,"column":30},"end":{"line":96,"column":3}},"30":{"start":{"line":93,"column":6},"end":{"line":93,"column":32}},"31":{"start":{"line":98,"column":19},"end":{"line":134,"column":3}},"32":{"start":{"line":99,"column":4},"end":{"line":133,"column":5}},"33":{"start":{"line":100,"column":20},"end":{"line":100,"column":58}},"34":{"start":{"line":100,"column":40},"end":{"line":100,"column":57}},"35":{"start":{"line":101,"column":23},"end":{"line":101,"column":56}},"36":{"start":{"line":103,"column":24},"end":{"line":103,"column":49}},"37":{"start":{"line":105,"column":43},"end":{"line":111,"column":8}},"38":{"start":{"line":113,"column":6},"end":{"line":121,"column":9}},"39":{"start":{"line":123,"column":6},"end":{"line":125,"column":7}},"40":{"start":{"line":124,"column":8},"end":{"line":124,"column":36}},"41":{"start":{"line":127,"column":6},"end":{"line":127,"column":76}},"42":{"start":{"line":128,"column":6},"end":{"line":128,"column":19}},"43":{"start":{"line":129,"column":6},"end":{"line":129,"column":64}},"44":{"start":{"line":130,"column":6},"end":{"line":130,"column":66}},"45":{"start":{"line":132,"column":6},"end":{"line":132,"column":43}},"46":{"start":{"line":136,"column":2},"end":{"line":270,"column":4}},"47":{"start":{"line":155,"column":28},"end":{"line":155,"column":66}},"48":{"start":{"line":155,"column":48},"end":{"line":155,"column":65}},"49":{"start":{"line":156,"column":14},"end":{"line":156,"column":51}},"50":{"start":{"line":156,"column":39},"end":{"line":156,"column":51}},"51":{"start":{"line":157,"column":14},"end":{"line":161,"column":16}},"52":{"start":{"line":175,"column":16},"end":{"line":182,"column":18}},"53":{"start":{"line":190,"column":16},"end":{"line":199,"column":18}},"54":{"start":{"line":207,"column":16},"end":{"line":214,"column":18}},"55":{"start":{"line":220,"column":30},"end":{"line":220,"column":68}},"56":{"start":{"line":220,"column":50},"end":{"line":220,"column":67}},"57":{"start":{"line":221,"column":33},"end":{"line":221,"column":66}},"58":{"start":{"line":223,"column":16},"end":{"line":229,"column":17}},"59":{"start":{"line":224,"column":18},"end":{"line":228,"column":20}},"60":{"start":{"line":231,"column":16},"end":{"line":237,"column":17}},"61":{"start":{"line":232,"column":18},"end":{"line":236,"column":20}},"62":{"start":{"line":239,"column":16},"end":{"line":252,"column":18}},"63":{"start":{"line":241,"column":35},"end":{"line":241,"column":63}},"64":{"start":{"line":241,"column":57},"end":{"line":241,"column":62}}},"fnMap":{"0":{"name":"CreateScreen","decl":{"start":{"line":34,"column":24},"end":{"line":34,"column":36}},"loc":{"start":{"line":34,"column":39},"end":{"line":271,"column":1}},"line":34},"1":{"name":"(anonymous_1)","decl":{"start":{"line":68,"column":12},"end":{"line":68,"column":13}},"loc":{"start":{"line":68,"column":18},"end":{"line":70,"column":3}},"line":68},"2":{"name":"(anonymous_2)","decl":{"start":{"line":73,"column":12},"end":{"line":73,"column":13}},"loc":{"start":{"line":73,"column":18},"end":{"line":89,"column":3}},"line":73},"3":{"name":"(anonymous_3)","decl":{"start":{"line":79,"column":46},"end":{"line":79,"column":47}},"loc":{"start":{"line":79,"column":52},"end":{"line":79,"column":64}},"line":79},"4":{"name":"(anonymous_4)","decl":{"start":{"line":82,"column":17},"end":{"line":82,"column":18}},"loc":{"start":{"line":82,"column":23},"end":{"line":86,"column":9}},"line":82},"5":{"name":"(anonymous_5)","decl":{"start":{"line":92,"column":4},"end":{"line":92,"column":5}},"loc":{"start":{"line":92,"column":22},"end":{"line":94,"column":5}},"line":92},"6":{"name":"(anonymous_6)","decl":{"start":{"line":98,"column":19},"end":{"line":98,"column":20}},"loc":{"start":{"line":98,"column":51},"end":{"line":134,"column":3}},"line":98},"7":{"name":"(anonymous_7)","decl":{"start":{"line":100,"column":33},"end":{"line":100,"column":34}},"loc":{"start":{"line":100,"column":40},"end":{"line":100,"column":57}},"line":100},"8":{"name":"(anonymous_8)","decl":{"start":{"line":154,"column":14},"end":{"line":154,"column":15}},"loc":{"start":{"line":154,"column":20},"end":{"line":162,"column":13}},"line":154},"9":{"name":"(anonymous_9)","decl":{"start":{"line":155,"column":41},"end":{"line":155,"column":42}},"loc":{"start":{"line":155,"column":48},"end":{"line":155,"column":65}},"line":155},"10":{"name":"(anonymous_10)","decl":{"start":{"line":174,"column":22},"end":{"line":174,"column":23}},"loc":{"start":{"line":175,"column":16},"end":{"line":182,"column":18}},"line":175},"11":{"name":"(anonymous_11)","decl":{"start":{"line":189,"column":22},"end":{"line":189,"column":23}},"loc":{"start":{"line":190,"column":16},"end":{"line":199,"column":18}},"line":190},"12":{"name":"(anonymous_12)","decl":{"start":{"line":206,"column":22},"end":{"line":206,"column":23}},"loc":{"start":{"line":207,"column":16},"end":{"line":214,"column":18}},"line":207},"13":{"name":"(anonymous_13)","decl":{"start":{"line":219,"column":16},"end":{"line":219,"column":17}},"loc":{"start":{"line":219,"column":22},"end":{"line":253,"column":15}},"line":219},"14":{"name":"(anonymous_14)","decl":{"start":{"line":220,"column":43},"end":{"line":220,"column":44}},"loc":{"start":{"line":220,"column":50},"end":{"line":220,"column":67}},"line":220},"15":{"name":"(anonymous_15)","decl":{"start":{"line":241,"column":29},"end":{"line":241,"column":30}},"loc":{"start":{"line":241,"column":35},"end":{"line":241,"column":63}},"line":241},"16":{"name":"(anonymous_16)","decl":{"start":{"line":241,"column":47},"end":{"line":241,"column":48}},"loc":{"start":{"line":241,"column":57},"end":{"line":241,"column":62}},"line":241}},"branchMap":{"0":{"loc":{"start":{"line":57,"column":14},"end":{"line":57,"column":31}},"type":"binary-expr","locations":[{"start":{"line":57,"column":14},"end":{"line":57,"column":25}},{"start":{"line":57,"column":29},"end":{"line":57,"column":31}}],"line":57},"1":{"loc":{"start":{"line":63,"column":11},"end":{"line":63,"column":30}},"type":"binary-expr","locations":[{"start":{"line":63,"column":11},"end":{"line":63,"column":24}},{"start":{"line":63,"column":28},"end":{"line":63,"column":30}}],"line":63},"2":{"loc":{"start":{"line":64,"column":13},"end":{"line":64,"column":34}},"type":"binary-expr","locations":[{"start":{"line":64,"column":13},"end":{"line":64,"column":28}},{"start":{"line":64,"column":32},"end":{"line":64,"column":34}}],"line":64},"3":{"loc":{"start":{"line":65,"column":12},"end":{"line":65,"column":32}},"type":"binary-expr","locations":[{"start":{"line":65,"column":12},"end":{"line":65,"column":26}},{"start":{"line":65,"column":30},"end":{"line":65,"column":32}}],"line":65},"4":{"loc":{"start":{"line":69,"column":4},"end":{"line":69,"column":53}},"type":"if","locations":[{"start":{"line":69,"column":4},"end":{"line":69,"column":53}},{"start":{},"end":{}}],"line":69},"5":{"loc":{"start":{"line":74,"column":4},"end":{"line":74,"column":40}},"type":"if","locations":[{"start":{"line":74,"column":4},"end":{"line":74,"column":40}},{"start":{},"end":{}}],"line":74},"6":{"loc":{"start":{"line":77,"column":4},"end":{"line":77,"column":23}},"type":"if","locations":[{"start":{"line":77,"column":4},"end":{"line":77,"column":23}},{"start":{},"end":{}}],"line":77},"7":{"loc":{"start":{"line":101,"column":23},"end":{"line":101,"column":56}},"type":"binary-expr","locations":[{"start":{"line":101,"column":23},"end":{"line":101,"column":39}},{"start":{"line":101,"column":43},"end":{"line":101,"column":56}}],"line":101},"8":{"loc":{"start":{"line":103,"column":24},"end":{"line":103,"column":49}},"type":"binary-expr","locations":[{"start":{"line":103,"column":24},"end":{"line":103,"column":43}},{"start":{"line":103,"column":47},"end":{"line":103,"column":49}}],"line":103},"9":{"loc":{"start":{"line":108,"column":16},"end":{"line":108,"column":32}},"type":"binary-expr","locations":[{"start":{"line":108,"column":16},"end":{"line":108,"column":24}},{"start":{"line":108,"column":28},"end":{"line":108,"column":32}}],"line":108},"10":{"loc":{"start":{"line":120,"column":19},"end":{"line":120,"column":40}},"type":"binary-expr","locations":[{"start":{"line":120,"column":19},"end":{"line":120,"column":27}},{"start":{"line":120,"column":31},"end":{"line":120,"column":40}}],"line":120},"11":{"loc":{"start":{"line":123,"column":6},"end":{"line":125,"column":7}},"type":"if","locations":[{"start":{"line":123,"column":6},"end":{"line":125,"column":7}},{"start":{},"end":{}}],"line":123},"12":{"loc":{"start":{"line":123,"column":10},"end":{"line":123,"column":56}},"type":"binary-expr","locations":[{"start":{"line":123,"column":10},"end":{"line":123,"column":19}},{"start":{"line":123,"column":23},"end":{"line":123,"column":56}}],"line":123},"13":{"loc":{"start":{"line":123,"column":38},"end":{"line":123,"column":55}},"type":"binary-expr","locations":[{"start":{"line":123,"column":38},"end":{"line":123,"column":49}},{"start":{"line":123,"column":53},"end":{"line":123,"column":55}}],"line":123},"14":{"loc":{"start":{"line":141,"column":18},"end":{"line":141,"column":62}},"type":"cond-expr","locations":[{"start":{"line":141,"column":42},"end":{"line":141,"column":51}},{"start":{"line":141,"column":54},"end":{"line":141,"column":62}}],"line":141},"15":{"loc":{"start":{"line":142,"column":32},"end":{"line":142,"column":90}},"type":"cond-expr","locations":[{"start":{"line":142,"column":56},"end":{"line":142,"column":86}},{"start":{"line":142,"column":89},"end":{"line":142,"column":90}}],"line":142},"16":{"loc":{"start":{"line":142,"column":70},"end":{"line":142,"column":85}},"type":"cond-expr","locations":[{"start":{"line":142,"column":79},"end":{"line":142,"column":80}},{"start":{"line":142,"column":83},"end":{"line":142,"column":85}}],"line":142},"17":{"loc":{"start":{"line":148,"column":44},"end":{"line":148,"column":69}},"type":"cond-expr","locations":[{"start":{"line":148,"column":53},"end":{"line":148,"column":59}},{"start":{"line":148,"column":62},"end":{"line":148,"column":69}}],"line":148},"18":{"loc":{"start":{"line":156,"column":14},"end":{"line":156,"column":51}},"type":"if","locations":[{"start":{"line":156,"column":14},"end":{"line":156,"column":51}},{"start":{},"end":{}}],"line":156},"19":{"loc":{"start":{"line":221,"column":33},"end":{"line":221,"column":66}},"type":"binary-expr","locations":[{"start":{"line":221,"column":33},"end":{"line":221,"column":49}},{"start":{"line":221,"column":53},"end":{"line":221,"column":66}}],"line":221},"20":{"loc":{"start":{"line":223,"column":16},"end":{"line":229,"column":17}},"type":"if","locations":[{"start":{"line":223,"column":16},"end":{"line":229,"column":17}},{"start":{},"end":{}}],"line":223},"21":{"loc":{"start":{"line":231,"column":16},"end":{"line":237,"column":17}},"type":"if","locations":[{"start":{"line":231,"column":16},"end":{"line":237,"column":17}},{"start":{},"end":{}}],"line":231},"22":{"loc":{"start":{"line":245,"column":24},"end":{"line":245,"column":87}},"type":"cond-expr","locations":[{"start":{"line":245,"column":35},"end":{"line":245,"column":66}},{"start":{"line":245,"column":69},"end":{"line":245,"column":87}}],"line":245}},"s":{"0":0,"1":0,"2":0,"3":0,"4":0,"5":0,"6":0,"7":0,"8":0,"9":0,"10":0,"11":0,"12":0,"13":0,"14":0,"15":0,"16":0,"17":0,"18":0,"19":0,"20":0,"21":0,"22":0,"23":0,"24":0,"25":0,"26":0,"27":0,"28":0,"29":0,"30":0,"31":0,"32":0,"33":0,"34":0,"35":0,"36":0,"37":0,"38":0,"39":0,"40":0,"41":0,"42":0,"43":0,"44":0,"45":0,"46":0,"47":0,"48":0,"49":0,"50":0,"51":0,"52":0,"53":0,"54":0,"55":0,"56":0,"57":0,"58":0,"59":0,"60":0,"61":0,"62":0,"63":0,"64":0},"f":{"0":0,"1":0,"2":0,"3":0,"4":0,"5":0,"6":0,"7":0,"8":0,"9":0,"10":0,"11":0,"12":0,"13":0,"14":0,"15":0,"16":0},"b":{"0":[0,0],"1":[0,0],"2":[0,0],"3":[0,0],"4":[0,0],"5":[0,0],"6":[0,0],"7":[0,0],"8":[0,0],"9":[0,0],"10":[0,0],"11":[0,0],"12":[0,0],"13":[0,0],"14":[0,0],"15":[0,0],"16":[0,0],"17":[0,0],"18":[0,0],"19":[0,0],"20":[0,0],"21":[0,0],"22":[0,0]}}
,"/home/user/hermit-comm_v1/src/app/(tabs)/groups.tsx": {"path":"/home/user/hermit-comm_v1/src/app/(tabs)/groups.tsx","statementMap":{},"fnMap":{},"branchMap":{},"s":{},"f":{},"b":{}}
,"/home/user/hermit-comm_v1/src/app/(tabs)/index.tsx": {"path":"/home/user/hermit-comm_v1/src/app/(tabs)/index.tsx","statementMap":{"0":{"start":{"line":19,"column":19},"end":{"line":19,"column":20}},"1":{"start":{"line":20,"column":17},"end":{"line":20,"column":28}},"2":{"start":{"line":21,"column":2},"end":{"line":21,"column":24}},"3":{"start":{"line":22,"column":49},"end":{"line":22,"column":61}},"4":{"start":{"line":23,"column":36},"end":{"line":23,"column":65}},"5":{"start":{"line":24,"column":27},"end":{"line":24,"column":38}},"6":{"start":{"line":34,"column":6},"end":{"line":34,"column":40}},"7":{"start":{"line":36,"column":16},"end":{"line":39,"column":3}},"8":{"start":{"line":37,"column":10},"end":{"line":37,"column":65}},"9":{"start":{"line":37,"column":46},"end":{"line":37,"column":47}},"10":{"start":{"line":41,"column":2},"end":{"line":54,"column":5}},"11":{"start":{"line":44,"column":8},"end":{"line":44,"column":18}},"12":{"start":{"line":49,"column":6},"end":{"line":49,"column":16}},"13":{"start":{"line":52,"column":6},"end":{"line":52,"column":16}},"14":{"start":{"line":56,"column":25},"end":{"line":60,"column":54}},"15":{"start":{"line":57,"column":4},"end":{"line":59,"column":5}},"16":{"start":{"line":58,"column":6},"end":{"line":58,"column":22}},"17":{"start":{"line":62,"column":24},"end":{"line":64,"column":15}},"18":{"start":{"line":63,"column":4},"end":{"line":63,"column":20}},"19":{"start":{"line":67,"column":4},"end":{"line":74,"column":17}},"20":{"start":{"line":69,"column":23},"end":{"line":69,"column":81}},"21":{"start":{"line":76,"column":27},"end":{"line":76,"column":78}},"22":{"start":{"line":76,"column":47},"end":{"line":76,"column":64}},"23":{"start":{"line":78,"column":2},"end":{"line":123,"column":4}},"24":{"start":{"line":93,"column":29},"end":{"line":93,"column":88}},"25":{"start":{"line":118,"column":25},"end":{"line":118,"column":84}}},"fnMap":{"0":{"name":"HomeScreen","decl":{"start":{"line":18,"column":24},"end":{"line":18,"column":34}},"loc":{"start":{"line":18,"column":37},"end":{"line":124,"column":1}},"line":18},"1":{"name":"(anonymous_1)","decl":{"start":{"line":37,"column":4},"end":{"line":37,"column":5}},"loc":{"start":{"line":37,"column":10},"end":{"line":37,"column":65}},"line":37},"2":{"name":"(anonymous_2)","decl":{"start":{"line":37,"column":31},"end":{"line":37,"column":32}},"loc":{"start":{"line":37,"column":46},"end":{"line":37,"column":47}},"line":37},"3":{"name":"(anonymous_3)","decl":{"start":{"line":43,"column":6},"end":{"line":43,"column":7}},"loc":{"start":{"line":43,"column":26},"end":{"line":45,"column":7}},"line":43},"4":{"name":"(anonymous_4)","decl":{"start":{"line":48,"column":26},"end":{"line":48,"column":27}},"loc":{"start":{"line":48,"column":32},"end":{"line":50,"column":5}},"line":48},"5":{"name":"(anonymous_5)","decl":{"start":{"line":51,"column":26},"end":{"line":51,"column":27}},"loc":{"start":{"line":51,"column":32},"end":{"line":53,"column":5}},"line":51},"6":{"name":"(anonymous_6)","decl":{"start":{"line":56,"column":37},"end":{"line":56,"column":38}},"loc":{"start":{"line":56,"column":43},"end":{"line":60,"column":3}},"line":56},"7":{"name":"(anonymous_7)","decl":{"start":{"line":62,"column":36},"end":{"line":62,"column":37}},"loc":{"start":{"line":62,"column":48},"end":{"line":64,"column":3}},"line":62},"8":{"name":"(anonymous_8)","decl":{"start":{"line":69,"column":17},"end":{"line":69,"column":18}},"loc":{"start":{"line":69,"column":23},"end":{"line":69,"column":81}},"line":69},"9":{"name":"(anonymous_9)","decl":{"start":{"line":76,"column":40},"end":{"line":76,"column":41}},"loc":{"start":{"line":76,"column":47},"end":{"line":76,"column":64}},"line":76},"10":{"name":"(anonymous_10)","decl":{"start":{"line":93,"column":23},"end":{"line":93,"column":24}},"loc":{"start":{"line":93,"column":29},"end":{"line":93,"column":88}},"line":93},"11":{"name":"(anonymous_11)","decl":{"start":{"line":118,"column":19},"end":{"line":118,"column":20}},"loc":{"start":{"line":118,"column":25},"end":{"line":118,"column":84}},"line":118}},"branchMap":{"0":{"loc":{"start":{"line":37,"column":11},"end":{"line":37,"column":54}},"type":"binary-expr","locations":[{"start":{"line":37,"column":11},"end":{"line":37,"column":48}},{"start":{"line":37,"column":52},"end":{"line":37,"column":54}}],"line":37},"1":{"loc":{"start":{"line":57,"column":4},"end":{"line":59,"column":5}},"type":"if","locations":[{"start":{"line":57,"column":4},"end":{"line":59,"column":5}},{"start":{},"end":{}}],"line":57},"2":{"loc":{"start":{"line":57,"column":8},"end":{"line":57,"column":42}},"type":"binary-expr","locations":[{"start":{"line":57,"column":8},"end":{"line":57,"column":19}},{"start":{"line":57,"column":23},"end":{"line":57,"column":42}}],"line":57},"3":{"loc":{"start":{"line":67,"column":4},"end":{"line":74,"column":17}},"type":"cond-expr","locations":[{"start":{"line":68,"column":6},"end":{"line":73,"column":18}},{"start":{"line":74,"column":8},"end":{"line":74,"column":17}}],"line":67},"4":{"loc":{"start":{"line":67,"column":4},"end":{"line":67,"column":39}},"type":"binary-expr","locations":[{"start":{"line":67,"column":4},"end":{"line":67,"column":19}},{"start":{"line":67,"column":23},"end":{"line":67,"column":39}}],"line":67},"5":{"loc":{"start":{"line":86,"column":11},"end":{"line":90,"column":11}},"type":"binary-expr","locations":[{"start":{"line":86,"column":11},"end":{"line":86,"column":27}},{"start":{"line":87,"column":12},"end":{"line":89,"column":19}}],"line":86},"6":{"loc":{"start":{"line":110,"column":19},"end":{"line":110,"column":48}},"type":"binary-expr","locations":[{"start":{"line":110,"column":19},"end":{"line":110,"column":26}},{"start":{"line":110,"column":30},"end":{"line":110,"column":48}}],"line":110},"7":{"loc":{"start":{"line":111,"column":17},"end":{"line":111,"column":39}},"type":"binary-expr","locations":[{"start":{"line":111,"column":17},"end":{"line":111,"column":31}},{"start":{"line":111,"column":35},"end":{"line":111,"column":39}}],"line":111}},"s":{"0":0,"1":0,"2":0,"3":0,"4":0,"5":0,"6":0,"7":0,"8":0,"9":0,"10":0,"11":0,"12":0,"13":0,"14":0,"15":0,"16":0,"17":0,"18":0,"19":0,"20":0,"21":0,"22":0,"23":0,"24":0,"25":0},"f":{"0":0,"1":0,"2":0,"3":0,"4":0,"5":0,"6":0,"7":0,"8":0,"9":0,"10":0,"11":0},"b":{"0":[0,0],"1":[0,0],"2":[0,0],"3":[0,0],"4":[0,0],"5":[0,0],"6":[0,0],"7":[0,0]}}
,"/home/user/hermit-comm_v1/src/app/(tabs)/settings.tsx": {"path":"/home/user/hermit-comm_v1/src/app/(tabs)/settings.tsx","statementMap":{},"fnMap":{},"branchMap":{},"s":{},"f":{},"b":{}}
,"/home/user/hermit-comm_v1/src/app/admin/_layout.tsx": {"path":"/home/user/hermit-comm_v1/src/app/admin/_layout.tsx","statementMap":{"0":{"start":{"line":9,"column":17},"end":{"line":9,"column":28}},"1":{"start":{"line":10,"column":19},"end":{"line":10,"column":32}},"2":{"start":{"line":11,"column":41},"end":{"line":11,"column":50}},"3":{"start":{"line":12,"column":49},"end":{"line":12,"column":61}},"4":{"start":{"line":14,"column":24},"end":{"line":14,"column":65}},"5":{"start":{"line":16,"column":2},"end":{"line":43,"column":74}},"6":{"start":{"line":17,"column":4},"end":{"line":17,"column":28}},"7":{"start":{"line":17,"column":21},"end":{"line":17,"column":28}},"8":{"start":{"line":19,"column":4},"end":{"line":25,"column":5}},"9":{"start":{"line":21,"column":6},"end":{"line":23,"column":7}},"10":{"start":{"line":22,"column":8},"end":{"line":22,"column":73}},"11":{"start":{"line":24,"column":6},"end":{"line":24,"column":13}},"12":{"start":{"line":28,"column":4},"end":{"line":31,"column":5}},"13":{"start":{"line":29,"column":6},"end":{"line":29,"column":77}},"14":{"start":{"line":30,"column":6},"end":{"line":30,"column":13}},"15":{"start":{"line":33,"column":4},"end":{"line":33,"column":31}},"16":{"start":{"line":33,"column":24},"end":{"line":33,"column":31}},"17":{"start":{"line":35,"column":4},"end":{"line":42,"column":5}},"18":{"start":{"line":37,"column":6},"end":{"line":41,"column":11}},"19":{"start":{"line":38,"column":8},"end":{"line":38,"column":29}},"20":{"start":{"line":39,"column":8},"end":{"line":39,"column":39}},"21":{"start":{"line":40,"column":8},"end":{"line":40,"column":34}},"22":{"start":{"line":46,"column":2},"end":{"line":53,"column":3}},"23":{"start":{"line":47,"column":4},"end":{"line":52,"column":6}},"24":{"start":{"line":56,"column":2},"end":{"line":63,"column":3}},"25":{"start":{"line":57,"column":4},"end":{"line":62,"column":6}},"26":{"start":{"line":66,"column":2},"end":{"line":68,"column":3}},"27":{"start":{"line":67,"column":4},"end":{"line":67,"column":16}},"28":{"start":{"line":71,"column":2},"end":{"line":78,"column":3}},"29":{"start":{"line":72,"column":4},"end":{"line":77,"column":6}},"30":{"start":{"line":81,"column":2},"end":{"line":87,"column":3}},"31":{"start":{"line":82,"column":4},"end":{"line":86,"column":6}},"32":{"start":{"line":89,"column":2},"end":{"line":94,"column":4}}},"fnMap":{"0":{"name":"AdminLayout","decl":{"start":{"line":8,"column":24},"end":{"line":8,"column":35}},"loc":{"start":{"line":8,"column":38},"end":{"line":95,"column":1}},"line":8},"1":{"name":"(anonymous_1)","decl":{"start":{"line":16,"column":12},"end":{"line":16,"column":13}},"loc":{"start":{"line":16,"column":18},"end":{"line":43,"column":3}},"line":16},"2":{"name":"(anonymous_2)","decl":{"start":{"line":37,"column":7},"end":{"line":37,"column":8}},"loc":{"start":{"line":37,"column":19},"end":{"line":41,"column":7}},"line":37}},"branchMap":{"0":{"loc":{"start":{"line":17,"column":4},"end":{"line":17,"column":28}},"type":"if","locations":[{"start":{"line":17,"column":4},"end":{"line":17,"column":28}},{"start":{},"end":{}}],"line":17},"1":{"loc":{"start":{"line":19,"column":4},"end":{"line":25,"column":5}},"type":"if","locations":[{"start":{"line":19,"column":4},"end":{"line":25,"column":5}},{"start":{},"end":{}}],"line":19},"2":{"loc":{"start":{"line":21,"column":6},"end":{"line":23,"column":7}},"type":"if","locations":[{"start":{"line":21,"column":6},"end":{"line":23,"column":7}},{"start":{},"end":{}}],"line":21},"3":{"loc":{"start":{"line":21,"column":10},"end":{"line":21,"column":53}},"type":"binary-expr","locations":[{"start":{"line":21,"column":10},"end":{"line":21,"column":14}},{"start":{"line":21,"column":18},"end":{"line":21,"column":34}},{"start":{"line":21,"column":38},"end":{"line":21,"column":53}}],"line":21},"4":{"loc":{"start":{"line":28,"column":4},"end":{"line":31,"column":5}},"type":"if","locations":[{"start":{"line":28,"column":4},"end":{"line":31,"column":5}},{"start":{},"end":{}}],"line":28},"5":{"loc":{"start":{"line":33,"column":4},"end":{"line":33,"column":31}},"type":"if","locations":[{"start":{"line":33,"column":4},"end":{"line":33,"column":31}},{"start":{},"end":{}}],"line":33},"6":{"loc":{"start":{"line":35,"column":4},"end":{"line":42,"column":5}},"type":"if","locations":[{"start":{"line":35,"column":4},"end":{"line":42,"column":5}},{"start":{},"end":{}}],"line":35},"7":{"loc":{"start":{"line":46,"column":2},"end":{"line":53,"column":3}},"type":"if","locations":[{"start":{"line":46,"column":2},"end":{"line":53,"column":3}},{"start":{},"end":{}}],"line":46},"8":{"loc":{"start":{"line":56,"column":2},"end":{"line":63,"column":3}},"type":"if","locations":[{"start":{"line":56,"column":2},"end":{"line":63,"column":3}},{"start":{},"end":{}}],"line":56},"9":{"loc":{"start":{"line":66,"column":2},"end":{"line":68,"column":3}},"type":"if","locations":[{"start":{"line":66,"column":2},"end":{"line":68,"column":3}},{"start":{},"end":{}}],"line":66},"10":{"loc":{"start":{"line":71,"column":2},"end":{"line":78,"column":3}},"type":"if","locations":[{"start":{"line":71,"column":2},"end":{"line":78,"column":3}},{"start":{},"end":{}}],"line":71},"11":{"loc":{"start":{"line":81,"column":2},"end":{"line":87,"column":3}},"type":"if","locations":[{"start":{"line":81,"column":2},"end":{"line":87,"column":3}},{"start":{},"end":{}}],"line":81}},"s":{"0":0,"1":0,"2":0,"3":0,"4":0,"5":0,"6":0,"7":0,"8":0,"9":0,"10":0,"11":0,"12":0,"13":0,"14":0,"15":0,"16":0,"17":0,"18":0,"19":0,"20":0,"21":0,"22":0,"23":0,"24":0,"25":0,"26":0,"27":0,"28":0,"29":0,"30":0,"31":0,"32":0},"f":{"0":0,"1":0,"2":0},"b":{"0":[0,0],"1":[0,0],"2":[0,0],"3":[0,0,0],"4":[0,0],"5":[0,0],"6":[0,0],"7":[0,0],"8":[0,0],"9":[0,0],"10":[0,0],"11":[0,0]}}
,"/home/user/hermit-comm_v1/src/app/admin/index.tsx": {"path":"/home/user/hermit-comm_v1/src/app/admin/index.tsx","statementMap":{"0":{"start":{"line":33,"column":2},"end":{"line":36,"column":5}},"1":{"start":{"line":40,"column":2},"end":{"line":49,"column":3}},"2":{"start":{"line":41,"column":4},"end":{"line":44,"column":7}},"3":{"start":{"line":46,"column":4},"end":{"line":48,"column":5}},"4":{"start":{"line":47,"column":6},"end":{"line":47,"column":73}},"5":{"start":{"line":53,"column":17},"end":{"line":53,"column":28}},"6":{"start":{"line":54,"column":22},"end":{"line":54,"column":38}},"7":{"start":{"line":55,"column":26},"end":{"line":55,"column":38}},"8":{"start":{"line":56,"column":38},"end":{"line":56,"column":50}},"9":{"start":{"line":57,"column":40},"end":{"line":57,"column":52}},"10":{"start":{"line":59,"column":54},"end":{"line":59,"column":74}},"11":{"start":{"line":60,"column":30},"end":{"line":60,"column":46}},"12":{"start":{"line":61,"column":25},"end":{"line":81,"column":4}},"13":{"start":{"line":62,"column":54},"end":{"line":62,"column":81}},"14":{"start":{"line":64,"column":6},"end":{"line":64,"column":76}},"15":{"start":{"line":65,"column":6},"end":{"line":65,"column":18}},"16":{"start":{"line":66,"column":6},"end":{"line":66,"column":24}},"17":{"start":{"line":67,"column":6},"end":{"line":67,"column":25}},"18":{"start":{"line":68,"column":6},"end":{"line":72,"column":8}},"19":{"start":{"line":71,"column":56},"end":{"line":71,"column":90}},"20":{"start":{"line":75,"column":22},"end":{"line":78,"column":7}},"21":{"start":{"line":79,"column":6},"end":{"line":79,"column":36}},"22":{"start":{"line":83,"column":23},"end":{"line":99,"column":53}},"23":{"start":{"line":84,"column":24},"end":{"line":84,"column":35}},"24":{"start":{"line":85,"column":24},"end":{"line":85,"column":41}},"25":{"start":{"line":86,"column":4},"end":{"line":89,"column":5}},"26":{"start":{"line":87,"column":6},"end":{"line":87,"column":43}},"27":{"start":{"line":88,"column":6},"end":{"line":88,"column":13}},"28":{"start":{"line":90,"column":4},"end":{"line":93,"column":5}},"29":{"start":{"line":91,"column":6},"end":{"line":91,"column":45}},"30":{"start":{"line":92,"column":6},"end":{"line":92,"column":13}},"31":{"start":{"line":94,"column":4},"end":{"line":98,"column":7}},"32":{"start":{"line":101,"column":21},"end":{"line":103,"column":14}},"33":{"start":{"line":102,"column":4},"end":{"line":102,"column":18}},"34":{"start":{"line":105,"column":28},"end":{"line":131,"column":3}},"35":{"start":{"line":107,"column":6},"end":{"line":128,"column":8}},"36":{"start":{"line":116,"column":14},"end":{"line":124,"column":17}},"37":{"start":{"line":118,"column":34},"end":{"line":121,"column":19}},"38":{"start":{"line":122,"column":18},"end":{"line":122,"column":48}},"39":{"start":{"line":133,"column":23},"end":{"line":142,"column":14}},"40":{"start":{"line":134,"column":4},"end":{"line":141,"column":5}},"41":{"start":{"line":135,"column":6},"end":{"line":135,"column":27}},"42":{"start":{"line":136,"column":6},"end":{"line":136,"column":37}},"43":{"start":{"line":137,"column":6},"end":{"line":137,"column":32}},"44":{"start":{"line":139,"column":22},"end":{"line":139,"column":75}},"45":{"start":{"line":140,"column":6},"end":{"line":140,"column":38}},"46":{"start":{"line":144,"column":2},"end":{"line":151,"column":3}},"47":{"start":{"line":145,"column":4},"end":{"line":150,"column":6}},"48":{"start":{"line":153,"column":2},"end":{"line":160,"column":3}},"49":{"start":{"line":154,"column":4},"end":{"line":159,"column":6}},"50":{"start":{"line":162,"column":2},"end":{"line":277,"column":4}},"51":{"start":{"line":232,"column":18},"end":{"line":232,"column":93}},"52":{"start":{"line":233,"column":16},"end":{"line":270,"column":18}},"53":{"start":{"line":251,"column":43},"end":{"line":251,"column":78}},"54":{"start":{"line":259,"column":41},"end":{"line":259,"column":65}}},"fnMap":{"0":{"name":"useMyManagedGroups","decl":{"start":{"line":32,"column":9},"end":{"line":32,"column":27}},"loc":{"start":{"line":32,"column":30},"end":{"line":37,"column":1}},"line":32},"1":{"name":"shareInviteCode","decl":{"start":{"line":39,"column":15},"end":{"line":39,"column":30}},"loc":{"start":{"line":39,"column":51},"end":{"line":50,"column":1}},"line":39},"2":{"name":"AdminIndexScreen","decl":{"start":{"line":52,"column":24},"end":{"line":52,"column":40}},"loc":{"start":{"line":52,"column":43},"end":{"line":278,"column":1}},"line":52},"3":{"name":"(anonymous_3)","decl":{"start":{"line":62,"column":16},"end":{"line":62,"column":17}},"loc":{"start":{"line":62,"column":54},"end":{"line":62,"column":81}},"line":62},"4":{"name":"(anonymous_4)","decl":{"start":{"line":63,"column":15},"end":{"line":63,"column":16}},"loc":{"start":{"line":63,"column":27},"end":{"line":73,"column":5}},"line":63},"5":{"name":"(anonymous_5)","decl":{"start":{"line":71,"column":50},"end":{"line":71,"column":51}},"loc":{"start":{"line":71,"column":56},"end":{"line":71,"column":90}},"line":71},"6":{"name":"(anonymous_6)","decl":{"start":{"line":74,"column":13},"end":{"line":74,"column":14}},"loc":{"start":{"line":74,"column":29},"end":{"line":80,"column":5}},"line":74},"7":{"name":"(anonymous_7)","decl":{"start":{"line":83,"column":35},"end":{"line":83,"column":36}},"loc":{"start":{"line":83,"column":41},"end":{"line":99,"column":3}},"line":83},"8":{"name":"(anonymous_8)","decl":{"start":{"line":101,"column":33},"end":{"line":101,"column":34}},"loc":{"start":{"line":101,"column":39},"end":{"line":103,"column":3}},"line":101},"9":{"name":"(anonymous_9)","decl":{"start":{"line":106,"column":4},"end":{"line":106,"column":5}},"loc":{"start":{"line":106,"column":45},"end":{"line":129,"column":5}},"line":106},"10":{"name":"(anonymous_10)","decl":{"start":{"line":115,"column":21},"end":{"line":115,"column":22}},"loc":{"start":{"line":115,"column":27},"end":{"line":125,"column":13}},"line":115},"11":{"name":"(anonymous_11)","decl":{"start":{"line":117,"column":25},"end":{"line":117,"column":26}},"loc":{"start":{"line":117,"column":41},"end":{"line":123,"column":17}},"line":117},"12":{"name":"(anonymous_12)","decl":{"start":{"line":133,"column":35},"end":{"line":133,"column":36}},"loc":{"start":{"line":133,"column":47},"end":{"line":142,"column":3}},"line":133},"13":{"name":"(anonymous_13)","decl":{"start":{"line":230,"column":33},"end":{"line":230,"column":34}},"loc":{"start":{"line":230,"column":44},"end":{"line":271,"column":15}},"line":230},"14":{"name":"(anonymous_14)","decl":{"start":{"line":251,"column":37},"end":{"line":251,"column":38}},"loc":{"start":{"line":251,"column":43},"end":{"line":251,"column":78}},"line":251},"15":{"name":"(anonymous_15)","decl":{"start":{"line":259,"column":35},"end":{"line":259,"column":36}},"loc":{"start":{"line":259,"column":41},"end":{"line":259,"column":65}},"line":259}},"branchMap":{"0":{"loc":{"start":{"line":46,"column":4},"end":{"line":48,"column":5}},"type":"if","locations":[{"start":{"line":46,"column":4},"end":{"line":48,"column":5}},{"start":{},"end":{}}],"line":46},"1":{"loc":{"start":{"line":86,"column":4},"end":{"line":89,"column":5}},"type":"if","locations":[{"start":{"line":86,"column":4},"end":{"line":89,"column":5}},{"start":{},"end":{}}],"line":86},"2":{"loc":{"start":{"line":90,"column":4},"end":{"line":93,"column":5}},"type":"if","locations":[{"start":{"line":90,"column":4},"end":{"line":93,"column":5}},{"start":{},"end":{}}],"line":90},"3":{"loc":{"start":{"line":97,"column":19},"end":{"line":97,"column":50}},"type":"binary-expr","locations":[{"start":{"line":97,"column":19},"end":{"line":97,"column":37}},{"start":{"line":97,"column":41},"end":{"line":97,"column":50}}],"line":97},"4":{"loc":{"start":{"line":144,"column":2},"end":{"line":151,"column":3}},"type":"if","locations":[{"start":{"line":144,"column":2},"end":{"line":151,"column":3}},{"start":{},"end":{}}],"line":144},"5":{"loc":{"start":{"line":153,"column":2},"end":{"line":160,"column":3}},"type":"if","locations":[{"start":{"line":153,"column":2},"end":{"line":160,"column":3}},{"start":{},"end":{}}],"line":153},"6":{"loc":{"start":{"line":166,"column":18},"end":{"line":166,"column":63}},"type":"cond-expr","locations":[{"start":{"line":166,"column":42},"end":{"line":166,"column":51}},{"start":{"line":166,"column":54},"end":{"line":166,"column":63}}],"line":166},"7":{"loc":{"start":{"line":227,"column":13},"end":{"line":272,"column":13}},"type":"cond-expr","locations":[{"start":{"line":228,"column":14},"end":{"line":228,"column":77}},{"start":{"line":230,"column":14},"end":{"line":271,"column":16}}],"line":227},"8":{"loc":{"start":{"line":227,"column":14},"end":{"line":227,"column":26}},"type":"binary-expr","locations":[{"start":{"line":227,"column":14},"end":{"line":227,"column":20}},{"start":{"line":227,"column":24},"end":{"line":227,"column":26}}],"line":227},"9":{"loc":{"start":{"line":230,"column":15},"end":{"line":230,"column":27}},"type":"binary-expr","locations":[{"start":{"line":230,"column":15},"end":{"line":230,"column":21}},{"start":{"line":230,"column":25},"end":{"line":230,"column":27}}],"line":230},"10":{"loc":{"start":{"line":232,"column":18},"end":{"line":232,"column":93}},"type":"binary-expr","locations":[{"start":{"line":232,"column":18},"end":{"line":232,"column":47}},{"start":{"line":232,"column":51},"end":{"line":232,"column":93}}],"line":232},"11":{"loc":{"start":{"line":238,"column":21},"end":{"line":242,"column":21}},"type":"binary-expr","locations":[{"start":{"line":238,"column":21},"end":{"line":238,"column":38}},{"start":{"line":239,"column":22},"end":{"line":241,"column":29}}],"line":238},"12":{"loc":{"start":{"line":245,"column":32},"end":{"line":245,"column":56}},"type":"binary-expr","locations":[{"start":{"line":245,"column":32},"end":{"line":245,"column":49}},{"start":{"line":245,"column":53},"end":{"line":245,"column":56}}],"line":245},"13":{"loc":{"start":{"line":249,"column":25},"end":{"line":257,"column":32}},"type":"cond-expr","locations":[{"start":{"line":250,"column":26},"end":{"line":256,"column":38}},{"start":{"line":257,"column":28},"end":{"line":257,"column":32}}],"line":249},"14":{"loc":{"start":{"line":264,"column":29},"end":{"line":264,"column":56}},"type":"cond-expr","locations":[{"start":{"line":264,"column":42},"end":{"line":264,"column":49}},{"start":{"line":264,"column":52},"end":{"line":264,"column":56}}],"line":264}},"s":{"0":0,"1":0,"2":0,"3":0,"4":0,"5":0,"6":0,"7":0,"8":0,"9":0,"10":0,"11":0,"12":0,"13":0,"14":0,"15":0,"16":0,"17":0,"18":0,"19":0,"20":0,"21":0,"22":0,"23":0,"24":0,"25":0,"26":0,"27":0,"28":0,"29":0,"30":0,"31":0,"32":0,"33":0,"34":0,"35":0,"36":0,"37":0,"38":0,"39":0,"40":0,"41":0,"42":0,"43":0,"44":0,"45":0,"46":0,"47":0,"48":0,"49":0,"50":0,"51":0,"52":0,"53":0,"54":0},"f":{"0":0,"1":0,"2":0,"3":0,"4":0,"5":0,"6":0,"7":0,"8":0,"9":0,"10":0,"11":0,"12":0,"13":0,"14":0,"15":0},"b":{"0":[0,0],"1":[0,0],"2":[0,0],"3":[0,0],"4":[0,0],"5":[0,0],"6":[0,0],"7":[0,0],"8":[0,0],"9":[0,0],"10":[0,0],"11":[0,0],"12":[0,0],"13":[0,0],"14":[0,0]}}
,"/home/user/hermit-comm_v1/src/app/admin/login.tsx": {"path":"/home/user/hermit-comm_v1/src/app/admin/login.tsx","statementMap":{"0":{"start":{"line":13,"column":2},"end":{"line":13,"column":57}},"1":{"start":{"line":17,"column":17},"end":{"line":17,"column":28}},"2":{"start":{"line":18,"column":19},"end":{"line":18,"column":28}},"3":{"start":{"line":19,"column":49},"end":{"line":19,"column":61}},"4":{"start":{"line":20,"column":28},"end":{"line":20,"column":40}},"5":{"start":{"line":21,"column":34},"end":{"line":21,"column":46}},"6":{"start":{"line":22,"column":28},"end":{"line":22,"column":57}},"7":{"start":{"line":23,"column":38},"end":{"line":23,"column":53}},"8":{"start":{"line":25,"column":23},"end":{"line":56,"column":31}},"9":{"start":{"line":26,"column":4},"end":{"line":26,"column":19}},"10":{"start":{"line":27,"column":25},"end":{"line":27,"column":37}},"11":{"start":{"line":28,"column":28},"end":{"line":28,"column":43}},"12":{"start":{"line":30,"column":4},"end":{"line":33,"column":5}},"13":{"start":{"line":31,"column":6},"end":{"line":31,"column":31}},"14":{"start":{"line":32,"column":6},"end":{"line":32,"column":13}},"15":{"start":{"line":34,"column":4},"end":{"line":37,"column":5}},"16":{"start":{"line":35,"column":6},"end":{"line":35,"column":36}},"17":{"start":{"line":36,"column":6},"end":{"line":36,"column":13}},"18":{"start":{"line":38,"column":4},"end":{"line":41,"column":5}},"19":{"start":{"line":39,"column":6},"end":{"line":39,"column":32}},"20":{"start":{"line":40,"column":6},"end":{"line":40,"column":13}},"21":{"start":{"line":43,"column":4},"end":{"line":43,"column":24}},"22":{"start":{"line":44,"column":4},"end":{"line":55,"column":5}},"23":{"start":{"line":45,"column":6},"end":{"line":45,"column":67}},"24":{"start":{"line":46,"column":6},"end":{"line":46,"column":71}},"25":{"start":{"line":49,"column":8},"end":{"line":51,"column":26}},"26":{"start":{"line":52,"column":6},"end":{"line":52,"column":24}},"27":{"start":{"line":54,"column":6},"end":{"line":54,"column":27}},"28":{"start":{"line":58,"column":23},"end":{"line":60,"column":14}},"29":{"start":{"line":59,"column":4},"end":{"line":59,"column":30}},"30":{"start":{"line":63,"column":2},"end":{"line":67,"column":46}},"31":{"start":{"line":64,"column":4},"end":{"line":66,"column":5}},"32":{"start":{"line":65,"column":6},"end":{"line":65,"column":71}},"33":{"start":{"line":69,"column":2},"end":{"line":71,"column":3}},"34":{"start":{"line":70,"column":4},"end":{"line":70,"column":16}},"35":{"start":{"line":73,"column":2},"end":{"line":131,"column":4}},"36":{"start":{"line":92,"column":14},"end":{"line":92,"column":29}},"37":{"start":{"line":93,"column":14},"end":{"line":93,"column":29}},"38":{"start":{"line":104,"column":14},"end":{"line":104,"column":32}},"39":{"start":{"line":105,"column":14},"end":{"line":105,"column":29}}},"fnMap":{"0":{"name":"isValidEmail","decl":{"start":{"line":12,"column":9},"end":{"line":12,"column":21}},"loc":{"start":{"line":12,"column":46},"end":{"line":14,"column":1}},"line":12},"1":{"name":"AdminLoginScreen","decl":{"start":{"line":16,"column":24},"end":{"line":16,"column":40}},"loc":{"start":{"line":16,"column":43},"end":{"line":132,"column":1}},"line":16},"2":{"name":"(anonymous_2)","decl":{"start":{"line":25,"column":35},"end":{"line":25,"column":36}},"loc":{"start":{"line":25,"column":47},"end":{"line":56,"column":3}},"line":25},"3":{"name":"(anonymous_3)","decl":{"start":{"line":58,"column":35},"end":{"line":58,"column":36}},"loc":{"start":{"line":58,"column":41},"end":{"line":60,"column":3}},"line":58},"4":{"name":"(anonymous_4)","decl":{"start":{"line":63,"column":12},"end":{"line":63,"column":13}},"loc":{"start":{"line":63,"column":18},"end":{"line":67,"column":3}},"line":63},"5":{"name":"(anonymous_5)","decl":{"start":{"line":91,"column":26},"end":{"line":91,"column":27}},"loc":{"start":{"line":91,"column":36},"end":{"line":94,"column":13}},"line":91},"6":{"name":"(anonymous_6)","decl":{"start":{"line":103,"column":26},"end":{"line":103,"column":27}},"loc":{"start":{"line":103,"column":36},"end":{"line":106,"column":13}},"line":103}},"branchMap":{"0":{"loc":{"start":{"line":30,"column":4},"end":{"line":33,"column":5}},"type":"if","locations":[{"start":{"line":30,"column":4},"end":{"line":33,"column":5}},{"start":{},"end":{}}],"line":30},"1":{"loc":{"start":{"line":34,"column":4},"end":{"line":37,"column":5}},"type":"if","locations":[{"start":{"line":34,"column":4},"end":{"line":37,"column":5}},{"start":{},"end":{}}],"line":34},"2":{"loc":{"start":{"line":38,"column":4},"end":{"line":41,"column":5}},"type":"if","locations":[{"start":{"line":38,"column":4},"end":{"line":41,"column":5}},{"start":{},"end":{}}],"line":38},"3":{"loc":{"start":{"line":49,"column":8},"end":{"line":51,"column":26}},"type":"cond-expr","locations":[{"start":{"line":50,"column":12},"end":{"line":50,"column":57}},{"start":{"line":51,"column":12},"end":{"line":51,"column":26}}],"line":49},"4":{"loc":{"start":{"line":49,"column":8},"end":{"line":49,"column":58}},"type":"binary-expr","locations":[{"start":{"line":49,"column":8},"end":{"line":49,"column":11}},{"start":{"line":49,"column":15},"end":{"line":49,"column":38}},{"start":{"line":49,"column":42},"end":{"line":49,"column":58}}],"line":49},"5":{"loc":{"start":{"line":64,"column":4},"end":{"line":66,"column":5}},"type":"if","locations":[{"start":{"line":64,"column":4},"end":{"line":66,"column":5}},{"start":{},"end":{}}],"line":64},"6":{"loc":{"start":{"line":64,"column":8},"end":{"line":64,"column":51}},"type":"binary-expr","locations":[{"start":{"line":64,"column":8},"end":{"line":64,"column":12}},{"start":{"line":64,"column":16},"end":{"line":64,"column":32}},{"start":{"line":64,"column":36},"end":{"line":64,"column":51}}],"line":64},"7":{"loc":{"start":{"line":69,"column":2},"end":{"line":71,"column":3}},"type":"if","locations":[{"start":{"line":69,"column":2},"end":{"line":71,"column":3}},{"start":{},"end":{}}],"line":69},"8":{"loc":{"start":{"line":69,"column":6},"end":{"line":69,"column":49}},"type":"binary-expr","locations":[{"start":{"line":69,"column":6},"end":{"line":69,"column":10}},{"start":{"line":69,"column":14},"end":{"line":69,"column":30}},{"start":{"line":69,"column":34},"end":{"line":69,"column":49}}],"line":69},"9":{"loc":{"start":{"line":77,"column":18},"end":{"line":77,"column":63}},"type":"cond-expr","locations":[{"start":{"line":77,"column":42},"end":{"line":77,"column":51}},{"start":{"line":77,"column":54},"end":{"line":77,"column":63}}],"line":77},"10":{"loc":{"start":{"line":112,"column":11},"end":{"line":116,"column":18}},"type":"cond-expr","locations":[{"start":{"line":113,"column":12},"end":{"line":115,"column":19}},{"start":{"line":116,"column":14},"end":{"line":116,"column":18}}],"line":112}},"s":{"0":0,"1":0,"2":0,"3":0,"4":0,"5":0,"6":0,"7":0,"8":0,"9":0,"10":0,"11":0,"12":0,"13":0,"14":0,"15":0,"16":0,"17":0,"18":0,"19":0,"20":0,"21":0,"22":0,"23":0,"24":0,"25":0,"26":0,"27":0,"28":0,"29":0,"30":0,"31":0,"32":0,"33":0,"34":0,"35":0,"36":0,"37":0,"38":0,"39":0},"f":{"0":0,"1":0,"2":0,"3":0,"4":0,"5":0,"6":0},"b":{"0":[0,0],"1":[0,0],"2":[0,0],"3":[0,0],"4":[0,0,0],"5":[0,0],"6":[0,0,0],"7":[0,0],"8":[0,0,0],"9":[0,0],"10":[0,0]}}
,"/home/user/hermit-comm_v1/src/app/groups/[groupId].tsx": {"path":"/home/user/hermit-comm_v1/src/app/groups/[groupId].tsx","statementMap":{"0":{"start":{"line":21,"column":17},"end":{"line":21,"column":28}},"1":{"start":{"line":22,"column":36},"end":{"line":22,"column":79}},"2":{"start":{"line":23,"column":18},"end":{"line":23,"column":69}},"3":{"start":{"line":23,"column":32},"end":{"line":23,"column":52}},"4":{"start":{"line":25,"column":36},"end":{"line":25,"column":65}},"5":{"start":{"line":26,"column":28},"end":{"line":26,"column":48}},"6":{"start":{"line":27,"column":30},"end":{"line":27,"column":41}},"7":{"start":{"line":28,"column":32},"end":{"line":28,"column":46}},"8":{"start":{"line":29,"column":54},"end":{"line":29,"column":65}},"9":{"start":{"line":30,"column":40},"end":{"line":30,"column":52}},"10":{"start":{"line":31,"column":40},"end":{"line":31,"column":52}},"11":{"start":{"line":32,"column":44},"end":{"line":32,"column":59}},"12":{"start":{"line":33,"column":23},"end":{"line":33,"column":45}},"13":{"start":{"line":39,"column":6},"end":{"line":39,"column":60}},"14":{"start":{"line":41,"column":16},"end":{"line":41,"column":94}},"15":{"start":{"line":42,"column":25},"end":{"line":42,"column":42}},"16":{"start":{"line":49,"column":6},"end":{"line":49,"column":86}},"17":{"start":{"line":51,"column":2},"end":{"line":57,"column":32}},"18":{"start":{"line":52,"column":4},"end":{"line":56,"column":5}},"19":{"start":{"line":53,"column":6},"end":{"line":53,"column":26}},"20":{"start":{"line":54,"column":6},"end":{"line":54,"column":34}},"21":{"start":{"line":55,"column":6},"end":{"line":55,"column":42}},"22":{"start":{"line":59,"column":2},"end":{"line":64,"column":27}},"23":{"start":{"line":60,"column":4},"end":{"line":60,"column":23}},"24":{"start":{"line":61,"column":4},"end":{"line":61,"column":23}},"25":{"start":{"line":62,"column":4},"end":{"line":62,"column":17}},"26":{"start":{"line":63,"column":4},"end":{"line":63,"column":21}},"27":{"start":{"line":66,"column":2},"end":{"line":82,"column":5}},"28":{"start":{"line":69,"column":8},"end":{"line":69,"column":49}},"29":{"start":{"line":69,"column":42},"end":{"line":69,"column":49}},"30":{"start":{"line":70,"column":8},"end":{"line":70,"column":74}},"31":{"start":{"line":70,"column":67},"end":{"line":70,"column":74}},"32":{"start":{"line":71,"column":8},"end":{"line":71,"column":33}},"33":{"start":{"line":71,"column":26},"end":{"line":71,"column":33}},"34":{"start":{"line":72,"column":8},"end":{"line":72,"column":96}},"35":{"start":{"line":72,"column":28},"end":{"line":72,"column":93}},"36":{"start":{"line":72,"column":45},"end":{"line":72,"column":64}},"37":{"start":{"line":77,"column":6},"end":{"line":77,"column":68}},"38":{"start":{"line":77,"column":25},"end":{"line":77,"column":66}},"39":{"start":{"line":77,"column":47},"end":{"line":77,"column":65}},"40":{"start":{"line":80,"column":6},"end":{"line":80,"column":96}},"41":{"start":{"line":80,"column":25},"end":{"line":80,"column":94}},"42":{"start":{"line":80,"column":45},"end":{"line":80,"column":92}},"43":{"start":{"line":84,"column":18},"end":{"line":84,"column":47}},"44":{"start":{"line":85,"column":16},"end":{"line":85,"column":41}},"45":{"start":{"line":87,"column":24},"end":{"line":102,"column":67}},"46":{"start":{"line":88,"column":4},"end":{"line":100,"column":5}},"47":{"start":{"line":89,"column":6},"end":{"line":89,"column":29}},"48":{"start":{"line":90,"column":6},"end":{"line":98,"column":7}},"49":{"start":{"line":91,"column":23},"end":{"line":91,"column":83}},"50":{"start":{"line":92,"column":8},"end":{"line":92,"column":25}},"51":{"start":{"line":93,"column":8},"end":{"line":93,"column":26}},"52":{"start":{"line":97,"column":8},"end":{"line":97,"column":32}},"53":{"start":{"line":99,"column":6},"end":{"line":99,"column":13}},"54":{"start":{"line":101,"column":4},"end":{"line":101,"column":20}},"55":{"start":{"line":104,"column":25},"end":{"line":125,"column":82}},"56":{"start":{"line":105,"column":4},"end":{"line":105,"column":83}},"57":{"start":{"line":105,"column":76},"end":{"line":105,"column":83}},"58":{"start":{"line":107,"column":4},"end":{"line":124,"column":5}},"59":{"start":{"line":108,"column":21},"end":{"line":112,"column":8}},"60":{"start":{"line":113,"column":6},"end":{"line":115,"column":7}},"61":{"start":{"line":114,"column":8},"end":{"line":114,"column":26}},"62":{"start":{"line":116,"column":6},"end":{"line":120,"column":9}},"63":{"start":{"line":117,"column":28},"end":{"line":117,"column":58}},"64":{"start":{"line":117,"column":52},"end":{"line":117,"column":56}},"65":{"start":{"line":118,"column":25},"end":{"line":118,"column":69}},"66":{"start":{"line":118,"column":46},"end":{"line":118,"column":68}},"67":{"start":{"line":119,"column":8},"end":{"line":119,"column":67}},"68":{"start":{"line":121,"column":6},"end":{"line":121,"column":48}},"69":{"start":{"line":121,"column":26},"end":{"line":121,"column":46}},"70":{"start":{"line":123,"column":6},"end":{"line":123,"column":24}},"71":{"start":{"line":127,"column":23},"end":{"line":146,"column":53}},"72":{"start":{"line":128,"column":14},"end":{"line":128,"column":32}},"73":{"start":{"line":129,"column":4},"end":{"line":133,"column":5}},"74":{"start":{"line":130,"column":6},"end":{"line":130,"column":25}},"75":{"start":{"line":131,"column":6},"end":{"line":131,"column":16}},"76":{"start":{"line":132,"column":6},"end":{"line":132,"column":13}},"77":{"start":{"line":134,"column":4},"end":{"line":134,"column":32}},"78":{"start":{"line":134,"column":25},"end":{"line":134,"column":32}},"79":{"start":{"line":135,"column":4},"end":{"line":135,"column":27}},"80":{"start":{"line":136,"column":4},"end":{"line":145,"column":5}},"81":{"start":{"line":137,"column":21},"end":{"line":137,"column":71}},"82":{"start":{"line":138,"column":6},"end":{"line":138,"column":24}},"83":{"start":{"line":139,"column":6},"end":{"line":139,"column":23}},"84":{"start":{"line":140,"column":6},"end":{"line":140,"column":24}},"85":{"start":{"line":144,"column":6},"end":{"line":144,"column":30}},"86":{"start":{"line":148,"column":28},"end":{"line":152,"column":15}},"87":{"start":{"line":149,"column":4},"end":{"line":149,"column":23}},"88":{"start":{"line":150,"column":4},"end":{"line":150,"column":23}},"89":{"start":{"line":151,"column":4},"end":{"line":151,"column":14}},"90":{"start":{"line":154,"column":27},"end":{"line":162,"column":39}},"91":{"start":{"line":155,"column":4},"end":{"line":161,"column":5}},"92":{"start":{"line":156,"column":6},"end":{"line":160,"column":8}},"93":{"start":{"line":164,"column":2},"end":{"line":171,"column":3}},"94":{"start":{"line":165,"column":4},"end":{"line":170,"column":6}},"95":{"start":{"line":168,"column":59},"end":{"line":168,"column":72}},"96":{"start":{"line":173,"column":2},"end":{"line":180,"column":3}},"97":{"start":{"line":174,"column":4},"end":{"line":179,"column":6}},"98":{"start":{"line":182,"column":2},"end":{"line":189,"column":3}},"99":{"start":{"line":183,"column":4},"end":{"line":188,"column":6}},"100":{"start":{"line":191,"column":28},"end":{"line":191,"column":55}},"101":{"start":{"line":193,"column":2},"end":{"line":277,"column":4}},"102":{"start":{"line":209,"column":16},"end":{"line":225,"column":28}},"103":{"start":{"line":211,"column":33},"end":{"line":211,"column":61}}},"fnMap":{"0":{"name":"GroupBoardScreen","decl":{"start":{"line":20,"column":24},"end":{"line":20,"column":40}},"loc":{"start":{"line":20,"column":43},"end":{"line":278,"column":1}},"line":20},"1":{"name":"(anonymous_1)","decl":{"start":{"line":23,"column":26},"end":{"line":23,"column":27}},"loc":{"start":{"line":23,"column":32},"end":{"line":23,"column":52}},"line":23},"2":{"name":"(anonymous_2)","decl":{"start":{"line":51,"column":12},"end":{"line":51,"column":13}},"loc":{"start":{"line":51,"column":18},"end":{"line":57,"column":3}},"line":51},"3":{"name":"(anonymous_3)","decl":{"start":{"line":59,"column":12},"end":{"line":59,"column":13}},"loc":{"start":{"line":59,"column":18},"end":{"line":64,"column":3}},"line":59},"4":{"name":"(anonymous_4)","decl":{"start":{"line":68,"column":6},"end":{"line":68,"column":7}},"loc":{"start":{"line":68,"column":25},"end":{"line":73,"column":7}},"line":68},"5":{"name":"(anonymous_5)","decl":{"start":{"line":72,"column":17},"end":{"line":72,"column":18}},"loc":{"start":{"line":72,"column":28},"end":{"line":72,"column":93}},"line":72},"6":{"name":"(anonymous_6)","decl":{"start":{"line":72,"column":38},"end":{"line":72,"column":39}},"loc":{"start":{"line":72,"column":45},"end":{"line":72,"column":64}},"line":72},"7":{"name":"(anonymous_7)","decl":{"start":{"line":76,"column":26},"end":{"line":76,"column":27}},"loc":{"start":{"line":76,"column":46},"end":{"line":78,"column":5}},"line":76},"8":{"name":"(anonymous_8)","decl":{"start":{"line":77,"column":15},"end":{"line":77,"column":16}},"loc":{"start":{"line":77,"column":25},"end":{"line":77,"column":66}},"line":77},"9":{"name":"(anonymous_9)","decl":{"start":{"line":77,"column":37},"end":{"line":77,"column":38}},"loc":{"start":{"line":77,"column":47},"end":{"line":77,"column":65}},"line":77},"10":{"name":"(anonymous_10)","decl":{"start":{"line":79,"column":26},"end":{"line":79,"column":27}},"loc":{"start":{"line":79,"column":49},"end":{"line":81,"column":5}},"line":79},"11":{"name":"(anonymous_11)","decl":{"start":{"line":80,"column":15},"end":{"line":80,"column":16}},"loc":{"start":{"line":80,"column":25},"end":{"line":80,"column":94}},"line":80},"12":{"name":"(anonymous_12)","decl":{"start":{"line":80,"column":34},"end":{"line":80,"column":35}},"loc":{"start":{"line":80,"column":45},"end":{"line":80,"column":92}},"line":80},"13":{"name":"(anonymous_13)","decl":{"start":{"line":87,"column":36},"end":{"line":87,"column":37}},"loc":{"start":{"line":87,"column":48},"end":{"line":102,"column":3}},"line":87},"14":{"name":"(anonymous_14)","decl":{"start":{"line":104,"column":37},"end":{"line":104,"column":38}},"loc":{"start":{"line":104,"column":49},"end":{"line":125,"column":3}},"line":104},"15":{"name":"(anonymous_15)","decl":{"start":{"line":116,"column":15},"end":{"line":116,"column":16}},"loc":{"start":{"line":116,"column":25},"end":{"line":120,"column":7}},"line":116},"16":{"name":"(anonymous_16)","decl":{"start":{"line":117,"column":45},"end":{"line":117,"column":46}},"loc":{"start":{"line":117,"column":52},"end":{"line":117,"column":56}},"line":117},"17":{"name":"(anonymous_17)","decl":{"start":{"line":118,"column":39},"end":{"line":118,"column":40}},"loc":{"start":{"line":118,"column":46},"end":{"line":118,"column":68}},"line":118},"18":{"name":"(anonymous_18)","decl":{"start":{"line":121,"column":16},"end":{"line":121,"column":17}},"loc":{"start":{"line":121,"column":26},"end":{"line":121,"column":46}},"line":121},"19":{"name":"(anonymous_19)","decl":{"start":{"line":127,"column":35},"end":{"line":127,"column":36}},"loc":{"start":{"line":127,"column":47},"end":{"line":146,"column":3}},"line":127},"20":{"name":"(anonymous_20)","decl":{"start":{"line":148,"column":40},"end":{"line":148,"column":41}},"loc":{"start":{"line":148,"column":46},"end":{"line":152,"column":3}},"line":148},"21":{"name":"(anonymous_21)","decl":{"start":{"line":154,"column":39},"end":{"line":154,"column":40}},"loc":{"start":{"line":154,"column":45},"end":{"line":162,"column":3}},"line":154},"22":{"name":"(anonymous_22)","decl":{"start":{"line":168,"column":53},"end":{"line":168,"column":54}},"loc":{"start":{"line":168,"column":59},"end":{"line":168,"column":72}},"line":168},"23":{"name":"(anonymous_23)","decl":{"start":{"line":208,"column":26},"end":{"line":208,"column":27}},"loc":{"start":{"line":209,"column":16},"end":{"line":225,"column":28}},"line":209},"24":{"name":"(anonymous_24)","decl":{"start":{"line":211,"column":27},"end":{"line":211,"column":28}},"loc":{"start":{"line":211,"column":33},"end":{"line":211,"column":61}},"line":211}},"branchMap":{"0":{"loc":{"start":{"line":39,"column":21},"end":{"line":39,"column":59}},"type":"cond-expr","locations":[{"start":{"line":39,"column":45},"end":{"line":39,"column":49}},{"start":{"line":39,"column":52},"end":{"line":39,"column":59}}],"line":39},"1":{"loc":{"start":{"line":41,"column":16},"end":{"line":41,"column":94}},"type":"cond-expr","locations":[{"start":{"line":41,"column":47},"end":{"line":41,"column":86}},{"start":{"line":41,"column":90},"end":{"line":41,"column":94}}],"line":41},"2":{"loc":{"start":{"line":41,"column":16},"end":{"line":41,"column":43}},"type":"binary-expr","locations":[{"start":{"line":41,"column":16},"end":{"line":41,"column":22}},{"start":{"line":41,"column":26},"end":{"line":41,"column":43}}],"line":41},"3":{"loc":{"start":{"line":41,"column":47},"end":{"line":41,"column":86}},"type":"binary-expr","locations":[{"start":{"line":41,"column":47},"end":{"line":41,"column":73}},{"start":{"line":41,"column":77},"end":{"line":41,"column":86}}],"line":41},"4":{"loc":{"start":{"line":42,"column":25},"end":{"line":42,"column":42}},"type":"binary-expr","locations":[{"start":{"line":42,"column":25},"end":{"line":42,"column":34}},{"start":{"line":42,"column":38},"end":{"line":42,"column":42}}],"line":42},"5":{"loc":{"start":{"line":49,"column":20},"end":{"line":49,"column":58}},"type":"cond-expr","locations":[{"start":{"line":49,"column":44},"en
[...]
,"/home/user/hermit-comm_v1/src/shared/utils/haptics.ts": {"path":"/home/user/hermit-comm_v1/src/shared/utils/haptics.ts","statementMap":{"0":{"start":{"line":3,"column":23},"end":{"line":39,"column":1}},"1":{"start":{"line":5,"column":4},"end":{"line":9,"column":5}},"2":{"start":{"line":6,"column":6},"end":{"line":6,"column":61}},"3":{"start":{"line":12,"column":4},"end":{"line":16,"column":5}},"4":{"start":{"line":13,"column":6},"end":{"line":13,"column":62}},"5":{"start":{"line":19,"column":4},"end":{"line":23,"column":5}},"6":{"start":{"line":20,"column":6},"end":{"line":20,"column":74}},"7":{"start":{"line":26,"column":4},"end":{"line":30,"column":5}},"8":{"start":{"line":27,"column":6},"end":{"line":27,"column":74}},"9":{"start":{"line":33,"column":4},"end":{"line":37,"column":5}},"10":{"start":{"line":34,"column":6},"end":{"line":34,"column":72}}},"fnMap":{"0":{"name":"(anonymous_0)","decl":{"start":{"line":4,"column":9},"end":{"line":4,"column":10}},"loc":{"start":{"line":4,"column":15},"end":{"line":10,"column":3}},"line":4},"1":{"name":"(anonymous_1)","decl":{"start":{"line":11,"column":10},"end":{"line":11,"column":11}},"loc":{"start":{"line":11,"column":16},"end":{"line":17,"column":3}},"line":11},"2":{"name":"(anonymous_2)","decl":{"start":{"line":18,"column":11},"end":{"line":18,"column":12}},"loc":{"start":{"line":18,"column":17},"end":{"line":24,"column":3}},"line":18},"3":{"name":"(anonymous_3)","decl":{"start":{"line":25,"column":11},"end":{"line":25,"column":12}},"loc":{"start":{"line":25,"column":17},"end":{"line":31,"column":3}},"line":25},"4":{"name":"(anonymous_4)","decl":{"start":{"line":32,"column":9},"end":{"line":32,"column":10}},"loc":{"start":{"line":32,"column":15},"end":{"line":38,"column":3}},"line":32}},"branchMap":{},"s":{"0":0,"1":0,"2":0,"3":0,"4":0,"5":0,"6":0,"7":0,"8":0,"9":0,"10":0},"f":{"0":0,"1":0,"2":0,"3":0,"4":0},"b":{}}
,"/home/user/hermit-comm_v1/src/shared/utils/html.ts": {"path":"/home/user/hermit-comm_v1/src/shared/utils/html.ts","statementMap":{"0":{"start":{"line":7,"column":2},"end":{"line":7,"column":51}},"1":{"start":{"line":7,"column":41},"end":{"line":7,"column":51}},"2":{"start":{"line":8,"column":2},"end":{"line":11,"column":12}},"3":{"start":{"line":16,"column":16},"end":{"line":16,"column":70}},"4":{"start":{"line":17,"column":2},"end":{"line":17,"column":41}},"5":{"start":{"line":17,"column":26},"end":{"line":17,"column":41}},"6":{"start":{"line":18,"column":2},"end":{"line":18,"column":43}},"7":{"start":{"line":18,"column":30},"end":{"line":18,"column":43}},"8":{"start":{"line":19,"column":2},"end":{"line":19,"column":45}},"9":{"start":{"line":24,"column":2},"end":{"line":24,"column":60}},"10":{"start":{"line":24,"column":47},"end":{"line":24,"column":60}},"11":{"start":{"line":25,"column":2},"end":{"line":25,"column":46}}},"fnMap":{"0":{"name":"stripHtml","decl":{"start":{"line":6,"column":16},"end":{"line":6,"column":25}},"loc":{"start":{"line":6,"column":48},"end":{"line":12,"column":1}},"line":6},"1":{"name":"getExcerpt","decl":{"start":{"line":15,"column":16},"end":{"line":15,"column":26}},"loc":{"start":{"line":15,"column":65},"end":{"line":20,"column":1}},"line":15},"2":{"name":"isLikelyHtml","decl":{"start":{"line":23,"column":16},"end":{"line":23,"column":28}},"loc":{"start":{"line":23,"column":55},"end":{"line":26,"column":1}},"line":23}},"branchMap":{"0":{"loc":{"start":{"line":7,"column":2},"end":{"line":7,"column":51}},"type":"if","locations":[{"start":{"line":7,"column":2},"end":{"line":7,"column":51}},{"start":{},"end":{}}],"line":7},"1":{"loc":{"start":{"line":7,"column":6},"end":{"line":7,"column":39}},"type":"binary-expr","locations":[{"start":{"line":7,"column":6},"end":{"line":7,"column":11}},{"start":{"line":7,"column":15},"end":{"line":7,"column":39}}],"line":7},"2":{"loc":{"start":{"line":16,"column":16},"end":{"line":16,"column":70}},"type":"cond-expr","locations":[{"start":{"line":16,"column":43},"end":{"line":16,"column":65}},{"start":{"line":16,"column":68},"end":{"line":16,"column":70}}],"line":16},"3":{"loc":{"start":{"line":17,"column":2},"end":{"line":17,"column":41}},"type":"if","locations":[{"start":{"line":17,"column":2},"end":{"line":17,"column":41}},{"start":{},"end":{}}],"line":17},"4":{"loc":{"start":{"line":18,"column":2},"end":{"line":18,"column":43}},"type":"if","locations":[{"start":{"line":18,"column":2},"end":{"line":18,"column":43}},{"start":{},"end":{}}],"line":18},"5":{"loc":{"start":{"line":24,"column":2},"end":{"line":24,"column":60}},"type":"if","locations":[{"start":{"line":24,"column":2},"end":{"line":24,"column":60}},{"start":{},"end":{}}],"line":24},"6":{"loc":{"start":{"line":24,"column":6},"end":{"line":24,"column":45}},"type":"binary-expr","locations":[{"start":{"line":24,"column":6},"end":{"line":24,"column":14}},{"start":{"line":24,"column":18},"end":{"line":24,"column":45}}],"line":24}},"s":{"0":21,"1":2,"2":19,"3":9,"4":9,"5":3,"6":6,"7":3,"8":3,"9":6,"10":1,"11":5},"f":{"0":21,"1":9,"2":6},"b":{"0":[2,19],"1":[21,19],"2":[9,0],"3":[3,6],"4":[3,3],"5":[1,5],"6":[6,5]},"_coverageSchema":"1a1c01bbd47fc00a2c39e90264f33305004495a9","hash":"03d5f8a4151c24b9690291b56fc363507a3f5b83"}
,"/home/user/hermit-comm_v1/src/shared/utils/logger.ts": {"path":"/home/user/hermit-comm_v1/src/shared/utils/logger.ts","statementMap":{"0":{"start":{"line":7,"column":15},"end":{"line":7,"column":22}},"1":{"start":{"line":10,"column":2},"end":{"line":10,"column":21}},"2":{"start":{"line":10,"column":14},"end":{"line":10,"column":21}},"3":{"start":{"line":11,"column":2},"end":{"line":20,"column":3}},"4":{"start":{"line":12,"column":19},"end":{"line":12,"column":50}},"5":{"start":{"line":13,"column":4},"end":{"line":17,"column":5}},"6":{"start":{"line":14,"column":6},"end":{"line":14,"column":75}},"7":{"start":{"line":16,"column":6},"end":{"line":16,"column":92}},"8":{"start":{"line":23,"column":22},"end":{"line":40,"column":1}},"9":{"start":{"line":25,"column":4},"end":{"line":25,"column":37}},"10":{"start":{"line":25,"column":16},"end":{"line":25,"column":37}},"11":{"start":{"line":28,"column":4},"end":{"line":32,"column":5}},"12":{"start":{"line":29,"column":6},"end":{"line":29,"column":29}},"13":{"start":{"line":31,"column":6},"end":{"line":31,"column":27}},"14":{"start":{"line":35,"column":4},"end":{"line":35,"column":38}},"15":{"start":{"line":35,"column":16},"end":{"line":35,"column":38}},"16":{"start":{"line":38,"column":4},"end":{"line":38,"column":38}},"17":{"start":{"line":38,"column":16},"end":{"line":38,"column":38}}},"fnMap":{"0":{"name":"reportToSentry","decl":{"start":{"line":9,"column":9},"end":{"line":9,"column":23}},"loc":{"start":{"line":9,"column":47},"end":{"line":21,"column":1}},"line":9},"1":{"name":"(anonymous_1)","decl":{"start":{"line":24,"column":7},"end":{"line":24,"column":8}},"loc":{"start":{"line":24,"column":31},"end":{"line":26,"column":3}},"line":24},"2":{"name":"(anonymous_2)","decl":{"start":{"line":27,"column":9},"end":{"line":27,"column":10}},"loc":{"start":{"line":27,"column":33},"end":{"line":33,"column":3}},"line":27},"3":{"name":"(anonymous_3)","decl":{"start":{"line":34,"column":8},"end":{"line":34,"column":9}},"loc":{"start":{"line":34,"column":32},"end":{"line":36,"column":3}},"line":34},"4":{"name":"(anonymous_4)","decl":{"start":{"line":37,"column":8},"end":{"line":37,"column":9}},"loc":{"start":{"line":37,"column":32},"end":{"line":39,"column":3}},"line":37}},"branchMap":{"0":{"loc":{"start":{"line":10,"column":2},"end":{"line":10,"column":21}},"type":"if","locations":[{"start":{"line":10,"column":2},"end":{"line":10,"column":21}},{"start":{},"end":{}}],"line":10},"1":{"loc":{"start":{"line":13,"column":4},"end":{"line":17,"column":5}},"type":"if","locations":[{"start":{"line":13,"column":4},"end":{"line":17,"column":5}},{"start":{"line":15,"column":11},"end":{"line":17,"column":5}}],"line":13},"2":{"loc":{"start":{"line":13,"column":8},"end":{"line":13,"column":51}},"type":"binary-expr","locations":[{"start":{"line":13,"column":8},"end":{"line":13,"column":23}},{"start":{"line":13,"column":27},"end":{"line":13,"column":51}}],"line":13},"3":{"loc":{"start":{"line":16,"column":35},"end":{"line":16,"column":53}},"type":"binary-expr","locations":[{"start":{"line":16,"column":35},"end":{"line":16,"column":42}},{"start":{"line":16,"column":46},"end":{"line":16,"column":53}}],"line":16},"4":{"loc":{"start":{"line":25,"column":4},"end":{"line":25,"column":37}},"type":"if","locations":[{"start":{"line":25,"column":4},"end":{"line":25,"column":37}},{"start":{},"end":{}}],"line":25},"5":{"loc":{"start":{"line":28,"column":4},"end":{"line":32,"column":5}},"type":"if","locations":[{"start":{"line":28,"column":4},"end":{"line":32,"column":5}},{"start":{"line":30,"column":11},"end":{"line":32,"column":5}}],"line":28},"6":{"loc":{"start":{"line":35,"column":4},"end":{"line":35,"column":38}},"type":"if","locations":[{"start":{"line":35,"column":4},"end":{"line":35,"column":38}},{"start":{},"end":{}}],"line":35},"7":{"loc":{"start":{"line":38,"column":4},"end":{"line":38,"column":38}},"type":"if","locations":[{"start":{"line":38,"column":4},"end":{"line":38,"column":38}},{"start":{},"end":{}}],"line":38}},"s":{"0":3,"1":0,"2":0,"3":0,"4":0,"5":0,"6":0,"7":0,"8":3,"9":5,"10":5,"11":2,"12":2,"13":0,"14":0,"15":0,"16":0,"17":0},"f":{"0":0,"1":5,"2":2,"3":0,"4":0},"b":{"0":[0,0],"1":[0,0],"2":[0,0],"3":[0,0],"4":[5,0],"5":[2,0],"6":[0,0],"7":[0,0]},"_coverageSchema":"1a1c01bbd47fc00a2c39e90264f33305004495a9","hash":"e35f2c9d017f61704b2da0a1d7fe39d531219c90"}
,"/home/user/hermit-comm_v1/src/shared/utils/sentryBreadcrumb.ts": {"path":"/home/user/hermit-comm_v1/src/shared/utils/sentryBreadcrumb.ts","statementMap":{"0":{"start":{"line":10,"column":2},"end":{"line":15,"column":3}},"1":{"start":{"line":11,"column":19},"end":{"line":11,"column":50}},"2":{"start":{"line":12,"column":4},"end":{"line":12,"column":66}}},"fnMap":{"0":{"name":"addBreadcrumb","decl":{"start":{"line":5,"column":16},"end":{"line":5,"column":29}},"loc":{"start":{"line":9,"column":8},"end":{"line":16,"column":1}},"line":9}},"branchMap":{"0":{"loc":{"start":{"line":12,"column":52},"end":{"line":12,"column":62}},"type":"binary-expr","locations":[{"start":{"line":12,"column":52},"end":{"line":12,"column":56}},{"start":{"line":12,"column":60},"end":{"line":12,"column":62}}],"line":12}},"s":{"0":2,"1":2,"2":0},"f":{"0":2},"b":{"0":[0,0]},"_coverageSchema":"1a1c01bbd47fc00a2c39e90264f33305004495a9","hash":"59fa9b222f5b23f7f2a5d301b87573f3961eb62a"}
,"/home/user/hermit-comm_v1/src/shared/utils/validate.ts": {"path":"/home/user/hermit-comm_v1/src/shared/utils/validate.ts","statementMap":{"0":{"start":{"line":11,"column":2},"end":{"line":13,"column":3}},"1":{"start":{"line":12,"column":4},"end":{"line":12,"column":52}},"2":{"start":{"line":14,"column":2},"end":{"line":16,"column":3}},"3":{"start":{"line":15,"column":4},"end":{"line":15,"column":61}},"4":{"start":{"line":17,"column":2},"end":{"line":17,"column":27}},"5":{"start":{"line":21,"column":2},"end":{"line":23,"column":3}},"6":{"start":{"line":22,"column":4},"end":{"line":22,"column":52}},"7":{"start":{"line":24,"column":16},"end":{"line":24,"column":41}},"8":{"start":{"line":25,"column":2},"end":{"line":27,"column":3}},"9":{"start":{"line":26,"column":4},"end":{"line":26,"column":52}},"10":{"start":{"line":28,"column":2},"end":{"line":30,"column":3}},"11":{"start":{"line":29,"column":4},"end":{"line":29,"column":62}},"12":{"start":{"line":31,"column":2},"end":{"line":31,"column":27}},"13":{"start":{"line":35,"column":2},"end":{"line":37,"column":3}},"14":{"start":{"line":36,"column":4},"end":{"line":36,"column":56}},"15":{"start":{"line":38,"column":2},"end":{"line":40,"column":3}},"16":{"start":{"line":39,"column":4},"end":{"line":39,"column":64}},"17":{"start":{"line":41,"column":2},"end":{"line":41,"column":27}},"18":{"start":{"line":45,"column":2},"end":{"line":47,"column":3}},"19":{"start":{"line":46,"column":4},"end":{"line":46,"column":52}},"20":{"start":{"line":48,"column":2},"end":{"line":50,"column":3}},"21":{"start":{"line":49,"column":4},"end":{"line":49,"column":62}},"22":{"start":{"line":51,"column":2},"end":{"line":51,"column":27}}},"fnMap":{"0":{"name":"validatePostTitle","decl":{"start":{"line":10,"column":16},"end":{"line":10,"column":33}},"loc":{"start":{"line":10,"column":67},"end":{"line":18,"column":1}},"line":10},"1":{"name":"validatePostContent","decl":{"start":{"line":20,"column":16},"end":{"line":20,"column":35}},"loc":{"start":{"line":20,"column":71},"end":{"line":32,"column":1}},"line":20},"2":{"name":"validateAuthor","decl":{"start":{"line":34,"column":16},"end":{"line":34,"column":30}},"loc":{"start":{"line":34,"column":65},"end":{"line":42,"column":1}},"line":34},"3":{"name":"validateCommentContent","decl":{"start":{"line":44,"column":16},"end":{"line":44,"column":38}},"loc":{"start":{"line":44,"column":74},"end":{"line":52,"column":1}},"line":44}},"branchMap":{"0":{"loc":{"start":{"line":11,"column":2},"end":{"line":13,"column":3}},"type":"if","locations":[{"start":{"line":11,"column":2},"end":{"line":13,"column":3}},{"start":{},"end":{}}],"line":11},"1":{"loc":{"start":{"line":14,"column":2},"end":{"line":16,"column":3}},"type":"if","locations":[{"start":{"line":14,"column":2},"end":{"line":16,"column":3}},{"start":{},"end":{}}],"line":14},"2":{"loc":{"start":{"line":21,"column":2},"end":{"line":23,"column":3}},"type":"if","locations":[{"start":{"line":21,"column":2},"end":{"line":23,"column":3}},{"start":{},"end":{}}],"line":21},"3":{"loc":{"start":{"line":25,"column":2},"end":{"line":27,"column":3}},"type":"if","locations":[{"start":{"line":25,"column":2},"end":{"line":27,"column":3}},{"start":{},"end":{}}],"line":25},"4":{"loc":{"start":{"line":28,"column":2},"end":{"line":30,"column":3}},"type":"if","locations":[{"start":{"line":28,"column":2},"end":{"line":30,"column":3}},{"start":{},"end":{}}],"line":28},"5":{"loc":{"start":{"line":35,"column":2},"end":{"line":37,"column":3}},"type":"if","locations":[{"start":{"line":35,"column":2},"end":{"line":37,"column":3}},{"start":{},"end":{}}],"line":35},"6":{"loc":{"start":{"line":38,"column":2},"end":{"line":40,"column":3}},"type":"if","locations":[{"start":{"line":38,"column":2},"end":{"line":40,"column":3}},{"start":{},"end":{}}],"line":38},"7":{"loc":{"start":{"line":45,"column":2},"end":{"line":47,"column":3}},"type":"if","locations":[{"start":{"line":45,"column":2},"end":{"line":47,"column":3}},{"start":{},"end":{}}],"line":45},"8":{"loc":{"start":{"line":48,"column":2},"end":{"line":50,"column":3}},"type":"if","locations":[{"start":{"line":48,"column":2},"end":{"line":50,"column":3}},{"start":{},"end":{}}],"line":48}},"s":{"0":5,"1":2,"2":3,"3":1,"4":2,"5":8,"6":1,"7":7,"8":7,"9":3,"10":4,"11":1,"12":3,"13":3,"14":1,"15":2,"16":1,"17":1,"18":3,"19":1,"20":2,"21":1,"22":1},"f":{"0":5,"1":8,"2":3,"3":3},"b":{"0":[2,3],"1":[1,2],"2":[1,7],"3":[3,4],"4":[1,3],"5":[1,2],"6":[1,1],"7":[1,2],"8":[1,1]},"_coverageSchema":"1a1c01bbd47fc00a2c39e90264f33305004495a9","hash":"987b11cb960b7fe8d2bea80462d7ab9b68fd276f"}
,"/home/user/hermit-comm_v1/src/types/index.ts": {"path":"/home/user/hermit-comm_v1/src/types/index.ts","statementMap":{"0":{"start":{"line":113,"column":2},"end":{"line":113,"column":60}},"1":{"start":{"line":113,"column":47},"end":{"line":113,"column":60}},"2":{"start":{"line":114,"column":15},"end":{"line":114,"column":35}},"3":{"start":{"line":115,"column":2},"end":{"line":124,"column":4}},"4":{"start":{"line":128,"column":2},"end":{"line":128,"column":60}},"5":{"start":{"line":128,"column":47},"end":{"line":128,"column":60}},"6":{"start":{"line":129,"column":18},"end":{"line":129,"column":41}},"7":{"start":{"line":130,"column":2},"end":{"line":139,"column":4}}},"fnMap":{"0":{"name":"isPost","decl":{"start":{"line":112,"column":16},"end":{"line":112,"column":22}},"loc":{"start":{"line":112,"column":50},"end":{"line":125,"column":1}},"line":112},"1":{"name":"isComment","decl":{"start":{"line":127,"column":16},"end":{"line":127,"column":25}},"loc":{"start":{"line":127,"column":56},"end":{"line":140,"column":1}},"line":127}},"branchMap":{"0":{"loc":{"start":{"line":113,"column":2},"end":{"line":113,"column":60}},"type":"if","locations":[{"start":{"line":113,"column":2},"end":{"line":113,"column":60}},{"start":{},"end":{}}],"line":113},"1":{"loc":{"start":{"line":113,"column":6},"end":{"line":113,"column":45}},"type":"binary-expr","locations":[{"start":{"line":113,"column":6},"end":{"line":113,"column":29}},{"start":{"line":113,"column":33},"end":{"line":113,"column":45}}],"line":113},"2":{"loc":{"start":{"line":116,"column":4},"end":{"line":123,"column":41}},"type":"binary-expr","locations":[{"start":{"line":116,"column":4},"end":{"line":116,"column":31}},{"start":{"line":117,"column":4},"end":{"line":117,"column":34}},{"start":{"line":118,"column":4},"end":{"line":118,"column":36}},{"start":{"line":119,"column":4},"end":{"line":119,"column":35}},{"start":{"line":120,"column":4},"end":{"line":120,"column":38}},{"start":{"line":121,"column":4},"end":{"line":121,"column":39}},{"start":{"line":122,"column":4},"end":{"line":122,"column":42}},{"start":{"line":123,"column":4},"end":{"line":123,"column":41}}],"line":116},"3":{"loc":{"start":{"line":128,"column":2},"end":{"line":128,"column":60}},"type":"if","locations":[{"start":{"line":128,"column":2},"end":{"line":128,"column":60}},{"start":{},"end":{}}],"line":128},"4":{"loc":{"start":{"line":128,"column":6},"end":{"line":128,"column":45}},"type":"binary-expr","locations":[{"start":{"line":128,"column":6},"end":{"line":128,"column":29}},{"start":{"line":128,"column":33},"end":{"line":128,"column":45}}],"line":128},"5":{"loc":{"start":{"line":131,"column":4},"end":{"line":138,"column":44}},"type":"binary-expr","locations":[{"start":{"line":131,"column":4},"end":{"line":131,"column":34}},{"start":{"line":132,"column":4},"end":{"line":132,"column":39}},{"start":{"line":133,"column":4},"end":{"line":133,"column":39}},{"start":{"line":134,"column":4},"end":{"line":134,"column":38}},{"start":{"line":135,"column":4},"end":{"line":135,"column":41}},{"start":{"line":136,"column":4},"end":{"line":136,"column":42}},{"start":{"line":137,"column":4},"end":{"line":137,"column":45}},{"start":{"line":138,"column":4},"end":{"line":138,"column":44}}],"line":131}},"s":{"0":6,"1":1,"2":5,"3":5,"4":4,"5":1,"6":3,"7":3},"f":{"0":6,"1":4},"b":{"0":[1,5],"1":[6,6],"2":[5,3,2,2,2,1,1,1],"3":[1,3],"4":[4,4],"5":[3,3,2,1,1,1,1,1]},"_coverageSchema":"1a1c01bbd47fc00a2c39e90264f33305004495a9","hash":"5f6ffe11fca6f2efa77540f9bea57a0dc4770436"}
}
