TN:
SF:components\comments\CommentItem.tsx
FN:15,(anonymous_0)
FN:20,(anonymous_1)
FN:38,(anonymous_2)
FN:88,(anonymous_3)
FN:99,(anonymous_4)
FNF:5
FNH:0
FNDA:0,(anonymous_0)
FNDA:0,(anonymous_1)
FNDA:0,(anonymous_2)
FNDA:0,(anonymous_3)
FNDA:0,(anonymous_4)
DA:15,0
DA:16,0
DA:17,0
DA:18,0
DA:20,0
DA:21,0
DA:22,0
DA:23,0
DA:24,0
DA:25,0
DA:27,0
DA:28,0
DA:29,0
DA:30,0
DA:31,0
DA:33,0
DA:38,0
DA:39,0
DA:40,0
DA:43,0
DA:88,0
DA:99,0
LF:22
LH:0
BRDA:22,0,0,0
BRDA:22,0,1,0
BRDA:22,1,0,0
BRDA:22,1,1,0
BRDA:27,2,0,0
BRDA:27,2,1,0
BRDA:56,3,0,0
BRDA:56,3,1,0
BRDA:74,4,0,0
BRDA:74,4,1,0
BRDA:84,5,0,0
BRDA:84,5,1,0
BRDA:84,5,2,0
BRDA:84,5,3,0
BRDA:86,6,0,0
BRDA:86,6,1,0
BRDA:97,7,0,0
BRDA:97,7,1,0
BRF:18
BRH:0
end_of_record
TN:
SF:components\comments\CommentList.tsx
FN:13,CommentList
FN:27,(anonymous_1)
FNF:2
FNH:0
FNDA:0,CommentList
FNDA:0,(anonymous_1)
DA:14,0
DA:15,0
DA:25,0
DA:28,0
LF:4
LH:0
BRDA:14,0,0,0
BRDA:14,0,1,0
BRF:2
BRH:0
end_of_record
TN:
SF:components\common\Button.tsx
FN:15,Button
FNF:1
FNH:1
FNDA:7,Button
DA:25,7
DA:27,7
DA:33,7
DA:39,7
DA:45,7
DA:51,7
LF:6
LH:6
BRDA:18,0,0,5
BRDA:19,1,0,7
BRDA:20,2,0,6
BRDA:21,3,0,6
BRDA:25,4,0,7
BRDA:25,4,1,6
BRDA:55,5,0,7
BRDA:55,5,1,7
BRDA:61,6,0,2
BRDA:61,6,1,5
BRDA:65,7,0,1
BRDA:65,7,1,6
BRDA:66,8,0,0
BRDA:66,8,1,1
BRF:14
BRH:13
end_of_record
TN:
SF:components\common\Container.tsx
FN:9,Container
FNF:1
FNH:0
FNDA:0,Container
DA:10,0
LF:1
LH:0
BRF:0
BRH:0
end_of_record
TN:
SF:components\common\ErrorView.tsx
FN:10,ErrorView
FNF:1
FNH:1
FNDA:3,ErrorView
DA:11,3
LF:1
LH:1
BRDA:17,0,0,3
BRDA:17,0,1,1
BRF:2
BRH:2
end_of_record
TN:
SF:components\common\Input.tsx
FN:10,Input
FNF:1
FNH:0
FNDA:0,Input
DA:11,0
LF:1
LH:0
BRDA:13,0,0,0
BRDA:13,0,1,0
BRDA:21,1,0,0
BRDA:21,1,1,0
BRDA:22,2,0,0
BRDA:22,2,1,0
BRDA:29,3,0,0
BRDA:29,3,1,0
BRF:8
BRH:0
end_of_record
TN:
SF:components\common\Loading.tsx
FN:10,Loading
FN:29,SkeletonLoader
FN:32,(anonymous_2)
FNF:3
FNH:3
FNDA:4,Loading
FNDA:1,SkeletonLoader
FNDA:3,(anonymous_2)
DA:11,4
DA:12,1
DA:15,3
DA:30,1
DA:33,3
LF:5
LH:5
BRDA:10,0,0,4
BRDA:10,1,0,3
BRDA:11,2,0,1
BRDA:11,2,1,3
BRDA:20,3,0,3
BRDA:20,3,1,2
BRF:6
BRH:6
end_of_record
TN:
SF:components\posts\PostCard.tsx
FN:11,(anonymous_0)
FNF:1
FNH:0
FNDA:0,(anonymous_0)
DA:11,0
DA:12,0
LF:2
LH:0
BRDA:31,0,0,0
BRDA:31,0,1,0
BRF:2
BRH:0
end_of_record
TN:
SF:components\posts\PostList.tsx
FN:17,PostList
FN:29,(anonymous_1)
FN:34,(anonymous_2)
FN:41,(anonymous_3)
FN:47,(anonymous_4)
FN:52,(anonymous_5)
FN:88,(anonymous_6)
FN:89,(anonymous_7)
FN:100,(anonymous_8)
FNF:9
FNH:0
FNDA:0,PostList
FNDA:0,(anonymous_1)
FNDA:0,(anonymous_2)
FNDA:0,(anonymous_3)
FNDA:0,(anonymous_4)
FNDA:0,(anonymous_5)
FNDA:0,(anonymous_6)
FNDA:0,(anonymous_7)
FNDA:0,(anonymous_8)
DA:25,0
DA:26,0
DA:27,0
DA:29,0
DA:30,0
DA:31,0
DA:34,0
DA:35,0
DA:36,0
DA:37,0
DA:38,0
DA:41,0
DA:42,0
DA:43,0
DA:44,0
DA:47,0
DA:48,0
DA:49,0
DA:52,0
DA:53,0
DA:54,0
DA:60,0
DA:61,0
DA:74,0
DA:77,0
DA:78,0
DA:81,0
DA:82,0
DA:85,0
DA:88,0
DA:89,0
DA:101,0
LF:32
LH:0
BRDA:23,0,0,0
BRDA:30,1,0,0
BRDA:30,1,1,0
BRDA:30,2,0,0
BRDA:30,2,1,0
BRDA:42,3,0,0
BRDA:42,3,1,0
BRDA:42,4,0,0
BRDA:42,4,1,0
BRDA:42,4,2,0
BRDA:42,4,3,0
BRDA:48,5,0,0
BRDA:48,5,1,0
BRDA:48,6,0,0
BRDA:48,6,1,0
BRDA:48,6,2,0
BRDA:53,7,0,0
BRDA:53,7,1,0
BRDA:53,8,0,0
BRDA:53,8,1,0
BRDA:60,9,0,0
BRDA:60,9,1,0
BRDA:60,10,0,0
BRDA:60,10,1,0
BRDA:60,10,2,0
BRDA:77,11,0,0
BRDA:77,11,1,0
BRDA:77,12,0,0
BRDA:77,12,1,0
BRDA:81,13,0,0
BRDA:81,13,1,0
BRDA:81,14,0,0
BRDA:81,14,1,0
BRF:33
BRH:0
end_of_record
TN:
SF:components\reactions\LikeButton.tsx
FN:11,LikeButton
FN:14,(anonymous_1)
FNF:2
FNH:0
FNDA:0,LikeButton
FNDA:0,(anonymous_1)
DA:12,0
DA:14,0
DA:15,0
DA:17,0
DA:20,0
DA:22,0
DA:25,0
LF:7
LH:0
BRDA:11,0,0,0
BRDA:15,1,0,0
BRDA:15,1,1,0
BRDA:31,2,0,0
BRDA:31,2,1,0
BRDA:39,3,0,0
BRDA:39,3,1,0
BRDA:41,4,0,0
BRDA:41,4,1,0
BRF:9
BRH:0
end_of_record
TN:
SF:components\reactions\ReactionBar.tsx
FN:20,getCount
FN:21,(anonymous_1)
FN:25,ReactionBar
FN:26,(anonymous_3)
FN:34,(anonymous_4)
FN:37,(anonymous_5)
FNF:6
FNH:0
FNDA:0,getCount
FNDA:0,(anonymous_1)
FNDA:0,ReactionBar
FNDA:0,(anonymous_3)
FNDA:0,(anonymous_4)
FNDA:0,(anonymous_5)
DA:6,0
DA:21,0
DA:22,0
DA:26,0
DA:27,0
DA:28,0
DA:29,0
DA:32,0
DA:35,0
DA:37,0
LF:10
LH:0
BRDA:22,0,0,0
BRDA:22,0,1,0
BRDA:25,1,0,0
BRDA:27,2,0,0
BRDA:27,2,1,0
BRF:5
BRH:0
end_of_record
TN:
SF:hooks\useAPI.ts
FN:10,useAPI
FN:21,(anonymous_1)
FN:25,(anonymous_2)
FN:40,(anonymous_3)
FNF:4
FNH:0
FNDA:0,useAPI
FNDA:0,(anonymous_1)
FNDA:0,(anonymous_2)
FNDA:0,(anonymous_3)
DA:14,0
DA:15,0
DA:16,0
DA:19,0
DA:21,0
DA:22,0
DA:25,0
DA:26,0
DA:27,0
DA:28,0
DA:29,0
DA:30,0
DA:32,0
DA:33,0
DA:34,0
DA:36,0
DA:40,0
DA:41,0
DA:42,0
DA:46,0
LF:20
LH:0
BRDA:32,0,0,0
BRDA:32,0,1,0
BRDA:41,1,0,0
BRDA:41,1,1,0
BRF:4
BRH:0
end_of_record
TN:
SF:hooks\useAuth.ts
FN:12,useAuth
FN:17,(anonymous_1)
FN:22,(anonymous_2)
FN:48,(anonymous_3)
FN:63,(anonymous_4)
FN:80,(anonymous_5)
FNF:6
FNH:0
FNDA:0,useAuth
FNDA:0,(anonymous_1)
FNDA:0,(anonymous_2)
FNDA:0,(anonymous_3)
FNDA:0,(anonymous_4)
FNDA:0,(anonymous_5)
DA:13,0
DA:14,0
DA:15,0
DA:17,0
DA:18,0
DA:19,0
DA:20,0
DA:22,0
DA:23,0
DA:24,0
DA:27,0
DA:28,0
DA:29,0
DA:30,0
DA:31,0
DA:32,0
DA:36,0
DA:37,0
DA:38,0
DA:39,0
DA:40,0
DA:43,0
DA:45,0
DA:46,0
DA:47,0
DA:48,0
DA:49,0
DA:50,0
DA:53,0
DA:54,0
DA:59,0
DA:62,0
DA:64,0
DA:66,0
DA:69,0
DA:70,0
DA:71,0
DA:73,0
DA:74,0
DA:80,0
DA:81,0
DA:82,0
DA:86,0
LF:43
LH:0
BRDA:28,0,0,0
BRDA:28,0,1,0
BRDA:28,1,0,0
BRDA:28,1,1,0
BRDA:37,2,0,0
BRDA:37,2,1,0
BRDA:45,3,0,0
BRDA:45,3,1,0
BRDA:45,4,0,0
BRDA:45,4,1,0
BRDA:49,5,0,0
BRDA:49,5,1,0
BRDA:53,6,0,0
BRDA:53,6,1,0
BRDA:66,7,0,0
BRDA:66,7,1,0
BRDA:69,8,0,0
BRDA:69,8,1,0
BRDA:69,9,0,0
BRDA:69,9,1,0
BRDA:70,10,0,0
BRDA:70,10,1,0
BRDA:73,11,0,0
BRDA:73,11,1,0
BRF:24
BRH:0
end_of_record
TN:
SF:hooks\useAuthor.ts
FN:4,useAuthor
FN:9,(anonymous_1)
FN:10,(anonymous_2)
FN:26,(anonymous_3)
FNF:4
FNH:0
FNDA:0,useAuthor
FNDA:0,(anonymous_1)
FNDA:0,(anonymous_2)
FNDA:0,(anonymous_3)
DA:5,0
DA:6,0
DA:9,0
DA:10,0
DA:11,0
DA:12,0
DA:13,0
DA:14,0
DA:17,0
DA:19,0
DA:22,0
DA:26,0
DA:27,0
DA:28,0
DA:31,0
LF:15
LH:0
BRDA:13,0,0,0
BRDA:13,0,1,0
BRF:2
BRH:0
end_of_record
TN:
SF:hooks\useRealtimeComments.ts
FN:14,useRealtimeComments
FN:23,(anonymous_1)
FN:27,(anonymous_2)
FN:41,(anonymous_3)
FN:65,(anonymous_4)
FN:81,(anonymous_5)
FN:102,(anonymous_6)
FN:106,(anonymous_7)
FNF:8
FNH:0
FNDA:0,useRealtimeComments
FNDA:0,(anonymous_1)
FNDA:0,(anonymous_2)
FNDA:0,(anonymous_3)
FNDA:0,(anonymous_4)
FNDA:0,(anonymous_5)
FNDA:0,(anonymous_6)
FNDA:0,(anonymous_7)
DA:23,0
DA:24,0
DA:25,0
DA:27,0
DA:28,0
DA:29,0
DA:31,0
DA:42,0
DA:43,0
DA:44,0
DA:45,0
DA:46,0
DA:47,0
DA:49,0
DA:53,0
DA:66,0
DA:67,0
DA:68,0
DA:69,0
DA:70,0
DA:71,0
DA:73,0
DA:77,0
DA:82,0
DA:84,0
DA:86,0
DA:87,0
DA:88,0
DA:89,0
DA:90,0
DA:91,0
DA:95,0
DA:99,0
DA:102,0
DA:103,0
DA:104,0
DA:105,0
DA:106,0
DA:107,0
LF:39
LH:0
BRDA:42,0,0,0
BRDA:42,0,1,0
BRDA:45,1,0,0
BRDA:45,1,1,0
BRDA:45,2,0,0
BRDA:45,2,1,0
BRDA:46,3,0,0
BRDA:46,3,1,0
BRDA:66,4,0,0
BRDA:66,4,1,0
BRDA:69,5,0,0
BRDA:69,5,1,0
BRDA:69,6,0,0
BRDA:69,6,1,0
BRDA:70,7,0,0
BRDA:70,7,1,0
BRDA:82,8,0,0
BRDA:82,8,1,0
BRDA:86,9,0,0
BRDA:86,9,1,0
BRDA:88,10,0,0
BRDA:88,10,1,0
BRDA:90,11,0,0
BRDA:90,11,1,0
BRDA:104,12,0,0
BRDA:104,12,1,0
BRF:26
BRH:0
end_of_record
TN:
SF:hooks\useRealtimePosts.ts
FN:14,useRealtimePosts
FN:23,(anonymous_1)
FN:27,(anonymous_2)
FN:40,(anonymous_3)
FN:63,(anonymous_4)
FN:86,(anonymous_5)
FN:102,(anonymous_6)
FN:123,(anonymous_7)
FN:127,(anonymous_8)
FNF:9
FNH:0
FNDA:0,useRealtimePosts
FNDA:0,(anonymous_1)
FNDA:0,(anonymous_2)
FNDA:0,(anonymous_3)
FNDA:0,(anonymous_4)
FNDA:0,(anonymous_5)
FNDA:0,(anonymous_6)
FNDA:0,(anonymous_7)
FNDA:0,(anonymous_8)
DA:23,0
DA:24,0
DA:25,0
DA:27,0
DA:28,0
DA:29,0
DA:31,0
DA:41,0
DA:42,0
DA:43,0
DA:44,0
DA:45,0
DA:46,0
DA:48,0
DA:52,0
DA:64,0
DA:65,0
DA:66,0
DA:67,0
DA:68,0
DA:69,0
DA:71,0
DA:75,0
DA:87,0
DA:88,0
DA:89,0
DA:90,0
DA:91,0
DA:92,0
DA:94,0
DA:98,0
DA:103,0
DA:105,0
DA:107,0
DA:108,0
DA:109,0
DA:110,0
DA:111,0
DA:112,0
DA:116,0
DA:120,0
DA:123,0
DA:124,0
DA:125,0
DA:126,0
DA:127,0
DA:128,0
LF:47
LH:0
BRDA:41,0,0,0
BRDA:41,0,1,0
BRDA:44,1,0,0
BRDA:44,1,1,0
BRDA:44,2,0,0
BRDA:44,2,1,0
BRDA:45,3,0,0
BRDA:45,3,1,0
BRDA:64,4,0,0
BRDA:64,4,1,0
BRDA:67,5,0,0
BRDA:67,5,1,0
BRDA:67,6,0,0
BRDA:67,6,1,0
BRDA:68,7,0,0
BRDA:68,7,1,0
BRDA:87,8,0,0
BRDA:87,8,1,0
BRDA:90,9,0,0
BRDA:90,9,1,0
BRDA:90,10,0,0
BRDA:90,10,1,0
BRDA:91,11,0,0
BRDA:91,11,1,0
BRDA:103,12,0,0
BRDA:103,12,1,0
BRDA:107,13,0,0
BRDA:107,13,1,0
BRDA:109,14,0,0
BRDA:109,14,1,0
BRDA:111,15,0,0
BRDA:111,15,1,0
BRDA:125,16,0,0
BRDA:125,16,1,0
BRF:34
BRH:0
end_of_record
TN:
SF:hooks\useRealtimeReactions.ts
FN:10,useRealtimeReactions
FN:17,(anonymous_1)
FN:21,(anonymous_2)
FN:33,(anonymous_3)
FN:45,(anonymous_4)
FN:57,(anonymous_5)
FN:69,(anonymous_6)
FN:72,(anonymous_7)
FNF:8
FNH:0
FNDA:0,useRealtimeReactions
FNDA:0,(anonymous_1)
FNDA:0,(anonymous_2)
FNDA:0,(anonymous_3)
FNDA:0,(anonymous_4)
FNDA:0,(anonymous_5)
FNDA:0,(anonymous_6)
FNDA:0,(anonymous_7)
DA:17,0
DA:18,0
DA:19,0
DA:21,0
DA:22,0
DA:23,0
DA:34,0
DA:46,0
DA:58,0
DA:63,0
DA:67,0
DA:69,0
DA:70,0
DA:71,0
DA:72,0
LF:15
LH:0
BRDA:34,0,0,0
BRDA:34,0,1,0
BRDA:34,1,0,0
BRDA:34,1,1,0
BRDA:46,2,0,0
BRDA:46,2,1,0
BRDA:46,3,0,0
BRDA:46,3,1,0
BRDA:58,4,0,0
BRDA:58,4,1,0
BRDA:58,5,0,0
BRDA:58,5,1,0
BRDA:71,6,0,0
BRDA:71,6,1,0
BRF:14
BRH:0
end_of_record
TN:
SF:lib\api.ts
FN:23,(anonymous_0)
FN:34,(anonymous_1)
FN:46,(anonymous_2)
FN:75,(anonymous_3)
FN:81,(anonymous_4)
FN:93,(anonymous_5)
FN:115,(anonymous_6)
FN:119,(anonymous_7)
FN:129,(anonymous_8)
FN:152,(anonymous_9)
FN:184,(anonymous_10)
FN:206,(anonymous_11)
FN:233,(anonymous_12)
FN:257,(anonymous_13)
FN:292,(anonymous_14)
FN:319,(anonymous_15)
FN:341,(anonymous_16)
FN:359,(anonymous_17)
FN:423,(anonymous_18)
FNF:19
FNH:6
FNDA:2,(anonymous_0)
FNDA:0,(anonymous_1)
FNDA:2,(anonymous_2)
FNDA:1,(anonymous_3)
FNDA:1,(anonymous_4)
FNDA:0,(anonymous_5)
FNDA:0,(anonymous_6)
FNDA:0,(anonymous_7)
FNDA:0,(anonymous_8)
FNDA:2,(anonymous_9)
FNDA:0,(anonymous_10)
FNDA:0,(anonymous_11)
FNDA:0,(anonymous_12)
FNDA:0,(anonymous_13)
FNDA:0,(anonymous_14)
FNDA:0,(anonymous_15)
FNDA:0,(anonymous_16)
FNDA:0,(anonymous_17)
FNDA:2,(anonymous_18)
DA:29,2
DA:30,2
DA:35,0
DA:36,0
DA:37,0
DA:38,0
DA:39,0
DA:44,1
DA:51,2
DA:53,2
DA:54,2
DA:55,2
DA:57,2
DA:63,2
DA:65,2
DA:66,1
DA:67,1
DA:70,1
DA:75,1
DA:76,1
DA:78,1
DA:81,1
DA:85,1
DA:88,1
DA:89,1
DA:98,0
DA:99,0
DA:101,0
DA:102,0
DA:109,0
DA:110,0
DA:111,0
DA:114,0
DA:115,0
DA:116,0
DA:118,0
DA:119,0
DA:123,0
DA:125,0
DA:130,0
DA:132,0
DA:138,0
DA:139,0
DA:140,0
DA:148,0
DA:153,2
DA:156,2
DA:158,2
DA:159,1
DA:163,1
DA:169,1
DA:170,0
DA:171,0
DA:179,1
DA:180,1
DA:185,0
DA:187,0
DA:192,0
DA:193,0
DA:194,0
DA:202,0
DA:210,0
DA:212,0
DA:219,0
DA:220,0
DA:221,0
DA:229,0
DA:238,0
DA:240,0
DA:247,0
DA:248,0
DA:249,0
DA:252,0
DA:253,0
DA:261,0
DA:264,0
DA:266,0
DA:267,0
DA:271,0
DA:277,0
DA:278,0
DA:279,0
DA:287,0
DA:288,0
DA:296,0
DA:298,0
DA:305,0
DA:306,0
DA:307,0
DA:315,0
DA:320,0
DA:322,0
DA:327,0
DA:328,0
DA:329,0
DA:337,0
DA:342,0
DA:344,0
DA:349,0
DA:350,0
DA:351,0
DA:354,0
DA:355,0
DA:363,0
DA:365,0
DA:368,0
DA:377,0
DA:379,0
DA:386,0
DA:387,0
DA:388,0
DA:396,0
DA:399,0
DA:405,0
DA:406,0
DA:407,0
DA:415,0
DA:418,0
DA:419,0
DA:424,2
DA:426,2
DA:427,2
DA:429,2
DA:430,1
DA:431,1
DA:434,1
DA:435,1
DA:437,0
DA:438,0
LF:129
LH:36
BRDA:35,0,0,0
BRDA:35,0,1,0
BRDA:36,1,0,0
BRDA:36,1,1,0
BRDA:37,2,0,0
BRDA:37,2,1,0
BRDA:38,3,0,0
BRDA:38,3,1,0
BRDA:47,4,0,1
BRDA:48,5,0,1
BRDA:49,6,0,1
BRDA:53,7,0,0
BRDA:53,7,1,2
BRDA:54,8,0,0
BRDA:54,8,1,2
BRDA:55,9,0,0
BRDA:55,9,1,2
BRDA:59,10,0,2
BRDA:59,10,1,0
BRDA:65,11,0,1
BRDA:65,11,1,1
BRDA:70,12,0,1
BRDA:70,12,1,0
BRDA:78,13,0,0
BRDA:78,13,1,1
BRDA:80,14,0,1
BRDA:80,14,1,0
BRDA:81,15,0,1
BRDA:81,15,1,0
BRDA:82,16,0,0
BRDA:82,16,1,0
BRDA:95,17,0,0
BRDA:96,18,0,0
BRDA:99,19,0,0
BRDA:99,19,1,0
BRDA:109,20,0,0
BRDA:109,20,1,0
BRDA:114,21,0,0
BRDA:114,21,1,0
BRDA:118,22,0,0
BRDA:118,22,1,0
BRDA:119,23,0,0
BRDA:119,23,1,0
BRDA:120,24,0,0
BRDA:120,24,1,0
BRDA:138,25,0,0
BRDA:138,25,1,0
BRDA:141,26,0,0
BRDA:141,26,1,0
BRDA:158,27,0,1
BRDA:158,27,1,1
BRDA:169,28,0,0
BRDA:169,28,1,1
BRDA:172,29,0,0
BRDA:172,29,1,0
BRDA:192,30,0,0
BRDA:192,30,1,0
BRDA:195,31,0,0
BRDA:195,31,1,0
BRDA:219,32,0,0
BRDA:219,32,1,0
BRDA:222,33,0,0
BRDA:222,33,1,0
BRDA:235,34,0,0
BRDA:236,35,0,0
BRDA:247,36,0,0
BRDA:247,36,1,0
BRDA:253,37,0,0
BRDA:253,37,1,0
BRDA:266,38,0,0
BRDA:266,38,1,0
BRDA:277,39,0,0
BRDA:277,39,1,0
BRDA:280,40,0,0
BRDA:280,40,1,0
BRDA:305,41,0,0
BRDA:305,41,1,0
BRDA:308,42,0,0
BRDA:308,42,1,0
BRDA:327,43,0,0
BRDA:327,43,1,0
BRDA:330,44,0,0
BRDA:330,44,1,0
BRDA:349,45,0,0
BRDA:349,45,1,0
BRDA:355,46,0,0
BRDA:355,46,1,0
BRDA:377,47,0,0
BRDA:377,47,1,0
BRDA:386,48,0,0
BRDA:386,48,1,0
BRDA:405,49,0,0
BRDA:405,49,1,0
BRDA:429,50,0,1
BRDA:429,50,1,1
BRF:95
BRH:18
end_of_record
TN:
SF:lib\auth.ts
FN:15,(anonymous_0)
FN:45,(anonymous_1)
FN:59,(anonymous_2)
FN:75,(anonymous_3)
FNF:4
FNH:2
FNDA:4,(anonymous_0)
FNDA:2,(anonymous_1)
FNDA:0,(anonymous_2)
FNDA:0,(anonymous_3)
DA:10,1
DA:16,4
DA:19,4
DA:21,4
DA:22,1
DA:23,1
DA:27,3
DA:29,3
DA:30,1
DA:31,1
DA:34,2
DA:35,1
DA:38,1
DA:39,1
DA:46,2
DA:48,2
DA:49,0
DA:50,0
DA:53,2
DA:60,0
DA:62,0
DA:63,0
DA:64,0
DA:67,0
DA:76,0
DA:77,0
DA:79,0
DA:80,0
DA:81,0
LF:29
LH:17
BRDA:21,0,0,1
BRDA:21,0,1,3
BRDA:29,1,0,1
BRDA:29,1,1,2
BRDA:34,2,0,1
BRDA:34,2,1,1
BRDA:48,3,0,0
BRDA:48,3,1,2
BRDA:62,4,0,0
BRDA:62,4,1,0
BRDA:79,5,0,0
BRDA:79,5,1,0
BRF:12
BRH:7
end_of_record
TN:
SF:lib\storage.ts
FN:7,(anonymous_0)
FN:16,(anonymous_1)
FN:26,(anonymous_2)
FNF:3
FNH:0
FNDA:0,(anonymous_0)
FNDA:0,(anonymous_1)
FNDA:0,(anonymous_2)
DA:3,0
DA:5,0
DA:8,0
DA:9,0
DA:11,0
DA:17,0
DA:18,0
DA:20,0
DA:21,0
DA:27,0
DA:28,0
DA:30,0
LF:12
LH:0
BRF:0
BRH:0
end_of_record
TN:
SF:lib\supabase.ts
FNF:0
FNH:0
DA:5,0
DA:8,0
DA:11,0
DA:12,0
DA:19,0
LF:5
LH:0
BRDA:5,0,0,0
BRDA:5,0,1,0
BRDA:8,1,0,0
BRDA:8,1,1,0
BRDA:11,2,0,0
BRDA:11,2,1,0
BRDA:11,3,0,0
BRDA:11,3,1,0
BRF:8
BRH:0
end_of_record
TN:
SF:utils\format.ts
FN:3,formatDate
FN:29,truncateText
FN:34,formatReactionCount
FNF:3
FNH:3
FNDA:6,formatDate
FNDA:4,truncateText
FNDA:6,formatReactionCount
DA:4,6
DA:5,6
DA:6,6
DA:7,6
DA:8,6
DA:9,6
DA:11,6
DA:12,5
DA:13,4
DA:14,3
DA:17,2
DA:18,2
DA:19,2
DA:22,2
DA:23,1
DA:26,1
DA:30,4
DA:31,2
DA:35,6
DA:36,4
DA:37,2
LF:21
LH:21
BRDA:11,0,0,1
BRDA:11,0,1,5
BRDA:12,1,0,1
BRDA:12,1,1,4
BRDA:13,2,0,1
BRDA:13,2,1,3
BRDA:14,3,0,1
BRDA:14,3,1,2
BRDA:22,4,0,1
BRDA:22,4,1,1
BRDA:30,5,0,2
BRDA:30,5,1,2
BRDA:35,6,0,2
BRDA:35,6,1,4
BRDA:36,7,0,2
BRDA:36,7,1,2
BRF:16
BRH:16
end_of_record
TN:
SF:utils\logger.ts
FN:10,(anonymous_0)
FN:13,(anonymous_1)
FN:16,(anonymous_2)
FN:19,(anonymous_3)
FNF:4
FNH:0
FNDA:0,(anonymous_0)
FNDA:0,(anonymous_1)
FNDA:0,(anonymous_2)
FNDA:0,(anonymous_3)
DA:7,0
DA:9,0
DA:11,0
DA:14,0
DA:17,0
DA:20,0
LF:6
LH:0
BRDA:11,0,0,0
BRDA:11,0,1,0
BRDA:14,1,0,0
BRDA:14,1,1,0
BRDA:17,2,0,0
BRDA:17,2,1,0
BRDA:20,3,0,0
BRDA:20,3,1,0
BRF:8
BRH:0
end_of_record
TN:
SF:utils\validate.ts
FN:8,validatePostTitle
FN:18,validatePostContent
FN:28,validateAuthor
FN:38,validateCommentContent
FNF:4
FNH:4
FNDA:5,validatePostTitle
FNDA:3,validatePostContent
FNDA:3,validateAuthor
FNDA:3,validateCommentContent
DA:9,5
DA:10,2
DA:12,3
DA:13,1
DA:15,2
DA:19,3
DA:20,1
DA:22,2
DA:23,1
DA:25,1
DA:29,3
DA:30,1
DA:32,2
DA:33,1
DA:35,1
DA:39,3
DA:40,1
DA:42,2
DA:43,1
DA:45,1
LF:20
LH:20
BRDA:9,0,0,2
BRDA:9,0,1,3
BRDA:12,1,0,1
BRDA:12,1,1,2
BRDA:19,2,0,1
BRDA:19,2,1,2
BRDA:22,3,0,1
BRDA:22,3,1,1
BRDA:29,4,0,1
BRDA:29,4,1,2
BRDA:32,5,0,1
BRDA:32,5,1,1
BRDA:39,6,0,1
BRDA:39,6,1,2
BRDA:42,7,0,1
BRDA:42,7,1,1
BRF:16
BRH:16
end_of_record
