TN:
SF:src\app\_layout.tsx
FN:12,checkAndApplyUpdate
FN:27,RootLayout
FN:31,(anonymous_2)
FNF:3
FNH:0
FNDA:0,checkAndApplyUpdate
FNDA:0,RootLayout
FNDA:0,(anonymous_2)
DA:13,0
DA:14,0
DA:15,0
DA:16,0
DA:17,0
DA:18,0
DA:19,0
DA:20,0
DA:28,0
DA:31,0
DA:32,0
DA:36,0
DA:37,0
DA:46,0
DA:47,0
DA:58,0
LF:16
LH:0
BRDA:13,0,0,0
BRDA:13,0,1,0
BRDA:16,1,0,0
BRDA:16,1,1,0
BRDA:18,2,0,0
BRDA:18,2,1,0
BRDA:36,3,0,0
BRDA:36,3,1,0
BRDA:46,4,0,0
BRDA:46,4,1,0
BRF:10
BRH:0
end_of_record
TN:
SF:src\app\(tabs)\_layout.tsx
FN:7,TabLayout
FN:38,(anonymous_1)
FN:46,(anonymous_2)
FN:60,(anonymous_3)
FNF:4
FNH:0
FNDA:0,TabLayout
FNDA:0,(anonymous_1)
FNDA:0,(anonymous_2)
FNDA:0,(anonymous_3)
DA:8,0
DA:10,0
DA:11,0
DA:13,0
DA:38,0
DA:46,0
DA:60,0
LF:7
LH:0
BRDA:10,0,0,0
BRDA:10,0,1,0
BRDA:11,1,0,0
BRDA:11,1,1,0
BRF:4
BRH:0
end_of_record
TN:
SF:src\app\(tabs)\create.tsx
FN:40,CreateScreen
FN:65,(anonymous_1)
FN:70,(anonymous_2)
FN:76,(anonymous_3)
FN:78,(anonymous_4)
FN:109,(anonymous_5)
FN:135,(anonymous_6)
FN:136,(anonymous_7)
FN:150,(anonymous_8)
FN:165,(anonymous_9)
FN:182,(anonymous_10)
FN:195,(anonymous_11)
FN:196,(anonymous_12)
FN:217,(anonymous_13)
FN:217,(anonymous_14)
FNF:15
FNH:0
FNDA:0,CreateScreen
FNDA:0,(anonymous_1)
FNDA:0,(anonymous_2)
FNDA:0,(anonymous_3)
FNDA:0,(anonymous_4)
FNDA:0,(anonymous_5)
FNDA:0,(anonymous_6)
FNDA:0,(anonymous_7)
FNDA:0,(anonymous_8)
FNDA:0,(anonymous_9)
FNDA:0,(anonymous_10)
FNDA:0,(anonymous_11)
FNDA:0,(anonymous_12)
FNDA:0,(anonymous_13)
FNDA:0,(anonymous_14)
DA:29,0
DA:41,0
DA:42,0
DA:43,0
DA:44,0
DA:45,0
DA:46,0
DA:47,0
DA:48,0
DA:49,0
DA:56,0
DA:65,0
DA:66,0
DA:69,0
DA:71,0
DA:76,0
DA:77,0
DA:78,0
DA:79,0
DA:81,0
DA:83,0
DA:91,0
DA:100,0
DA:101,0
DA:104,0
DA:106,0
DA:109,0
DA:113,0
DA:117,0
DA:136,0
DA:137,0
DA:138,0
DA:151,0
DA:166,0
DA:183,0
DA:196,0
DA:197,0
DA:199,0
DA:200,0
DA:207,0
DA:208,0
DA:215,0
DA:217,0
LF:43
LH:0
BRDA:61,0,0,0
BRDA:61,0,1,0
BRDA:66,1,0,0
BRDA:66,1,1,0
BRDA:79,2,0,0
BRDA:79,2,1,0
BRDA:81,3,0,0
BRDA:81,3,1,0
BRDA:86,4,0,0
BRDA:86,4,1,0
BRDA:100,5,0,0
BRDA:100,5,1,0
BRDA:100,6,0,0
BRDA:100,6,1,0
BRDA:100,7,0,0
BRDA:100,7,1,0
BRDA:122,8,0,0
BRDA:122,8,1,0
BRDA:123,9,0,0
BRDA:123,9,1,0
BRDA:123,10,0,0
BRDA:123,10,1,0
BRDA:129,11,0,0
BRDA:129,11,1,0
BRDA:137,12,0,0
BRDA:137,12,1,0
BRDA:197,13,0,0
BRDA:197,13,1,0
BRDA:199,14,0,0
BRDA:199,14,1,0
BRDA:207,15,0,0
BRDA:207,15,1,0
BRDA:221,16,0,0
BRDA:221,16,1,0
BRF:34
BRH:0
end_of_record
TN:
SF:src\app\(tabs)\groups.tsx
FNF:0
FNH:0
LF:0
LH:0
BRF:0
BRH:0
end_of_record
TN:
SF:src\app\(tabs)\index.tsx
FN:22,HomeScreen
FN:44,(anonymous_1)
FN:53,(anonymous_2)
FN:54,(anonymous_3)
FN:54,(anonymous_4)
FN:56,(anonymous_5)
FN:57,(anonymous_6)
FN:57,(anonymous_7)
FN:59,(anonymous_8)
FN:60,(anonymous_9)
FN:60,(anonymous_10)
FN:64,(anonymous_11)
FN:72,(anonymous_12)
FN:73,(anonymous_13)
FN:74,(anonymous_14)
FN:77,(anonymous_15)
FN:83,(anonymous_16)
FN:103,(anonymous_17)
FN:109,(anonymous_18)
FN:120,(anonymous_19)
FN:127,(anonymous_20)
FN:175,(anonymous_21)
FNF:22
FNH:0
FNDA:0,HomeScreen
FNDA:0,(anonymous_1)
FNDA:0,(anonymous_2)
FNDA:0,(anonymous_3)
FNDA:0,(anonymous_4)
FNDA:0,(anonymous_5)
FNDA:0,(anonymous_6)
FNDA:0,(anonymous_7)
FNDA:0,(anonymous_8)
FNDA:0,(anonymous_9)
FNDA:0,(anonymous_10)
FNDA:0,(anonymous_11)
FNDA:0,(anonymous_12)
FNDA:0,(anonymous_13)
FNDA:0,(anonymous_14)
FNDA:0,(anonymous_15)
FNDA:0,(anonymous_16)
FNDA:0,(anonymous_17)
FNDA:0,(anonymous_18)
FNDA:0,(anonymous_19)
FNDA:0,(anonymous_20)
FNDA:0,(anonymous_21)
DA:23,0
DA:24,0
DA:25,0
DA:26,0
DA:27,0
DA:28,0
DA:29,0
DA:30,0
DA:31,0
DA:32,0
DA:33,0
DA:34,0
DA:35,0
DA:42,0
DA:44,0
DA:45,0
DA:46,0
DA:47,0
DA:48,0
DA:52,0
DA:54,0
DA:57,0
DA:60,0
DA:64,0
DA:65,0
DA:67,0
DA:68,0
DA:69,0
DA:70,0
DA:72,0
DA:73,0
DA:74,0
DA:75,0
DA:77,0
DA:83,0
DA:84,0
DA:85,0
DA:86,0
DA:87,0
DA:88,0
DA:90,0
DA:91,0
DA:92,0
DA:93,0
DA:94,0
DA:95,0
DA:99,0
DA:103,0
DA:104,0
DA:105,0
DA:106,0
DA:109,0
DA:110,0
DA:111,0
DA:112,0
DA:114,0
DA:118,0
DA:120,0
DA:127,0
DA:129,0
DA:175,0
LF:61
LH:0
BRDA:45,0,0,0
BRDA:45,0,1,0
BRDA:54,1,0,0
BRDA:54,1,1,0
BRDA:60,2,0,0
BRDA:60,2,1,0
BRDA:65,3,0,0
BRDA:65,3,1,0
BRDA:65,4,0,0
BRDA:65,4,1,0
BRDA:65,4,2,0
BRDA:69,5,0,0
BRDA:69,5,1,0
BRDA:75,6,0,0
BRDA:75,6,1,0
BRDA:85,7,0,0
BRDA:85,7,1,0
BRDA:110,8,0,0
BRDA:110,8,1,0
BRDA:118,9,0,0
BRDA:118,9,1,0
BRDA:118,10,0,0
BRDA:118,10,1,0
BRDA:137,11,0,0
BRDA:137,11,1,0
BRDA:154,12,0,0
BRDA:154,12,1,0
BRDA:155,13,0,0
BRDA:155,13,1,0
BRDA:156,14,0,0
BRDA:156,14,1,0
BRDA:159,15,0,0
BRDA:159,15,1,0
BRDA:167,16,0,0
BRDA:167,16,1,0
BRDA:168,17,0,0
BRDA:168,17,1,0
BRDA:171,18,0,0
BRDA:171,18,1,0
BRF:39
BRH:0
end_of_record
TN:
SF:src\app\(tabs)\settings.tsx
FNF:0
FNH:0
LF:0
LH:0
BRF:0
BRH:0
end_of_record
TN:
SF:src\app\admin\_layout.tsx
FN:8,AdminLayout
FN:16,(anonymous_1)
FN:37,(anonymous_2)
FNF:3
FNH:0
FNDA:0,AdminLayout
FNDA:0,(anonymous_1)
FNDA:0,(anonymous_2)
DA:9,0
DA:10,0
DA:11,0
DA:12,0
DA:14,0
DA:16,0
DA:17,0
DA:19,0
DA:21,0
DA:22,0
DA:24,0
DA:28,0
DA:29,0
DA:30,0
DA:33,0
DA:35,0
DA:37,0
DA:38,0
DA:39,0
DA:40,0
DA:46,0
DA:47,0
DA:56,0
DA:57,0
DA:66,0
DA:67,0
DA:71,0
DA:72,0
DA:81,0
DA:82,0
DA:89,0
LF:31
LH:0
BRDA:17,0,0,0
BRDA:17,0,1,0
BRDA:19,1,0,0
BRDA:19,1,1,0
BRDA:21,2,0,0
BRDA:21,2,1,0
BRDA:21,3,0,0
BRDA:21,3,1,0
BRDA:21,3,2,0
BRDA:28,4,0,0
BRDA:28,4,1,0
BRDA:33,5,0,0
BRDA:33,5,1,0
BRDA:35,6,0,0
BRDA:35,6,1,0
BRDA:46,7,0,0
BRDA:46,7,1,0
BRDA:56,8,0,0
BRDA:56,8,1,0
BRDA:66,9,0,0
BRDA:66,9,1,0
BRDA:71,10,0,0
BRDA:71,10,1,0
BRDA:81,11,0,0
BRDA:81,11,1,0
BRF:25
BRH:0
end_of_record
TN:
SF:src\app\admin\index.tsx
FN:33,useMyManagedGroups
FN:40,shareInviteCode
FN:53,AdminIndexScreen
FN:62,(anonymous_3)
FN:63,(anonymous_4)
FN:71,(anonymous_5)
FN:74,(anonymous_6)
FN:83,(anonymous_7)
FN:101,(anonymous_8)
FN:105,(anonymous_9)
FN:202,(anonymous_10)
FN:219,(anonymous_11)
FNF:12
FNH:0
FNDA:0,useMyManagedGroups
FNDA:0,shareInviteCode
FNDA:0,AdminIndexScreen
FNDA:0,(anonymous_3)
FNDA:0,(anonymous_4)
FNDA:0,(anonymous_5)
FNDA:0,(anonymous_6)
FNDA:0,(anonymous_7)
FNDA:0,(anonymous_8)
FNDA:0,(anonymous_9)
FNDA:0,(anonymous_10)
FNDA:0,(anonymous_11)
DA:31,0
DA:34,0
DA:41,0
DA:42,0
DA:47,0
DA:48,0
DA:54,0
DA:55,0
DA:56,0
DA:57,0
DA:58,0
DA:60,0
DA:61,0
DA:62,0
DA:64,0
DA:65,0
DA:66,0
DA:67,0
DA:68,0
DA:71,0
DA:75,0
DA:79,0
DA:83,0
DA:84,0
DA:85,0
DA:86,0
DA:87,0
DA:88,0
DA:90,0
DA:91,0
DA:92,0
DA:94,0
DA:101,0
DA:102,0
DA:105,0
DA:106,0
DA:107,0
DA:108,0
DA:109,0
DA:111,0
DA:112,0
DA:116,0
DA:117,0
DA:125,0
DA:126,0
DA:134,0
DA:203,0
DA:219,0
LF:48
LH:0
BRDA:47,0,0,0
BRDA:47,0,1,0
BRDA:86,1,0,0
BRDA:86,1,1,0
BRDA:90,2,0,0
BRDA:90,2,1,0
BRDA:97,3,0,0
BRDA:97,3,1,0
BRDA:116,4,0,0
BRDA:116,4,1,0
BRDA:125,5,0,0
BRDA:125,5,1,0
BRDA:138,6,0,0
BRDA:138,6,1,0
BRDA:199,7,0,0
BRDA:199,7,1,0
BRDA:199,8,0,0
BRDA:199,8,1,0
BRDA:202,9,0,0
BRDA:202,9,1,0
BRDA:207,10,0,0
BRDA:207,10,1,0
BRDA:214,11,0,0
BRDA:214,11,1,0
BRDA:217,12,0,0
BRDA:217,12,1,0
BRF:26
BRH:0
end_of_record
TN:
SF:src\app\admin\login.tsx
FN:12,isValidEmail
FN:16,AdminLoginScreen
FN:25,(anonymous_2)
FN:58,(anonymous_3)
FN:63,(anonymous_4)
FN:91,(anonymous_5)
FN:103,(anonymous_6)
FNF:7
FNH:0
FNDA:0,isValidEmail
FNDA:0,AdminLoginScreen
FNDA:0,(anonymous_2)
FNDA:0,(anonymous_3)
FNDA:0,(anonymous_4)
FNDA:0,(anonymous_5)
FNDA:0,(anonymous_6)
DA:13,0
DA:17,0
DA:18,0
DA:19,0
DA:20,0
DA:21,0
DA:22,0
DA:23,0
DA:25,0
DA:26,0
DA:27,0
DA:28,0
DA:30,0
DA:31,0
DA:32,0
DA:34,0
DA:35,0
DA:36,0
DA:38,0
DA:39,0
DA:40,0
DA:43,0
DA:44,0
DA:45,0
DA:46,0
DA:49,0
DA:52,0
DA:54,0
DA:58,0
DA:59,0
DA:63,0
DA:64,0
DA:65,0
DA:69,0
DA:70,0
DA:73,0
DA:92,0
DA:93,0
DA:104,0
DA:105,0
LF:40
LH:0
BRDA:30,0,0,0
BRDA:30,0,1,0
BRDA:34,1,0,0
BRDA:34,1,1,0
BRDA:38,2,0,0
BRDA:38,2,1,0
BRDA:49,3,0,0
BRDA:49,3,1,0
BRDA:49,4,0,0
BRDA:49,4,1,0
BRDA:49,4,2,0
BRDA:64,5,0,0
BRDA:64,5,1,0
BRDA:64,6,0,0
BRDA:64,6,1,0
BRDA:64,6,2,0
BRDA:69,7,0,0
BRDA:69,7,1,0
BRDA:69,8,0,0
BRDA:69,8,1,0
BRDA:69,8,2,0
BRDA:77,9,0,0
BRDA:77,9,1,0
BRDA:112,10,0,0
BRDA:112,10,1,0
BRF:25
BRH:0
end_of_record
TN:
SF:src\app\groups\[groupId].tsx
FN:20,GroupBoardScreen
FN:23,(anonymous_1)
FN:51,(anonymous_2)
FN:59,(anonymous_3)
FN:68,(anonymous_4)
FN:72,(anonymous_5)
FN:72,(anonymous_6)
FN:76,(anonymous_7)
FN:77,(anonymous_8)
FN:77,(anonymous_9)
FN:79,(anonymous_10)
FN:80,(anonymous_11)
FN:80,(anonymous_12)
FN:87,(anonymous_13)
FN:104,(anonymous_14)
FN:116,(anonymous_15)
FN:117,(anonymous_16)
FN:118,(anonymous_17)
FN:121,(anonymous_18)
FN:127,(anonymous_19)
FN:148,(anonymous_20)
FN:154,(anonymous_21)
FN:168,(anonymous_22)
FN:208,(anonymous_23)
FN:211,(anonymous_24)
FNF:25
FNH:0
FNDA:0,GroupBoardScreen
FNDA:0,(anonymous_1)
FNDA:0,(anonymous_2)
FNDA:0,(anonymous_3)
FNDA:0,(anonymous_4)
FNDA:0,(anonymous_5)
FNDA:0,(anonymous_6)
FNDA:0,(anonymous_7)
FNDA:0,(anonymous_8)
FNDA:0,(anonymous_9)
FNDA:0,(anonymous_10)
FNDA:0,(anonymous_11)
FNDA:0,(anonymous_12)
FNDA:0,(anonymous_13)
FNDA:0,(anonymous_14)
FNDA:0,(anonymous_15)
FNDA:0,(anonymous_16)
FNDA:0,(anonymous_17)
FNDA:0,(anonymous_18)
FNDA:0,(anonymous_19)
FNDA:0,(anonymous_20)
FNDA:0,(anonymous_21)
FNDA:0,(anonymous_22)
FNDA:0,(anonymous_23)
FNDA:0,(anonymous_24)
DA:21,0
DA:22,0
DA:23,0
DA:25,0
DA:26,0
DA:27,0
DA:28,0
DA:29,0
DA:30,0
DA:31,0
DA:32,0
DA:33,0
DA:39,0
DA:41,0
DA:42,0
DA:49,0
DA:51,0
DA:52,0
DA:53,0
DA:54,0
DA:55,0
DA:59,0
DA:60,0
DA:61,0
DA:62,0
DA:63,0
DA:66,0
DA:69,0
DA:70,0
DA:71,0
DA:72,0
DA:77,0
DA:80,0
DA:84,0
DA:85,0
DA:87,0
DA:88,0
DA:89,0
DA:90,0
DA:91,0
DA:92,0
DA:93,0
DA:97,0
DA:99,0
DA:101,0
DA:104,0
DA:105,0
DA:107,0
DA:108,0
DA:113,0
DA:114,0
DA:116,0
DA:117,0
DA:118,0
DA:119,0
DA:121,0
DA:123,0
DA:127,0
DA:128,0
DA:129,0
DA:130,0
DA:131,0
DA:132,0
DA:134,0
DA:135,0
DA:136,0
DA:137,0
DA:138,0
DA:139,0
DA:140,0
DA:144,0
DA:148,0
DA:149,0
DA:150,0
DA:151,0
DA:154,0
DA:155,0
DA:156,0
DA:164,0
DA:165,0
DA:168,0
DA:173,0
DA:174,0
DA:182,0
DA:183,0
DA:191,0
DA:193,0
DA:209,0
DA:211,0
LF:89
LH:0
BRDA:39,0,0,0
BRDA:39,0,1,0
BRDA:41,1,0,0
BRDA:41,1,1,0
BRDA:41,2,0,0
BRDA:41,2,1,0
BRDA:41,3,0,0
BRDA:41,3,1,0
BRDA:42,4,0,0
BRDA:42,4,1,0
BRDA:49,5,0,0
BRDA:49,5,1,0
BRDA:52,6,0,0
BRDA:52,6,1,0
BRDA:52,7,0,0
BRDA:52,7,1,0
BRDA:69,8,0,0
BRDA:69,8,1,0
BRDA:70,9,0,0
BRDA:70,9,1,0
BRDA:70,10,0,0
BRDA:70,10,1,0
BRDA:71,11,0,0
BRDA:71,11,1,0
BRDA:72,12,0,0
BRDA:72,12,1,0
BRDA:80,13,0,0
BRDA:80,13,1,0
BRDA:84,14,0,0
BRDA:84,14,1,0
BRDA:85,15,0,0
BRDA:85,15,1,0
BRDA:88,16,0,0
BRDA:88,16,1,0
BRDA:88,17,0,0
BRDA:88,17,1,0
BRDA:105,18,0,0
BRDA:105,18,1,0
BRDA:105,19,0,0
BRDA:105,19,1,0
BRDA:105,19,2,0
BRDA:105,19,3,0
BRDA:105,19,4,0
BRDA:113,20,0,0
BRDA:113,20,1,0
BRDA:119,21,0,0
BRDA:119,21,1,0
BRDA:129,22,0,0
BRDA:129,22,1,0
BRDA:134,23,0,0
BRDA:134,23,1,0
BRDA:155,24,0,0
BRDA:155,24,1,0
BRDA:164,25,0,0
BRDA:164,25,1,0
BRDA:164,26,0,0
BRDA:164,26,1,0
BRDA:173,27,0,0
BRDA:173,27,1,0
BRDA:173,28,0,0
BRDA:173,28,1,0
BRDA:173,28,2,0
BRDA:182,29,0,0
BRDA:182,29,1,0
BRDA:182,30,0,0
BRDA:182,30,1,0
BRDA:182,30,2,0
BRDA:191,31,0,0
BRDA:191,31,1,0
BRDA:198,32,0,0
BRDA:198,32,1,0
BRDA:199,33,0,0
BRDA:199,33,1,0
BRDA:202,34,0,0
BRDA:202,34,1,0
BRDA:213,35,0,0
BRDA:213,35,1,0
BRDA:221,36,0,0
BRDA:221,36,1,0
BRDA:242,37,0,0
BRDA:242,37,1,0
BRDA:243,38,0,0
BRDA:243,38,1,0
BRDA:244,39,0,0
BRDA:244,39,1,0
BRDA:247,40,0,0
BRDA:247,40,1,0
BRDA:254,41,0,0
BRDA:254,41,1,0
BRDA:254,42,0,0
BRDA:254,42,1,0
BRDA:254,42,2,0
BRDA:264,43,0,0
BRDA:264,43,1,0
BRDA:265,44,0,0
BRDA:265,44,1,0
BRDA:268,45,0,0
BRDA:268,45,1,0
BRDA:272,46,0,0
BRDA:272,46,1,0
BRF:100
BRH:0
end_of_record
TN:
SF:src\app\groups\create.tsx
FN:38,GroupCreatePostScreen
FN:48,(anonymous_1)
FN:50,(anonymous_2)
FN:72,(anonymous_3)
FN:78,(anonymous_4)
FN:107,(anonymous_5)
FN:137,(anonymous_6)
FN:152,(anonymous_7)
FN:172,(anonymous_8)
FN:172,(anonymous_9)
FNF:10
FNH:0
FNDA:0,GroupCreatePostScreen
FNDA:0,(anonymous_1)
FNDA:0,(anonymous_2)
FNDA:0,(anonymous_3)
FNDA:0,(anonymous_4)
FNDA:0,(anonymous_5)
FNDA:0,(anonymous_6)
FNDA:0,(anonymous_7)
FNDA:0,(anonymous_8)
FNDA:0,(anonymous_9)
DA:28,0
DA:39,0
DA:40,0
DA:41,0
DA:42,0
DA:43,0
DA:48,0
DA:49,0
DA:50,0
DA:54,0
DA:55,0
DA:56,0
DA:57,0
DA:59,0
DA:66,0
DA:71,0
DA:73,0
DA:78,0
DA:79,0
DA:80,0
DA:81,0
DA:84,0
DA:85,0
DA:94,0
DA:104,0
DA:106,0
DA:107,0
DA:110,0
DA:111,0
DA:115,0
DA:138,0
DA:153,0
DA:172,0
LF:33
LH:0
BRDA:50,0,0,0
BRDA:50,0,1,0
BRDA:54,1,0,0
BRDA:54,1,1,0
BRDA:55,2,0,0
BRDA:55,2,1,0
BRDA:55,3,0,0
BRDA:55,3,1,0
BRDA:56,4,0,0
BRDA:56,4,1,0
BRDA:56,4,2,0
BRDA:57,5,0,0
BRDA:57,5,1,0
BRDA:79,6,0,0
BRDA:79,6,1,0
BRDA:79,7,0,0
BRDA:79,7,1,0
BRDA:88,8,0,0
BRDA:88,8,1,0
BRDA:110,9,0,0
BRDA:110,9,1,0
BRDA:120,10,0,0
BRDA:120,10,1,0
BRDA:121,11,0,0
BRDA:121,11,1,0
BRDA:124,12,0,0
BRDA:124,12,1,0
BRDA:166,13,0,0
BRDA:166,13,1,0
BRDA:170,14,0,0
BRDA:170,14,1,0
BRDA:176,15,0,0
BRDA:176,15,1,0
BRF:33
BRH:0
end_of_record
TN:
SF:src\app\groups\index.tsx
FN:18,MyGroupsScreen
FN:25,(anonymous_1)
FN:50,(anonymous_2)
FN:59,(anonymous_3)
FN:116,(anonymous_4)
FN:147,(anonymous_5)
FN:152,(anonymous_6)
FN:170,(anonymous_7)
FNF:8
FNH:0
FNDA:0,MyGroupsScreen
FNDA:0,(anonymous_1)
FNDA:0,(anonymous_2)
FNDA:0,(anonymous_3)
FNDA:0,(anonymous_4)
FNDA:0,(anonymous_5)
FNDA:0,(anonymous_6)
FNDA:0,(anonymous_7)
DA:19,0
DA:20,0
DA:21,0
DA:22,0
DA:23,0
DA:25,0
DA:26,0
DA:27,0
DA:28,0
DA:29,0
DA:32,0
DA:33,0
DA:34,0
DA:35,0
DA:36,0
DA:38,0
DA:41,0
DA:45,0
DA:49,0
DA:51,0
DA:60,0
DA:61,0
DA:62,0
DA:63,0
DA:65,0
DA:69,0
DA:79,0
DA:80,0
DA:88,0
DA:89,0
DA:97,0
DA:99,0
DA:116,0
DA:148,0
DA:153,0
DA:170,0
LF:36
LH:0
BRDA:27,0,0,0
BRDA:27,0,1,0
BRDA:35,1,0,0
BRDA:35,1,1,0
BRDA:79,2,0,0
BRDA:79,2,1,0
BRDA:88,3,0,0
BRDA:88,3,1,0
BRDA:97,4,0,0
BRDA:97,4,1,0
BRDA:139,5,0,0
BRDA:139,5,1,0
BRDA:159,6,0,0
BRDA:159,6,1,0
BRF:14
BRH:0
end_of_record
TN:
SF:src\app\post\[id].tsx
FN:39,(anonymous_0)
FN:41,PostDetailScreen
FN:68,(anonymous_2)
FN:71,(anonymous_3)
FN:74,(anonymous_4)
FN:87,(anonymous_5)
FN:93,(anonymous_6)
FN:100,(anonymous_7)
FN:101,(anonymous_8)
FN:102,(anonymous_9)
FN:108,(anonymous_10)
FN:111,(anonymous_11)
FN:111,(anonymous_12)
FN:123,(anonymous_13)
FN:159,(anonymous_14)
FN:164,(anonymous_15)
FN:164,(anonymous_16)
FN:172,(anonymous_17)
FN:178,(anonymous_18)
FN:190,(anonymous_19)
FN:202,(anonymous_20)
FN:216,(anonymous_21)
FN:222,(anonymous_22)
FN:240,(anonymous_23)
FN:283,(anonymous_24)
FN:302,(anonymous_25)
FNF:26
FNH:0
FNDA:0,(anonymous_0)
FNDA:0,PostDetailScreen
FNDA:0,(anonymous_2)
FNDA:0,(anonymous_3)
FNDA:0,(anonymous_4)
FNDA:0,(anonymous_5)
FNDA:0,(anonymous_6)
FNDA:0,(anonymous_7)
FNDA:0,(anonymous_8)
FNDA:0,(anonymous_9)
FNDA:0,(anonymous_10)
FNDA:0,(anonymous_11)
FNDA:0,(anonymous_12)
FNDA:0,(anonymous_13)
FNDA:0,(anonymous_14)
FNDA:0,(anonymous_15)
FNDA:0,(anonymous_16)
FNDA:0,(anonymous_17)
FNDA:0,(anonymous_18)
FNDA:0,(anonymous_19)
FNDA:0,(anonymous_20)
FNDA:0,(anonymous_21)
FNDA:0,(anonymous_22)
FNDA:0,(anonymous_23)
FNDA:0,(anonymous_24)
FNDA:0,(anonymous_25)
DA:39,0
DA:42,0
DA:43,0
DA:44,0
DA:45,0
DA:46,0
DA:47,0
DA:48,0
DA:49,0
DA:51,0
DA:52,0
DA:53,0
DA:60,0
DA:62,0
DA:63,0
DA:65,0
DA:66,0
DA:68,0
DA:69,0
DA:70,0
DA:71,0
DA:73,0
DA:74,0
DA:76,0
DA:79,0
DA:85,0
DA:87,0
DA:91,0
DA:93,0
DA:97,0
DA:101,0
DA:102,0
DA:109,0
DA:111,0
DA:118,0
DA:123,0
DA:124,0
DA:125,0
DA:126,0
DA:127,0
DA:130,0
DA:131,0
DA:132,0
DA:134,0
DA:142,0
DA:150,0
DA:151,0
DA:153,0
DA:155,0
DA:159,0
DA:160,0
DA:161,0
DA:162,0
DA:164,0
DA:167,0
DA:168,0
DA:172,0
DA:173,0
DA:179,0
DA:180,0
DA:181,0
DA:183,0
DA:190,0
DA:191,0
DA:192,0
DA:193,0
DA:194,0
DA:196,0
DA:198,0
DA:202,0
DA:203,0
DA:204,0
DA:205,0
DA:206,0
DA:216,0
DA:217,0
DA:223,0
DA:224,0
DA:225,0
DA:226,0
DA:229,0
DA:233,0
DA:234,0
DA:238,0
DA:239,0
DA:240,0
DA:243,0
DA:250,0
DA:251,0
DA:259,0
DA:260,0
DA:271,0
DA:273,0
DA:283,0
DA:302,0
LF:95
LH:0
BRDA:45,0,0,0
BRDA:45,0,1,0
BRDA:62,1,0,0
BRDA:62,1,1,0
BRDA:63,2,0,0
BRDA:63,2,1,0
BRDA:69,3,0,0
BRDA:69,3,1,0
BRDA:70,4,0,0
BRDA:70,4,1,0
BRDA:70,5,0,0
BRDA:70,5,1,0
BRDA:71,6,0,0
BRDA:71,6,1,0
BRDA:73,7,0,0
BRDA:73,7,1,0
BRDA:74,8,0,0
BRDA:74,8,1,0
BRDA:79,9,0,0
BRDA:79,9,1,0
BRDA:82,10,0,0
BRDA:91,11,0,0
BRDA:102,12,0,0
BRDA:102,12,1,0
BRDA:102,13,0,0
BRDA:102,13,1,0
BRDA:111,14,0,0
BRDA:111,14,1,0
BRDA:125,15,0,0
BRDA:125,15,1,0
BRDA:132,16,0,0
BRDA:132,16,1,0
BRDA:137,17,0,0
BRDA:137,17,1,0
BRDA:144,18,0,0
BRDA:144,18,1,0
BRDA:164,19,0,0
BRDA:164,19,1,0
BRDA:164,20,0,0
BRDA:164,20,1,0
BRDA:203,21,0,0
BRDA:203,21,1,0
BRDA:225,22,0,0
BRDA:225,22,1,0
BRDA:225,23,0,0
BRDA:225,23,1,0
BRDA:233,24,0,0
BRDA:233,24,1,0
BRDA:250,25,0,0
BRDA:250,25,1,0
BRDA:259,26,0,0
BRDA:259,26,1,0
BRDA:259,27,0,0
BRDA:259,27,1,0
BRDA:264,28,0,0
BRDA:264,28,1,0
BRDA:278,29,0,0
BRDA:278,29,1,0
BRDA:279,30,0,0
BRDA:279,30,1,0
BRDA:279,31,0,0
BRDA:279,31,1,0
BRDA:281,32,0,0
BRDA:281,32,1,0
BRDA:299,33,0,0
BRDA:299,33,1,0
BRDA:332,34,0,0
BRDA:332,34,1,0
BRDA:354,35,0,0
BRDA:354,35,1,0
BRDA:354,36,0,0
BRDA:354,36,1,0
BRDA:384,37,0,0
BRDA:384,37,1,0
BRF:74
BRH:0
end_of_record
TN:
SF:src\app\post\edit\[id].tsx
FN:21,EditPostScreen
FN:47,(anonymous_1)
FN:50,(anonymous_2)
FN:53,(anonymous_3)
FN:60,(anonymous_4)
FN:67,(anonymous_5)
FN:99,(anonymous_6)
FNF:7
FNH:0
FNDA:0,EditPostScreen
FNDA:0,(anonymous_1)
FNDA:0,(anonymous_2)
FNDA:0,(anonymous_3)
FNDA:0,(anonymous_4)
FNDA:0,(anonymous_5)
FNDA:0,(anonymous_6)
DA:22,0
DA:23,0
DA:24,0
DA:25,0
DA:26,0
DA:28,0
DA:29,0
DA:30,0
DA:31,0
DA:33,0
DA:39,0
DA:41,0
DA:42,0
DA:44,0
DA:45,0
DA:47,0
DA:48,0
DA:49,0
DA:50,0
DA:52,0
DA:53,0
DA:55,0
DA:58,0
DA:60,0
DA:61,0
DA:62,0
DA:63,0
DA:67,0
DA:68,0
DA:69,0
DA:71,0
DA:72,0
DA:76,0
DA:79,0
DA:81,0
DA:82,0
DA:84,0
DA:90,0
DA:91,0
DA:92,0
DA:94,0
DA:95,0
DA:98,0
DA:99,0
DA:102,0
DA:104,0
DA:108,0
DA:109,0
DA:117,0
DA:118,0
DA:129,0
LF:51
LH:0
BRDA:39,0,0,0
BRDA:39,0,1,0
BRDA:41,1,0,0
BRDA:41,1,1,0
BRDA:42,2,0,0
BRDA:42,2,1,0
BRDA:48,3,0,0
BRDA:48,3,1,0
BRDA:49,4,0,0
BRDA:49,4,1,0
BRDA:49,5,0,0
BRDA:49,5,1,0
BRDA:50,6,0,0
BRDA:50,6,1,0
BRDA:52,7,0,0
BRDA:52,7,1,0
BRDA:53,8,0,0
BRDA:53,8,1,0
BRDA:58,9,0,0
BRDA:58,9,1,0
BRDA:61,10,0,0
BRDA:61,10,1,0
BRDA:71,11,0,0
BRDA:71,11,1,0
BRDA:71,12,0,0
BRDA:71,12,1,0
BRDA:73,13,0,0
BRDA:73,13,1,0
BRDA:74,14,0,0
BRDA:74,14,1,0
BRDA:87,15,0,0
BRDA:87,15,1,0
BRDA:91,16,0,0
BRDA:91,16,1,0
BRDA:94,17,0,0
BRDA:94,17,1,0
BRDA:108,18,0,0
BRDA:108,18,1,0
BRDA:117,19,0,0
BRDA:117,19,1,0
BRDA:117,20,0,0
BRDA:117,20,1,0
BRDA:122,21,0,0
BRDA:122,21,1,0
BRDA:134,22,0,0
BRDA:134,22,1,0
BRDA:135,23,0,0
BRDA:135,23,1,0
BRDA:138,24,0,0
BRDA:138,24,1,0
BRDA:138,25,0,0
BRDA:138,25,1,0
BRDA:157,26,0,0
BRDA:157,26,1,0
BRDA:168,27,0,0
BRDA:168,27,1,0
BRDA:172,28,0,0
BRDA:172,28,1,0
BRF:58
BRH:0
end_of_record
TN:
SF:src\app\settings\index.tsx
FN:18,SettingsItem
FN:35,SettingsScreen
FN:39,(anonymous_2)
FN:54,(anonymous_3)
FNF:4
FNH:0
FNDA:0,SettingsItem
FNDA:0,SettingsScreen
FNDA:0,(anonymous_2)
FNDA:0,(anonymous_3)
DA:19,0
DA:36,0
DA:37,0
DA:39,0
DA:40,0
DA:43,0
LF:6
LH:0
BRDA:25,0,0,0
BRDA:25,0,1,0
BRDA:26,1,0,0
BRDA:26,1,1,0
BRDA:29,2,0,0
BRDA:29,2,1,0
BRDA:37,3,0,0
BRDA:37,3,1,0
BRF:8
BRH:0
end_of_record
TN:
SF:src\features\admin\api\adminApi.ts
FN:27,createGroupWithBoard
FN:90,getMyManagedGroups
FNF:2
FNH:0
FNDA:0,createGroupWithBoard
FNDA:0,getMyManagedGroups
DA:33,0
DA:34,0
DA:35,0
DA:37,0
DA:38,0
DA:39,0
DA:40,0
DA:41,0
DA:43,0
DA:55,0
DA:56,0
DA:57,0
DA:59,0
DA:61,0
DA:67,0
DA:68,0
DA:69,0
DA:72,0
DA:78,0
DA:79,0
DA:80,0
DA:83,0
DA:94,0
DA:95,0
DA:96,0
DA:98,0
DA:104,0
DA:105,0
DA:106,0
DA:108,0
LF:30
LH:0
BRDA:34,0,0,0
BRDA:34,0,1,0
BRDA:35,1,0,0
BRDA:35,1,1,0
BRDA:40,2,0,0
BRDA:40,2,1,0
BRDA:41,3,0,0
BRDA:41,3,1,0
BRDA:47,4,0,0
BRDA:47,4,1,0
BRDA:55,5,0,0
BRDA:55,5,1,0
BRDA:59,6,0,0
BRDA:59,6,1,0
BRDA:67,7,0,0
BRDA:67,7,1,0
BRDA:78,8,0,0
BRDA:78,8,1,0
BRDA:95,9,0,0
BRDA:95,9,1,0
BRDA:96,10,0,0
BRDA:96,10,1,0
BRDA:104,11,0,0
BRDA:104,11,1,0
BRDA:108,12,0,0
BRDA:108,12,1,0
BRF:26
BRH:0
end_of_record
TN:
SF:src\features\admin\hooks\useIsAdmin.ts
FN:5,useIsAdmin
FN:11,(anonymous_1)
FNF:2
FNH:0
FNDA:0,useIsAdmin
FNDA:0,(anonymous_1)
DA:6,0
DA:7,0
DA:9,0
DA:11,0
DA:16,0
DA:18,0
LF:6
LH:0
BRDA:11,0,0,0
BRDA:11,0,1,0
BRDA:16,1,0,0
BRDA:16,1,1,0
BRDA:16,2,0,0
BRDA:16,2,1,0
BRF:6
BRH:0
end_of_record
TN:
SF:src\features\auth\auth.ts
FN:15,(anonymous_0)
FN:46,(anonymous_1)
FN:64,(anonymous_2)
FN:78,(anonymous_3)
FN:94,(anonymous_4)
FNF:5
FNH:1
FNDA:3,(anonymous_0)
FNDA:0,(anonymous_1)
FNDA:0,(anonymous_2)
FNDA:0,(anonymous_3)
FNDA:0,(anonymous_4)
DA:10,1
DA:16,3
DA:19,3
DA:21,3
DA:22,1
DA:23,1
DA:27,2
DA:29,2
DA:30,1
DA:31,1
DA:34,1
DA:35,0
DA:38,1
DA:39,1
DA:47,0
DA:49,0
DA:50,0
DA:51,0
DA:54,0
DA:55,0
DA:58,0
DA:65,0
DA:67,0
DA:68,0
DA:69,0
DA:72,0
DA:79,0
DA:81,0
DA:82,0
DA:83,0
DA:86,0
DA:95,0
DA:96,0
DA:98,0
DA:99,0
DA:100,0
LF:36
LH:13
BRDA:21,0,0,1
BRDA:21,0,1,2
BRDA:29,1,0,1
BRDA:29,1,1,1
BRDA:34,2,0,0
BRDA:34,2,1,1
BRDA:49,3,0,0
BRDA:49,3,1,0
BRDA:54,4,0,0
BRDA:54,4,1,0
BRDA:67,5,0,0
BRDA:67,5,1,0
BRDA:81,6,0,0
BRDA:81,6,1,0
BRDA:98,7,0,0
BRDA:98,7,1,0
BRF:16
BRH:5
end_of_record
TN:
SF:src\features\auth\hooks\useAuth.ts
FN:12,useAuth
FN:17,(anonymous_1)
FN:22,(anonymous_2)
FN:48,(anonymous_3)
FN:62,(anonymous_4)
FN:78,(anonymous_5)
FNF:6
FNH:0
FNDA:0,useAuth
FNDA:0,(anonymous_1)
FNDA:0,(anonymous_2)
FNDA:0,(anonymous_3)
FNDA:0,(anonymous_4)
FNDA:0,(anonymous_5)
DA:13,0
DA:14,0
DA:15,0
DA:17,0
DA:18,0
DA:19,0
DA:20,0
DA:22,0
DA:23,0
DA:24,0
DA:27,0
DA:28,0
DA:29,0
DA:30,0
DA:31,0
DA:32,0
DA:36,0
DA:37,0
DA:38,0
DA:39,0
DA:40,0
DA:43,0
DA:45,0
DA:46,0
DA:47,0
DA:48,0
DA:49,0
DA:50,0
DA:53,0
DA:54,0
DA:59,0
DA:62,0
DA:63,0
DA:65,0
DA:68,0
DA:69,0
DA:70,0
DA:72,0
DA:73,0
DA:78,0
DA:79,0
DA:80,0
DA:84,0
LF:43
LH:0
BRDA:28,0,0,0
BRDA:28,0,1,0
BRDA:28,1,0,0
BRDA:28,1,1,0
BRDA:37,2,0,0
BRDA:37,2,1,0
BRDA:45,3,0,0
BRDA:45,3,1,0
BRDA:45,4,0,0
BRDA:45,4,1,0
BRDA:49,5,0,0
BRDA:49,5,1,0
BRDA:53,6,0,0
BRDA:53,6,1,0
BRDA:65,7,0,0
BRDA:65,7,1,0
BRDA:68,8,0,0
BRDA:68,8,1,0
BRDA:68,9,0,0
BRDA:68,9,1,0
BRDA:69,10,0,0
BRDA:69,10,1,0
BRDA:72,11,0,0
BRDA:72,11,1,0
BRF:24
BRH:0
end_of_record
TN:
SF:src\features\comments\components\CommentItem.tsx
FN:15,(anonymous_0)
FN:20,(anonymous_1)
FN:38,(anonymous_2)
FN:84,(anonymous_3)
FN:94,(anonymous_4)
FNF:5
FNH:0
FNDA:0,(anonymous_0)
FNDA:0,(anonymous_1)
FNDA:0,(anonymous_2)
FNDA:0,(anonymous_3)
FNDA:0,(anonymous_4)
DA:15,0
DA:16,0
DA:17,0
DA:18,0
DA:20,0
DA:21,0
DA:22,0
DA:23,0
DA:24,0
DA:25,0
DA:27,0
DA:28,0
DA:29,0
DA:30,0
DA:31,0
DA:33,0
DA:38,0
DA:39,0
DA:40,0
DA:43,0
DA:84,0
DA:94,0
DA:109,0
DA:110,0
LF:24
LH:0
BRDA:22,0,0,0
BRDA:22,0,1,0
BRDA:22,1,0,0
BRDA:22,1,1,0
BRDA:27,2,0,0
BRDA:27,2,1,0
BRDA:48,3,0,0
BRDA:48,3,1,0
BRDA:54,4,0,0
BRDA:54,4,1,0
BRDA:72,5,0,0
BRDA:72,5,1,0
BRDA:80,6,0,0
BRDA:80,6,1,0
BRDA:80,6,2,0
BRDA:80,6,3,0
BRDA:82,7,0,0
BRDA:82,7,1,0
BRDA:92,8,0,0
BRDA:92,8,1,0
BRF:20
BRH:0
end_of_record
TN:
SF:src\features\comments\components\CommentList.tsx
FN:13,CommentList
FN:25,(anonymous_1)
FNF:2
FNH:0
FNDA:0,CommentList
FNDA:0,(anonymous_1)
DA:14,0
DA:15,0
DA:23,0
DA:26,0
LF:4
LH:0
BRDA:14,0,0,0
BRDA:14,0,1,0
BRF:2
BRH:0
end_of_record
TN:
SF:src\features\comments\hooks\useRealtimeComments.ts
FN:14,useRealtimeComments
FN:23,(anonymous_1)
FN:27,(anonymous_2)
FN:41,(anonymous_3)
FN:65,(anonymous_4)
FN:81,(anonymous_5)
FN:102,(anonymous_6)
FN:106,(anonymous_7)
FNF:8
FNH:0
FNDA:0,useRealtimeComments
FNDA:0,(anonymous_1)
FNDA:0,(anonymous_2)
FNDA:0,(anonymous_3)
FNDA:0,(anonymous_4)
FNDA:0,(anonymous_5)
FNDA:0,(anonymous_6)
FNDA:0,(anonymous_7)
DA:23,0
DA:24,0
DA:25,0
DA:27,0
DA:28,0
DA:29,0
DA:31,0
DA:42,0
DA:43,0
DA:44,0
DA:45,0
DA:46,0
DA:47,0
DA:49,0
DA:53,0
DA:66,0
DA:67,0
DA:68,0
DA:69,0
DA:70,0
DA:71,0
DA:73,0
DA:77,0
DA:82,0
DA:84,0
DA:86,0
DA:87,0
DA:88,0
DA:89,0
DA:90,0
DA:91,0
DA:95,0
DA:99,0
DA:102,0
DA:103,0
DA:104,0
DA:105,0
DA:106,0
DA:107,0
LF:39
LH:0
BRDA:42,0,0,0
BRDA:42,0,1,0
BRDA:45,1,0,0
BRDA:45,1,1,0
BRDA:45,2,0,0
BRDA:45,2,1,0
BRDA:46,3,0,0
BRDA:46,3,1,0
BRDA:66,4,0,0
BRDA:66,4,1,0
BRDA:69,5,0,0
BRDA:69,5,1,0
BRDA:69,6,0,0
BRDA:69,6,1,0
BRDA:70,7,0,0
BRDA:70,7,1,0
BRDA:82,8,0,0
BRDA:82,8,1,0
BRDA:86,9,0,0
BRDA:86,9,1,0
BRDA:88,10,0,0
BRDA:88,10,1,0
BRDA:90,11,0,0
BRDA:90,11,1,0
BRDA:104,12,0,0
BRDA:104,12,1,0
BRF:26
BRH:0
end_of_record
TN:
SF:src\features\community\api\communityApi.ts
FN:39,getBoards
FN:51,getMyGroups
FN:75,(anonymous_2)
FN:75,(anonymous_3)
FN:78,joinGroupByInviteCode
FN:171,getGroupBoards
FN:186,getBoardPosts
FN:206,(anonymous_7)
FN:209,(anonymous_8)
FN:217,createBoardPost
FN:230,getGroupPosts
FN:251,(anonymous_11)
FN:254,(anonymous_12)
FN:262,searchGroupPosts
FN:287,(anonymous_14)
FN:290,(anonymous_15)
FN:298,leaveGroup
FNF:17
FNH:0
FNDA:0,getBoards
FNDA:0,getMyGroups
FNDA:0,(anonymous_2)
FNDA:0,(anonymous_3)
FNDA:0,joinGroupByInviteCode
FNDA:0,getGroupBoards
FNDA:0,getBoardPosts
FNDA:0,(anonymous_7)
FNDA:0,(anonymous_8)
FNDA:0,createBoardPost
FNDA:0,getGroupPosts
FNDA:0,(anonymous_11)
FNDA:0,(anonymous_12)
FNDA:0,searchGroupPosts
FNDA:0,(anonymous_14)
FNDA:0,(anonymous_15)
FNDA:0,leaveGroup
DA:40,0
DA:44,0
DA:45,0
DA:46,0
DA:48,0
DA:55,0
DA:56,0
DA:57,0
DA:58,0
DA:60,0
DA:62,0
DA:68,0
DA:69,0
DA:70,0
DA:73,0
DA:75,0
DA:81,0
DA:82,0
DA:83,0
DA:89,0
DA:91,0
DA:92,0
DA:93,0
DA:95,0
DA:96,0
DA:99,0
DA:105,0
DA:106,0
DA:107,0
DA:109,0
DA:110,0
DA:113,0
DA:120,0
DA:121,0
DA:122,0
DA:125,0
DA:126,0
DA:133,0
DA:134,0
DA:135,0
DA:138,0
DA:148,0
DA:149,0
DA:155,0
DA:156,0
DA:157,0
DA:161,0
DA:172,0
DA:179,0
DA:180,0
DA:181,0
DA:183,0
DA:190,0
DA:193,0
DA:200,0
DA:201,0
DA:202,0
DA:205,0
DA:206,0
DA:207,0
DA:208,0
DA:209,0
DA:213,0
DA:218,0
DA:219,0
DA:235,0
DA:237,0
DA:245,0
DA:246,0
DA:247,0
DA:250,0
DA:251,0
DA:252,0
DA:253,0
DA:254,0
DA:258,0
DA:268,0
DA:269,0
DA:271,0
DA:272,0
DA:281,0
DA:282,0
DA:283,0
DA:286,0
DA:287,0
DA:288,0
DA:289,0
DA:290,0
DA:294,0
DA:302,0
DA:304,0
DA:305,0
DA:306,0
DA:308,0
DA:309,0
DA:312,0
DA:318,0
DA:319,0
DA:320,0
LF:99
LH:0
BRDA:44,0,0,0
BRDA:44,0,1,0
BRDA:48,1,0,0
BRDA:48,1,1,0
BRDA:56,2,0,0
BRDA:56,2,1,0
BRDA:60,3,0,0
BRDA:60,3,1,0
BRDA:68,4,0,0
BRDA:68,4,1,0
BRDA:73,5,0,0
BRDA:73,5,1,0
BRDA:82,6,0,0
BRDA:82,6,1,0
BRDA:91,7,0,0
BRDA:91,7,1,0
BRDA:95,8,0,0
BRDA:95,8,1,0
BRDA:105,9,0,0
BRDA:105,9,1,0
BRDA:109,10,0,0
BRDA:109,10,1,0
BRDA:120,11,0,0
BRDA:120,11,1,0
BRDA:125,12,0,0
BRDA:125,12,1,0
BRDA:133,13,0,0
BRDA:133,13,1,0
BRDA:148,14,0,0
BRDA:148,14,1,0
BRDA:155,15,0,0
BRDA:155,15,1,0
BRDA:179,16,0,0
BRDA:179,16,1,0
BRDA:183,17,0,0
BRDA:183,17,1,0
BRDA:188,18,0,0
BRDA:190,19,0,0
BRDA:190,20,0,0
BRDA:190,21,0,0
BRDA:197,22,0,0
BRDA:197,22,1,0
BRDA:200,23,0,0
BRDA:200,23,1,0
BRDA:205,24,0,0
BRDA:205,24,1,0
BRDA:208,25,0,0
BRDA:208,25,1,0
BRDA:209,26,0,0
BRDA:209,26,1,0
BRDA:210,27,0,0
BRDA:210,27,1,0
BRDA:233,28,0,0
BRDA:235,29,0,0
BRDA:235,30,0,0
BRDA:235,31,0,0
BRDA:242,32,0,0
BRDA:242,32,1,0
BRDA:245,33,0,0
BRDA:245,33,1,0
BRDA:250,34,0,0
BRDA:250,34,1,0
BRDA:253,35,0,0
BRDA:253,35,1,0
BRDA:254,36,0,0
BRDA:254,36,1,0
BRDA:255,37,0,0
BRDA:255,37,1,0
BRDA:266,38,0,0
BRDA:269,39,0,0
BRDA:269,39,1,0
BRDA:281,40,0,0
BRDA:281,40,1,0
BRDA:286,41,0,0
BRDA:286,41,1,0
BRDA:289,42,0,0
BRDA:289,42,1,0
BRDA:290,43,0,0
BRDA:290,43,1,0
BRDA:291,44,0,0
BRDA:291,44,1,0
BRDA:304,45,0,0
BRDA:304,45,1,0
BRDA:308,46,0,0
BRDA:308,46,1,0
BRDA:318,47,0,0
BRDA:318,47,1,0
BRF:87
BRH:0
end_of_record
TN:
SF:src\features\community\hooks\useBoardPosts.ts
FN:6,useBoardPosts
FN:9,(anonymous_1)
FNF:2
FNH:0
FNDA:0,useBoardPosts
FNDA:0,(anonymous_1)
DA:7,0
DA:9,0
LF:2
LH:0
BRF:0
BRH:0
end_of_record
TN:
SF:src\features\community\hooks\useBoards.ts
FN:5,useBoards
FN:8,(anonymous_1)
FNF:2
FNH:0
FNDA:0,useBoards
FNDA:0,(anonymous_1)
DA:6,0
DA:8,0
LF:2
LH:0
BRF:0
BRH:0
end_of_record
TN:
SF:src\features\community\hooks\useGroupBoards.ts
FN:4,useGroupBoards
FN:7,(anonymous_1)
FNF:2
FNH:0
FNDA:0,useGroupBoards
FNDA:0,(anonymous_1)
DA:5,0
DA:8,0
DA:9,0
LF:3
LH:0
BRDA:8,0,0,0
BRDA:8,0,1,0
BRF:2
BRH:0
end_of_record
TN:
SF:src\features\community\hooks\useGroupPosts.ts
FN:6,useGroupPosts
FN:13,(anonymous_1)
FNF:2
FNH:0
FNDA:0,useGroupPosts
FNDA:0,(anonymous_1)
DA:11,0
DA:14,0
DA:15,0
LF:3
LH:0
BRDA:14,0,0,0
BRDA:14,0,1,0
BRDA:14,1,0,0
BRDA:14,1,1,0
BRDA:17,2,0,0
BRDA:17,2,1,0
BRF:6
BRH:0
end_of_record
TN:
SF:src\features\community\hooks\useJoinGroupByInviteCode.ts
FN:4,useJoinGroupByInviteCode
FN:8,(anonymous_1)
FN:9,(anonymous_2)
FNF:3
FNH:0
FNDA:0,useJoinGroupByInviteCode
FNDA:0,(anonymous_1)
FNDA:0,(anonymous_2)
DA:5,0
DA:7,0
DA:8,0
DA:10,0
LF:4
LH:0
BRF:0
BRH:0
end_of_record
TN:
SF:src\features\community\hooks\useMyGroups.ts
FN:4,useMyGroups
FN:7,(anonymous_1)
FNF:2
FNH:0
FNDA:0,useMyGroups
FNDA:0,(anonymous_1)
DA:5,0
DA:7,0
LF:2
LH:0
BRF:0
BRH:0
end_of_record
TN:
SF:src\features\posts\components\LikeButton.tsx
FN:11,LikeButton
FN:14,(anonymous_1)
FNF:2
FNH:0
FNDA:0,LikeButton
FNDA:0,(anonymous_1)
DA:12,0
DA:14,0
DA:15,0
DA:17,0
DA:20,0
DA:22,0
DA:25,0
LF:7
LH:0
BRDA:11,0,0,0
BRDA:15,1,0,0
BRDA:15,1,1,0
BRDA:32,2,0,0
BRDA:32,2,1,0
BRDA:36,3,0,0
BRDA:36,3,1,0
BRDA:37,4,0,0
BRDA:37,4,1,0
BRF:9
BRH:0
end_of_record
TN:
SF:src\features\posts\components\PostBody.tsx
FN:11,isAllowedUrl
FN:44,(anonymous_1)
FN:48,(anonymous_2)
FN:53,(anonymous_3)
FN:105,SafeImageRenderer
FN:120,PostBodyComponent
FN:125,(anonymous_6)
FN:130,(anonymous_7)
FN:138,(anonymous_8)
FN:147,(anonymous_9)
FNF:10
FNH:0
FNDA:0,isAllowedUrl
FNDA:0,(anonymous_1)
FNDA:0,(anonymous_2)
FNDA:0,(anonymous_3)
FNDA:0,SafeImageRenderer
FNDA:0,PostBodyComponent
FNDA:0,(anonymous_6)
FNDA:0,(anonymous_7)
FNDA:0,(anonymous_8)
FNDA:0,(anonymous_9)
DA:12,0
DA:13,0
DA:17,0
DA:42,0
DA:45,0
DA:49,0
DA:50,0
DA:54,0
DA:55,0
DA:61,0
DA:65,0
DA:66,0
DA:68,0
DA:106,0
DA:107,0
DA:108,0
DA:109,0
DA:110,0
DA:111,0
DA:117,0
DA:121,0
DA:122,0
DA:124,0
DA:126,0
DA:127,0
DA:128,0
DA:130,0
DA:131,0
DA:137,0
DA:138,0
DA:147,0
DA:149,0
DA:150,0
DA:160,0
DA:161,0
DA:176,0
DA:183,0
LF:37
LH:0
BRDA:12,0,0,0
BRDA:12,0,1,0
BRDA:12,1,0,0
BRDA:12,1,1,0
BRDA:54,2,0,0
BRDA:54,2,1,0
BRDA:107,3,0,0
BRDA:107,3,1,0
BRDA:108,4,0,0
BRDA:108,4,1,0
BRDA:109,5,0,0
BRDA:109,5,1,0
BRDA:110,6,0,0
BRDA:110,6,1,0
BRDA:126,7,0,0
BRDA:126,7,1,0
BRDA:127,8,0,0
BRDA:127,8,1,0
BRDA:131,9,0,0
BRDA:131,9,1,0
BRDA:149,10,0,0
BRDA:149,10,1,0
BRDA:149,11,0,0
BRDA:149,11,1,0
BRDA:160,12,0,0
BRDA:160,12,1,0
BRF:26
BRH:0
end_of_record
TN:
SF:src\features\posts\components\PostCard.tsx
FN:12,buildAccessibilityLabel
FN:19,(anonymous_1)
FN:20,(anonymous_2)
FNF:3
FNH:3
FNDA:1,buildAccessibilityLabel
FNDA:1,(anonymous_1)
FNDA:1,(anonymous_2)
DA:13,1
DA:14,1
DA:15,1
DA:16,1
DA:19,1
DA:20,1
DA:21,1
DA:58,1
DA:59,1
LF:9
LH:9
BRDA:13,0,0,1
BRDA:13,0,1,0
BRDA:14,1,0,1
BRDA:14,1,1,0
BRDA:16,2,0,0
BRDA:16,2,1,1
BRDA:40,3,0,1
BRDA:40,3,1,0
BRDA:43,4,0,1
BRDA:43,4,1,1
BRF:10
BRH:6
end_of_record
TN:
SF:src\features\posts\components\PostList.tsx
FN:18,PostList
FN:30,(anonymous_1)
FN:35,(anonymous_2)
FN:42,(anonymous_3)
FN:48,(anonymous_4)
FN:53,(anonymous_5)
FN:88,(anonymous_6)
FN:89,(anonymous_7)
FN:100,(anonymous_8)
FNF:9
FNH:5
FNDA:2,PostList
FNDA:2,(anonymous_1)
FNDA:0,(anonymous_2)
FNDA:0,(anonymous_3)
FNDA:0,(anonymous_4)
FNDA:1,(anonymous_5)
FNDA:1,(anonymous_6)
FNDA:1,(anonymous_7)
FNDA:0,(anonymous_8)
DA:26,2
DA:27,2
DA:28,2
DA:30,2
DA:31,2
DA:32,2
DA:35,2
DA:36,0
DA:37,0
DA:38,0
DA:39,0
DA:42,2
DA:43,0
DA:44,0
DA:45,0
DA:48,2
DA:49,0
DA:50,0
DA:53,2
DA:54,1
DA:55,0
DA:61,1
DA:62,0
DA:74,1
DA:77,2
DA:78,0
DA:81,2
DA:82,1
DA:85,1
DA:88,1
DA:89,1
DA:101,0
LF:32
LH:19
BRDA:24,0,0,1
BRDA:31,1,0,0
BRDA:31,1,1,2
BRDA:31,2,0,2
BRDA:31,2,1,0
BRDA:43,3,0,0
BRDA:43,3,1,0
BRDA:43,4,0,0
BRDA:43,4,1,0
BRDA:43,4,2,0
BRDA:43,4,3,0
BRDA:49,5,0,0
BRDA:49,5,1,0
BRDA:49,6,0,0
BRDA:49,6,1,0
BRDA:49,6,2,0
BRDA:54,7,0,0
BRDA:54,7,1,1
BRDA:54,8,0,1
BRDA:54,8,1,0
BRDA:61,9,0,0
BRDA:61,9,1,1
BRDA:61,10,0,1
BRDA:61,10,1,0
BRDA:61,10,2,0
BRDA:77,11,0,0
BRDA:77,11,1,2
BRDA:77,12,0,2
BRDA:77,12,1,0
BRDA:81,13,0,1
BRDA:81,13,1,1
BRDA:81,14,0,2
BRDA:81,14,1,1
BRF:33
BRH:13
end_of_record
TN:
SF:src\features\posts\components\ReactionBar.tsx
FN:20,getCount
FN:21,(anonymous_1)
FN:25,ReactionBar
FN:26,(anonymous_3)
FN:34,(anonymous_4)
FN:37,(anonymous_5)
FNF:6
FNH:0
FNDA:0,getCount
FNDA:0,(anonymous_1)
FNDA:0,ReactionBar
FNDA:0,(anonymous_3)
FNDA:0,(anonymous_4)
FNDA:0,(anonymous_5)
DA:6,0
DA:21,0
DA:22,0
DA:26,0
DA:27,0
DA:28,0
DA:29,0
DA:32,0
DA:35,0
DA:37,0
LF:10
LH:0
BRDA:22,0,0,0
BRDA:22,0,1,0
BRDA:25,1,0,0
BRDA:27,2,0,0
BRDA:27,2,1,0
BRF:5
BRH:0
end_of_record
TN:
SF:src\features\posts\hooks\useAuthor.ts
FN:4,useAuthor
FN:9,(anonymous_1)
FN:10,(anonymous_2)
FN:26,(anonymous_3)
FNF:4
FNH:0
FNDA:0,useAuthor
FNDA:0,(anonymous_1)
FNDA:0,(anonymous_2)
FNDA:0,(anonymous_3)
DA:5,0
DA:6,0
DA:9,0
DA:10,0
DA:11,0
DA:12,0
DA:13,0
DA:14,0
DA:17,0
DA:19,0
DA:22,0
DA:26,0
DA:27,0
DA:28,0
DA:31,0
LF:15
LH:0
BRDA:13,0,0,0
BRDA:13,0,1,0
BRF:2
BRH:0
end_of_record
TN:
SF:src\features\posts\hooks\usePostDetail.ts
FN:4,usePostDetail
FN:7,(anonymous_1)
FNF:2
FNH:0
FNDA:0,usePostDetail
FNDA:0,(anonymous_1)
DA:5,0
DA:7,0
LF:2
LH:0
BRDA:8,0,0,0
BRDA:8,0,1,0
BRF:2
BRH:0
end_of_record
TN:
SF:src\features\posts\hooks\useRealtimePosts.ts
FN:8,useRealtimePosts
FN:17,(anonymous_1)
FN:21,(anonymous_2)
FN:28,(anonymous_3)
FN:42,(anonymous_4)
FN:60,(anonymous_5)
FN:71,(anonymous_6)
FN:84,(anonymous_7)
FN:87,(anonymous_8)
FNF:9
FNH:0
FNDA:0,useRealtimePosts
FNDA:0,(anonymous_1)
FNDA:0,(anonymous_2)
FNDA:0,(anonymous_3)
FNDA:0,(anonymous_4)
FNDA:0,(anonymous_5)
FNDA:0,(anonymous_6)
FNDA:0,(anonymous_7)
FNDA:0,(anonymous_8)
DA:17,0
DA:18,0
DA:19,0
DA:21,0
DA:22,0
DA:23,0
DA:29,0
DA:30,0
DA:31,0
DA:32,0
DA:35,0
DA:43,0
DA:44,0
DA:45,0
DA:46,0
DA:47,0
DA:48,0
DA:49,0
DA:53,0
DA:61,0
DA:62,0
DA:63,0
DA:64,0
DA:67,0
DA:72,0
DA:73,0
DA:74,0
DA:78,0
DA:82,0
DA:84,0
DA:85,0
DA:86,0
DA:87,0
LF:33
LH:0
BRDA:29,0,0,0
BRDA:29,0,1,0
BRDA:31,1,0,0
BRDA:31,1,1,0
BRDA:31,2,0,0
BRDA:31,2,1,0
BRDA:31,2,2,0
BRDA:43,3,0,0
BRDA:43,3,1,0
BRDA:45,4,0,0
BRDA:45,4,1,0
BRDA:45,5,0,0
BRDA:45,5,1,0
BRDA:46,6,0,0
BRDA:46,6,1,0
BRDA:48,7,0,0
BRDA:48,7,1,0
BRDA:61,8,0,0
BRDA:61,8,1,0
BRDA:63,9,0,0
BRDA:63,9,1,0
BRDA:63,10,0,0
BRDA:63,10,1,0
BRDA:63,10,2,0
BRDA:72,11,0,0
BRDA:72,11,1,0
BRDA:73,12,0,0
BRDA:73,12,1,0
BRDA:86,13,0,0
BRDA:86,13,1,0
BRF:30
BRH:0
end_of_record
TN:
SF:src\features\posts\hooks\useRealtimeReactions.ts
FN:10,useRealtimeReactions
FN:17,(anonymous_1)
FN:21,(anonymous_2)
FN:33,(anonymous_3)
FN:45,(anonymous_4)
FN:57,(anonymous_5)
FN:69,(anonymous_6)
FN:72,(anonymous_7)
FNF:8
FNH:0
FNDA:0,useRealtimeReactions
FNDA:0,(anonymous_1)
FNDA:0,(anonymous_2)
FNDA:0,(anonymous_3)
FNDA:0,(anonymous_4)
FNDA:0,(anonymous_5)
FNDA:0,(anonymous_6)
FNDA:0,(anonymous_7)
DA:17,0
DA:18,0
DA:19,0
DA:21,0
DA:22,0
DA:23,0
DA:34,0
DA:46,0
DA:58,0
DA:63,0
DA:67,0
DA:69,0
DA:70,0
DA:71,0
DA:72,0
LF:15
LH:0
BRDA:34,0,0,0
BRDA:34,0,1,0
BRDA:34,1,0,0
BRDA:34,1,1,0
BRDA:46,2,0,0
BRDA:46,2,1,0
BRDA:46,3,0,0
BRDA:46,3,1,0
BRDA:58,4,0,0
BRDA:58,4,1,0
BRDA:58,5,0,0
BRDA:58,5,1,0
BRDA:71,6,0,0
BRDA:71,6,1,0
BRF:14
BRH:0
end_of_record
TN:
SF:src\shared\components\AppErrorBoundary.tsx
FN:14,(anonymous_0)
FN:19,(anonymous_1)
FN:23,(anonymous_2)
FN:27,(anonymous_3)
FN:31,(anonymous_4)
FNF:5
FNH:0
FNDA:0,(anonymous_0)
FNDA:0,(anonymous_1)
FNDA:0,(anonymous_2)
FNDA:0,(anonymous_3)
FNDA:0,(anonymous_4)
DA:15,0
DA:16,0
DA:20,0
DA:24,0
DA:27,0
DA:28,0
DA:32,0
DA:33,0
DA:42,0
LF:9
LH:0
BRDA:32,0,0,0
BRDA:32,0,1,0
BRF:2
BRH:0
end_of_record
TN:
SF:src\shared\components\Button.tsx
FN:15,Button
FNF:1
FNH:1
FNDA:8,Button
DA:25,8
DA:27,8
DA:33,8
DA:39,8
DA:45,8
DA:51,8
LF:6
LH:6
BRDA:18,0,0,5
BRDA:19,1,0,8
BRDA:20,2,0,7
BRDA:21,3,0,7
BRDA:25,4,0,8
BRDA:25,4,1,7
BRDA:55,5,0,8
BRDA:55,5,1,8
BRDA:61,6,0,2
BRDA:61,6,1,6
BRDA:64,7,0,1
BRDA:64,7,1,7
BRDA:65,8,0,0
BRDA:65,8,1,1
BRF:14
BRH:13
end_of_record
TN:
SF:src\shared\components\Container.tsx
FN:10,Container
FNF:1
FNH:0
FNDA:0,Container
DA:11,0
DA:13,0
LF:2
LH:0
BRDA:18,0,0,0
BRDA:18,0,1,0
BRF:2
BRH:0
end_of_record
TN:
SF:src\shared\components\ContentEditor.tsx
FN:29,ContentEditor
FN:58,(anonymous_1)
FNF:2
FNH:0
FNDA:0,ContentEditor
FNDA:0,(anonymous_1)
DA:11,0
DA:41,0
DA:50,0
DA:55,0
DA:57,0
DA:58,0
DA:59,0
DA:60,0
DA:61,0
DA:63,0
DA:64,0
DA:68,0
LF:12
LH:0
BRDA:34,0,0,0
BRDA:35,1,0,0
BRDA:37,2,0,0
BRDA:39,3,0,0
BRDA:46,4,0,0
BRDA:46,4,1,0
BRDA:55,5,0,0
BRDA:55,5,1,0
BRDA:59,6,0,0
BRDA:59,6,1,0
BRDA:63,7,0,0
BRDA:63,7,1,0
BRDA:64,8,0,0
BRDA:64,8,1,0
BRDA:74,9,0,0
BRDA:74,9,1,0
BRDA:78,10,0,0
BRDA:78,10,1,0
BRDA:89,11,0,0
BRDA:89,11,1,0
BRDA:93,12,0,0
BRDA:93,12,1,0
BRF:22
BRH:0
end_of_record
TN:
SF:src\shared\components\ErrorView.tsx
FN:10,ErrorView
FNF:1
FNH:1
FNDA:4,ErrorView
DA:11,4
LF:1
LH:1
BRDA:15,0,0,4
BRDA:15,0,1,2
BRF:2
BRH:2
end_of_record
TN:
SF:src\shared\components\FloatingActionButton.tsx
FN:11,FloatingActionButton
FNF:1
FNH:0
FNDA:0,FloatingActionButton
DA:16,0
LF:1
LH:0
BRDA:13,0,0,0
BRDA:14,1,0,0
BRF:2
BRH:0
end_of_record
TN:
SF:src\shared\components\Input.tsx
FN:10,Input
FNF:1
FNH:0
FNDA:0,Input
DA:11,0
LF:1
LH:0
BRDA:13,0,0,0
BRDA:13,0,1,0
BRDA:17,1,0,0
BRDA:17,1,1,0
BRDA:18,2,0,0
BRDA:18,2,1,0
BRDA:25,3,0,0
BRDA:25,3,1,0
BRF:8
BRH:0
end_of_record
TN:
SF:src\shared\components\Loading.tsx
FN:10,Loading
FN:25,SkeletonLoader
FN:28,(anonymous_2)
FNF:3
FNH:3
FNDA:4,Loading
FNDA:1,SkeletonLoader
FNDA:3,(anonymous_2)
DA:11,4
DA:12,1
DA:15,3
DA:26,1
DA:29,3
LF:5
LH:5
BRDA:10,0,0,4
BRDA:10,1,0,3
BRDA:11,2,0,1
BRDA:11,2,1,3
BRDA:20,3,0,3
BRDA:20,3,1,2
BRF:6
BRH:6
end_of_record
TN:
SF:src\shared\components\NetworkBanner.tsx
FN:5,NetworkBanner
FNF:1
FNH:0
FNDA:0,NetworkBanner
DA:6,0
DA:8,0
DA:9,0
DA:12,0
LF:4
LH:0
BRDA:8,0,0,0
BRDA:8,0,1,0
BRF:2
BRH:0
end_of_record
TN:
SF:src\shared\components\ScreenHeader.tsx
FN:15,ScreenHeader
FN:31,(anonymous_1)
FNF:2
FNH:0
FNDA:0,ScreenHeader
FNDA:0,(anonymous_1)
DA:23,0
DA:24,0
DA:26,0
DA:31,0
LF:4
LH:0
BRDA:18,0,0,0
BRDA:19,1,0,0
BRDA:28,2,0,0
BRDA:28,2,1,0
BRDA:29,3,0,0
BRDA:29,3,1,0
BRDA:41,4,0,0
BRDA:41,4,1,0
BRF:8
BRH:0
end_of_record
TN:
SF:src\shared\components\SortTabs.tsx
FN:11,SortTabs
FN:15,(anonymous_1)
FN:29,(anonymous_2)
FNF:3
FNH:0
FNDA:0,SortTabs
FNDA:0,(anonymous_1)
FNDA:0,(anonymous_2)
DA:12,0
DA:15,0
DA:29,0
LF:3
LH:0
BRDA:17,0,0,0
BRDA:17,0,1,0
BRDA:23,1,0,0
BRDA:23,1,1,0
BRDA:31,2,0,0
BRDA:31,2,1,0
BRDA:37,3,0,0
BRDA:37,3,1,0
BRF:8
BRH:0
end_of_record
TN:
SF:src\shared\hooks\useNetworkStatus.ts
FN:4,useNetworkStatus
FN:7,(anonymous_1)
FNF:2
FNH:0
FNDA:0,useNetworkStatus
FNDA:0,(anonymous_1)
DA:5,0
DA:7,0
DA:8,0
DA:9,0
DA:10,0
DA:13,0
LF:6
LH:0
BRDA:14,0,0,0
BRDA:14,0,1,0
BRF:2
BRH:0
end_of_record
TN:
SF:src\shared\hooks\useResponsiveLayout.ts
FN:34,useResponsiveLayout
FNF:1
FNH:0
FNDA:0,useResponsiveLayout
DA:4,0
DA:11,0
DA:35,0
DA:37,0
DA:38,0
DA:39,0
DA:41,0
DA:42,0
DA:44,0
LF:9
LH:0
BRDA:41,0,0,0
BRDA:41,0,1,0
BRDA:41,1,0,0
BRDA:41,1,1,0
BRDA:42,2,0,0
BRDA:42,2,1,0
BRF:6
BRH:0
end_of_record
TN:
SF:src\shared\lib\admin.ts
FN:7,checkAppAdmin
FNF:1
FNH:0
FNDA:0,checkAppAdmin
DA:8,0
DA:10,0
DA:16,0
DA:17,0
DA:18,0
DA:21,0
LF:6
LH:0
BRDA:8,0,0,0
BRDA:8,0,1,0
BRDA:16,1,0,0
BRDA:16,1,1,0
BRF:4
BRH:0
end_of_record
TN:
SF:src\shared\lib\anonymous.ts
FN:21,hashString
FN:29,generateAlias
FN:38,resolveDisplayName
FN:50,(anonymous_3)
FN:55,(anonymous_4)
FNF:5
FNH:0
FNDA:0,hashString
FNDA:0,generateAlias
FNDA:0,resolveDisplayName
FNDA:0,(anonymous_3)
FNDA:0,(anonymous_4)
DA:18,0
DA:19,0
DA:22,0
DA:23,0
DA:24,0
DA:26,0
DA:30,0
DA:31,0
DA:32,0
DA:33,0
DA:34,0
DA:35,0
DA:39,0
DA:40,0
DA:43,0
DA:50,0
DA:55,0
DA:60,0
DA:62,0
DA:64,0
DA:67,0
DA:68,0
DA:70,0
LF:23
LH:0
BRDA:30,0,0,0
BRDA:30,0,1,0
BRDA:43,1,0,0
BRDA:43,1,1,0
BRDA:43,2,0,0
BRDA:43,2,1,0
BRDA:45,3,0,0
BRDA:45,3,1,0
BRDA:45,4,0,0
BRDA:45,4,1,0
BRDA:47,5,0,0
BRDA:47,5,1,0
BRDA:57,6,0,0
BRDA:57,6,1,0
BRDA:57,7,0,0
BRDA:57,7,1,0
BRDA:60,8,0,0
BRDA:60,8,1,0
BRDA:60,8,2,0
BRDA:60,8,3,0
BRDA:67,9,0,0
BRDA:67,9,1,0
BRDA:67,10,0,0
BRDA:67,10,1,0
BRDA:67,10,2,0
BRF:25
BRH:0
end_of_record
TN:
SF:src\shared\lib\api.ts
FN:24,(anonymous_0)
FN:34,(anonymous_1)
FN:44,(anonymous_2)
FN:71,(anonymous_3)
FN:83,(anonymous_4)
FN:91,(anonymous_5)
FN:113,(anonymous_6)
FN:116,(anonymous_7)
FN:124,(anonymous_8)
FN:139,(anonymous_9)
FN:184,(anonymous_10)
FN:198,(anonymous_11)
FN:219,(anonymous_12)
FN:238,(anonymous_13)
FN:280,(anonymous_14)
FN:300,(anonymous_15)
FN:314,(anonymous_16)
FN:327,(anonymous_17)
FN:372,(anonymous_18)
FNF:19
FNH:5
FNDA:1,(anonymous_0)
FNDA:0,(anonymous_1)
FNDA:2,(anonymous_2)
FNDA:1,(anonymous_3)
FNDA:0,(anonymous_4)
FNDA:0,(anonymous_5)
FNDA:0,(anonymous_6)
FNDA:0,(anonymous_7)
FNDA:0,(anonymous_8)
FNDA:1,(anonymous_9)
FNDA:0,(anonymous_10)
FNDA:0,(anonymous_11)
FNDA:0,(anonymous_12)
FNDA:0,(anonymous_13)
FNDA:0,(anonymous_14)
FNDA:0,(anonymous_15)
FNDA:0,(anonymous_16)
FNDA:0,(anonymous_17)
FNDA:2,(anonymous_18)
DA:30,1
DA:31,1
DA:35,0
DA:36,0
DA:37,0
DA:38,0
DA:39,0
DA:43,2
DA:49,2
DA:50,2
DA:52,2
DA:58,2
DA:60,2
DA:61,1
DA:62,1
DA:65,1
DA:71,1
DA:77,1
DA:78,1
DA:80,1
DA:83,0
DA:87,1
DA:96,0
DA:97,0
DA:99,0
DA:100,0
DA:107,0
DA:108,0
DA:109,0
DA:112,0
DA:113,0
DA:114,0
DA:115,0
DA:116,0
DA:120,0
DA:125,0
DA:127,0
DA:128,0
DA:136,0
DA:142,1
DA:144,1
DA:145,0
DA:148,1
DA:149,1
DA:151,1
DA:158,1
DA:160,1
DA:161,1
DA:164,0
DA:165,0
DA:166,0
DA:169,0
DA:171,0
DA:172,0
DA:173,0
DA:181,0
DA:185,0
DA:187,0
DA:188,0
DA:189,0
DA:199,0
DA:206,0
DA:207,0
DA:208,0
DA:216,0
DA:224,0
DA:231,0
DA:232,0
DA:235,0
DA:244,0
DA:246,0
DA:247,0
DA:250,0
DA:251,0
DA:253,0
DA:267,0
DA:268,0
DA:269,0
DA:277,0
DA:281,0
DA:288,0
DA:289,0
DA:297,0
DA:301,0
DA:303,0
DA:304,0
DA:305,0
DA:315,0
DA:320,0
DA:321,0
DA:324,0
DA:331,0
DA:333,0
DA:342,0
DA:343,0
DA:350,0
DA:351,0
DA:354,0
DA:356,0
DA:362,0
DA:363,0
DA:366,0
DA:369,0
DA:373,2
DA:374,2
DA:375,2
DA:376,1
DA:378,0
LF:108
LH:28
BRDA:35,0,0,0
BRDA:35,0,1,0
BRDA:36,1,0,0
BRDA:36,1,1,0
BRDA:37,2,0,0
BRDA:37,2,1,0
BRDA:38,3,0,0
BRDA:38,3,1,0
BRDA:45,4,0,0
BRDA:46,5,0,0
BRDA:47,6,0,0
BRDA:49,7,0,0
BRDA:49,7,1,2
BRDA:50,8,0,0
BRDA:50,8,1,2
BRDA:54,9,0,2
BRDA:54,9,1,0
BRDA:60,10,0,1
BRDA:60,10,1,1
BRDA:65,11,0,1
BRDA:65,11,1,0
BRDA:80,12,0,0
BRDA:80,12,1,1
BRDA:82,13,0,0
BRDA:82,13,1,1
BRDA:83,14,0,0
BRDA:83,14,1,0
BRDA:84,15,0,0
BRDA:84,15,1,1
BRDA:93,16,0,0
BRDA:94,17,0,0
BRDA:97,18,0,0
BRDA:97,18,1,0
BRDA:107,19,0,0
BRDA:107,19,1,0
BRDA:112,20,0,0
BRDA:112,20,1,0
BRDA:115,21,0,0
BRDA:115,21,1,0
BRDA:116,22,0,0
BRDA:116,22,1,0
BRDA:117,23,0,0
BRDA:117,23,1,0
BRDA:127,24,0,0
BRDA:127,24,1,0
BRDA:129,25,0,0
BRDA:129,25,1,0
BRDA:144,26,0,0
BRDA:144,26,1,1
BRDA:148,27,0,1
BRDA:148,27,1,1
BRDA:149,28,0,1
BRDA:149,28,1,1
BRDA:149,29,0,1
BRDA:149,29,1,0
BRDA:160,30,0,1
BRDA:160,30,1,0
BRDA:164,31,0,0
BRDA:164,31,1,0
BRDA:171,32,0,0
BRDA:171,32,1,0
BRDA:174,33,0,0
BRDA:174,33,1,0
BRDA:187,34,0,0
BRDA:187,34,1,0
BRDA:190,35,0,0
BRDA:190,35,1,0
BRDA:206,36,0,0
BRDA:206,36,1,0
BRDA:209,37,0,0
BRDA:209,37,1,0
BRDA:221,38,0,0
BRDA:222,39,0,0
BRDA:231,40,0,0
BRDA:231,40,1,0
BRDA:235,41,0,0
BRDA:235,41,1,0
BRDA:246,42,0,0
BRDA:246,42,1,0
BRDA:250,43,0,0
BRDA:250,43,1,0
BRDA:251,44,0,0
BRDA:251,44,1,0
BRDA:251,45,0,0
BRDA:251,45,1,0
BRDA:267,46,0,0
BRDA:267,46,1,0
BRDA:270,47,0,0
BRDA:270,47,1,0
BRDA:288,48,0,0
BRDA:288,48,1,0
BRDA:290,49,0,0
BRDA:290,49,1,0
BRDA:303,50,0,0
BRDA:303,50,1,0
BRDA:306,51,0,0
BRDA:306,51,1,0
BRDA:320,52,0,0
BRDA:320,52,1,0
BRDA:324,53,0,0
BRDA:324,53,1,0
BRDA:342,54,0,0
BRDA:342,54,1,0
BRDA:350,55,0,0
BRDA:350,55,1,0
BRDA:362,56,0,0
BRDA:362,56,1,0
BRDA:375,57,0,1
BRDA:375,57,1,1
BRF:109
BRH:18
end_of_record
TN:
SF:src\shared\lib\errors.ts
FN:1,toFriendlyErrorMessage
FNF:1
FNH:0
FNDA:0,toFriendlyErrorMessage
DA:2,0
DA:3,0
DA:6,0
DA:7,0
DA:8,0
DA:9,0
DA:13,0
LF:7
LH:0
BRDA:2,0,0,0
BRDA:2,0,1,0
BRDA:3,1,0,0
BRDA:3,1,1,0
BRDA:6,2,0,0
BRDA:6,2,1,0
BRDA:6,3,0,0
BRDA:6,3,1,0
BRDA:6,3,2,0
BRDA:8,4,0,0
BRDA:8,4,1,0
BRDA:8,5,0,0
BRDA:8,5,1,0
BRF:13
BRH:0
end_of_record
TN:
SF:src\shared\lib\queryClient.ts
FNF:0
FNH:0
DA:5,0
DA:10,0
LF:2
LH:0
BRF:0
BRH:0
end_of_record
TN:
SF:src\shared\lib\storage.ts
FN:7,(anonymous_0)
FN:16,(anonymous_1)
FN:26,(anonymous_2)
FNF:3
FNH:0
FNDA:0,(anonymous_0)
FNDA:0,(anonymous_1)
FNDA:0,(anonymous_2)
DA:3,0
DA:5,0
DA:8,0
DA:9,0
DA:11,0
DA:17,0
DA:18,0
DA:20,0
DA:21,0
DA:27,0
DA:28,0
DA:30,0
LF:12
LH:0
BRF:0
BRH:0
end_of_record
TN:
SF:src\shared\lib\supabase.ts
FNF:0
FNH:0
DA:5,1
DA:8,1
DA:10,1
DA:11,0
DA:17,1
LF:5
LH:4
BRDA:5,0,0,1
BRDA:5,0,1,1
BRDA:8,1,0,1
BRDA:8,1,1,1
BRDA:10,2,0,0
BRDA:10,2,1,1
BRDA:10,3,0,1
BRDA:10,3,1,1
BRF:8
BRH:7
end_of_record
TN:
SF:src\shared\utils\format.ts
FN:10,formatDate
FN:28,truncateText
FN:33,formatReactionCount
FNF:3
FNH:3
FNDA:7,formatDate
FNDA:4,truncateText
FNDA:6,formatReactionCount
DA:11,7
DA:12,7
DA:13,7
DA:14,7
DA:15,7
DA:17,7
DA:18,6
DA:19,5
DA:20,4
DA:22,3
DA:23,1
DA:25,2
DA:29,4
DA:30,2
DA:34,6
DA:35,4
DA:36,2
LF:17
LH:17
BRDA:17,0,0,1
BRDA:17,0,1,6
BRDA:18,1,0,1
BRDA:18,1,1,5
BRDA:19,2,0,1
BRDA:19,2,1,4
BRDA:20,3,0,1
BRDA:20,3,1,3
BRDA:22,4,0,1
BRDA:22,4,1,2
BRDA:29,5,0,2
BRDA:29,5,1,2
BRDA:34,6,0,2
BRDA:34,6,1,4
BRDA:35,7,0,2
BRDA:35,7,1,2
BRF:16
BRH:16
end_of_record
TN:
SF:src\shared\utils\html.ts
FN:6,stripHtml
FN:15,getExcerpt
FN:23,isLikelyHtml
FNF:3
FNH:3
FNDA:21,stripHtml
FNDA:9,getExcerpt
FNDA:6,isLikelyHtml
DA:7,21
DA:8,19
DA:16,9
DA:17,9
DA:18,6
DA:19,3
DA:24,6
DA:25,5
LF:8
LH:8
BRDA:7,0,0,2
BRDA:7,0,1,19
BRDA:7,1,0,21
BRDA:7,1,1,19
BRDA:16,2,0,9
BRDA:16,2,1,0
BRDA:17,3,0,3
BRDA:17,3,1,6
BRDA:18,4,0,3
BRDA:18,4,1,3
BRDA:24,5,0,1
BRDA:24,5,1,5
BRDA:24,6,0,6
BRDA:24,6,1,5
BRF:14
BRH:13
end_of_record
TN:
SF:src\shared\utils\logger.ts
FN:10,(anonymous_0)
FN:13,(anonymous_1)
FN:16,(anonymous_2)
FN:19,(anonymous_3)
FNF:4
FNH:1
FNDA:0,(anonymous_0)
FNDA:1,(anonymous_1)
FNDA:0,(anonymous_2)
FNDA:0,(anonymous_3)
DA:7,2
DA:9,2
DA:11,0
DA:14,1
DA:17,0
DA:20,0
LF:6
LH:3
BRDA:11,0,0,0
BRDA:11,0,1,0
BRDA:14,1,0,1
BRDA:14,1,1,0
BRDA:17,2,0,0
BRDA:17,2,1,0
BRDA:20,3,0,0
BRDA:20,3,1,0
BRF:8
BRH:1
end_of_record
TN:
SF:src\shared\utils\validate.ts
FN:10,validatePostTitle
FN:20,validatePostContent
FN:34,validateAuthor
FN:44,validateCommentContent
FNF:4
FNH:4
FNDA:5,validatePostTitle
FNDA:8,validatePostContent
FNDA:3,validateAuthor
FNDA:3,validateCommentContent
DA:11,5
DA:12,2
DA:14,3
DA:15,1
DA:17,2
DA:21,8
DA:22,1
DA:24,7
DA:25,7
DA:26,3
DA:28,4
DA:29,1
DA:31,3
DA:35,3
DA:36,1
DA:38,2
DA:39,1
DA:41,1
DA:45,3
DA:46,1
DA:48,2
DA:49,1
DA:51,1
LF:23
LH:23
BRDA:11,0,0,2
BRDA:11,0,1,3
BRDA:14,1,0,1
BRDA:14,1,1,2
BRDA:21,2,0,1
BRDA:21,2,1,7
BRDA:25,3,0,3
BRDA:25,3,1,4
BRDA:28,4,0,1
BRDA:28,4,1,3
BRDA:35,5,0,1
BRDA:35,5,1,2
BRDA:38,6,0,1
BRDA:38,6,1,1
BRDA:45,7,0,1
BRDA:45,7,1,2
BRDA:48,8,0,1
BRDA:48,8,1,1
BRF:18
BRH:18
end_of_record
TN:
SF:src\types\index.ts
FN:98,isPost
FN:113,isComment
FNF:2
FNH:2
FNDA:6,isPost
FNDA:4,isComment
DA:99,6
DA:100,5
DA:101,5
DA:114,4
DA:115,3
DA:116,3
LF:6
LH:6
BRDA:99,0,0,1
BRDA:99,0,1,5
BRDA:99,1,0,6
BRDA:99,1,1,6
BRDA:102,2,0,5
BRDA:102,2,1,3
BRDA:102,2,2,2
BRDA:102,2,3,2
BRDA:102,2,4,2
BRDA:102,2,5,1
BRDA:102,2,6,1
BRDA:102,2,7,1
BRDA:114,3,0,1
BRDA:114,3,1,3
BRDA:114,4,0,4
BRDA:114,4,1,4
BRDA:117,5,0,3
BRDA:117,5,1,3
BRDA:117,5,2,2
BRDA:117,5,3,1
BRDA:117,5,4,1
BRDA:117,5,5,1
BRDA:117,5,6,1
BRDA:117,5,7,1
BRF:24
BRH:24
end_of_record
